[ 2015-09-09T14:05:00+08:00 ] 127.0.0.1 /
INFO: [ app_init ] --START--
INFO: Run Behavior\BuildLiteBehavior [ RunTime:0.000000s ]
INFO: [ app_init ] --END-- [ RunTime:0.010001s ]
INFO: [ app_begin ] --START--
INFO: Run Behavior\ReadHtmlCacheBehavior [ RunTime:0.011000s ]
INFO: [ app_begin ] --END-- [ RunTime:0.011000s ]
SQL: SHOW COLUMNS FROM `file` [ RunTime:0.2380s ]
SQL: SELECT COUNT(*) AS tp_count FROM `file` LIMIT 1   [ RunTime:0.0730s ]
SQL: SELECT * FROM `file` ORDER BY createtime LIMIT 0,25   [ RunTime:0.0270s ]
NOTIC: [8] Undefined variable: show W:\wwwroot\Application\Home\Controller\IndexController.class.php 第 15 行.
INFO: [ view_parse ] --START--
INFO: [ template_filter ] --START--
INFO: Run Behavior\ContentReplaceBehavior [ RunTime:0.000000s ]
INFO: [ template_filter ] --END-- [ RunTime:0.000000s ]
INFO: Run Behavior\ParseTemplateBehavior [ RunTime:0.409023s ]
INFO: [ view_parse ] --END-- [ RunTime:0.409023s ]
INFO: [ view_filter ] --START--
INFO: Run Behavior\WriteHtmlCacheBehavior [ RunTime:0.100006s ]
INFO: [ view_filter ] --END-- [ RunTime:0.100006s ]
INFO: [ app_end ] --START--
INFO: Run Behavior\ShowPageTraceBehavior [ RunTime:0.091005s ]
INFO: [ app_end ] --END-- [ RunTime:0.091005s ]

[ 2015-09-09T17:34:13+08:00 ] 127.0.0.1 /
INFO: [ app_init ] --START--
INFO: Run Behavior\BuildLiteBehavior [ RunTime:0.000000s ]
INFO: [ app_init ] --END-- [ RunTime:0.000000s ]
INFO: [ app_begin ] --START--
INFO: Run Behavior\ReadHtmlCacheBehavior [ RunTime:0.031200s ]
INFO: [ app_begin ] --END-- [ RunTime:0.031200s ]
SQL: SHOW COLUMNS FROM `file` [ RunTime:0.1560s ]
SQL: SELECT COUNT(*) AS tp_count FROM `file` LIMIT 1   [ RunTime:0.0156s ]
SQL: SELECT * FROM `file` ORDER BY createtime LIMIT 0,25   [ RunTime:0.0000s ]
NOTIC: [8] Undefined variable: show W:\wwwroot\Application\Home\Controller\IndexController.class.php 第 15 行.
INFO: [ view_parse ] --START--
INFO: [ template_filter ] --START--
INFO: Run Behavior\ContentReplaceBehavior [ RunTime:0.000000s ]
INFO: [ template_filter ] --END-- [ RunTime:0.000000s ]
INFO: Run Behavior\ParseTemplateBehavior [ RunTime:0.093601s ]
INFO: [ view_parse ] --END-- [ RunTime:0.093601s ]
INFO: [ view_filter ] --START--
INFO: Run Behavior\WriteHtmlCacheBehavior [ RunTime:0.046800s ]
INFO: [ view_filter ] --END-- [ RunTime:0.046800s ]
INFO: [ app_end ] --START--
INFO: Run Behavior\ShowPageTraceBehavior [ RunTime:0.093600s ]
INFO: [ app_end ] --END-- [ RunTime:0.093600s ]

[ 2015-09-09T17:34:17+08:00 ] 127.0.0.1 /index.php/Home/Report/show/md5/c2ebbb482bb09dccdefc522f732c339c
INFO: [ app_init ] --START--
INFO: Run Behavior\BuildLiteBehavior [ RunTime:0.000000s ]
INFO: [ app_init ] --END-- [ RunTime:0.001000s ]
INFO: [ app_begin ] --START--
INFO: Run Behavior\ReadHtmlCacheBehavior [ RunTime:0.001000s ]
INFO: [ app_begin ] --END-- [ RunTime:0.001000s ]
NOTIC: [2048] Declaration of Home\Controller\ReportController::show() should be compatible with Think\Controller::show($content, $charset = '', $contentType = '', $prefix = '') W:\wwwroot\Application\Home\Controller\ReportController.class.php 第 90 行.
SQL: SHOW COLUMNS FROM `file` [ RunTime:0.0020s ]
SQL: SELECT * FROM `file` WHERE `md5` = 'c2ebbb482bb09dccdefc522f732c339c' LIMIT 1   [ RunTime:0.0300s ]
SQL: SHOW COLUMNS FROM `analysis` [ RunTime:0.0870s ]
SQL: SHOW COLUMNS FROM `risk` [ RunTime:0.0420s ]
SQL: SELECT Analysis.id AS id,Analysis.fileid AS fileid,Analysis.result AS result,Analysis.verdict AS verdict,Risk.id AS risk_id,Risk.class AS class,Risk.riskname AS riskname,Risk.risklevel AS risklevel,Risk.riskdetail AS riskdetail,Risk.fixes AS fixes FROM analysis Analysis  JOIN risk Risk ON Analysis.riskid=Risk.id WHERE Analysis.fileid = '12' AND Risk.class = 1 ORDER BY Risk.risklevel desc  [ RunTime:0.0070s ]
SQL: SELECT Analysis.id AS id,Analysis.fileid AS fileid,Analysis.result AS result,Analysis.verdict AS verdict,Risk.id AS risk_id,Risk.class AS class,Risk.riskname AS riskname,Risk.risklevel AS risklevel,Risk.riskdetail AS riskdetail,Risk.fixes AS fixes FROM analysis Analysis  JOIN risk Risk ON Analysis.riskid=Risk.id WHERE Analysis.fileid = '12' AND Risk.class = 2 ORDER BY Risk.risklevel desc  [ RunTime:0.0030s ]
SQL: SELECT Analysis.id AS id,Analysis.fileid AS fileid,Analysis.result AS result,Analysis.verdict AS verdict,Risk.id AS risk_id,Risk.class AS class,Risk.riskname AS riskname,Risk.risklevel AS risklevel,Risk.riskdetail AS riskdetail,Risk.fixes AS fixes FROM analysis Analysis  JOIN risk Risk ON Analysis.riskid=Risk.id WHERE Analysis.fileid = '12' AND Risk.class = 3 ORDER BY Risk.risklevel desc  [ RunTime:0.0050s ]
INFO: [ view_parse ] --START--
INFO: [ template_filter ] --START--
INFO: Run Behavior\ContentReplaceBehavior [ RunTime:0.000000s ]
INFO: [ template_filter ] --END-- [ RunTime:0.000000s ]
INFO: Run Behavior\ParseTemplateBehavior [ RunTime:0.037002s ]
INFO: [ view_parse ] --END-- [ RunTime:0.038002s ]
INFO: [ view_filter ] --START--
INFO: Run Behavior\WriteHtmlCacheBehavior [ RunTime:0.000000s ]
INFO: [ view_filter ] --END-- [ RunTime:0.000000s ]
INFO: [ app_end ] --START--
INFO: Run Behavior\ShowPageTraceBehavior [ RunTime:0.000000s ]
INFO: [ app_end ] --END-- [ RunTime:0.000000s ]

[ 2015-09-09T17:34:23+08:00 ] 127.0.0.1 /index.php/Home/Report/show/md5/f417d3986c33c38c6f88683f15d994ca
INFO: [ app_init ] --START--
INFO: Run Behavior\BuildLiteBehavior [ RunTime:0.000000s ]
INFO: [ app_init ] --END-- [ RunTime:0.000000s ]
INFO: [ app_begin ] --START--
INFO: Run Behavior\ReadHtmlCacheBehavior [ RunTime:0.000000s ]
INFO: [ app_begin ] --END-- [ RunTime:0.000000s ]
NOTIC: [2048] Declaration of Home\Controller\ReportController::show() should be compatible with Think\Controller::show($content, $charset = '', $contentType = '', $prefix = '') W:\wwwroot\Application\Home\Controller\ReportController.class.php 第 90 行.
SQL: SHOW COLUMNS FROM `file` [ RunTime:0.0020s ]
SQL: SELECT * FROM `file` WHERE `md5` = 'f417d3986c33c38c6f88683f15d994ca' LIMIT 1   [ RunTime:0.0000s ]
SQL: SHOW COLUMNS FROM `analysis` [ RunTime:0.0030s ]
SQL: SHOW COLUMNS FROM `risk` [ RunTime:0.0030s ]
SQL: SELECT Analysis.id AS id,Analysis.fileid AS fileid,Analysis.result AS result,Analysis.verdict AS verdict,Risk.id AS risk_id,Risk.class AS class,Risk.riskname AS riskname,Risk.risklevel AS risklevel,Risk.riskdetail AS riskdetail,Risk.fixes AS fixes FROM analysis Analysis  JOIN risk Risk ON Analysis.riskid=Risk.id WHERE Analysis.fileid = '13' AND Risk.class = 1 ORDER BY Risk.risklevel desc  [ RunTime:0.0020s ]
SQL: SELECT Analysis.id AS id,Analysis.fileid AS fileid,Analysis.result AS result,Analysis.verdict AS verdict,Risk.id AS risk_id,Risk.class AS class,Risk.riskname AS riskname,Risk.risklevel AS risklevel,Risk.riskdetail AS riskdetail,Risk.fixes AS fixes FROM analysis Analysis  JOIN risk Risk ON Analysis.riskid=Risk.id WHERE Analysis.fileid = '13' AND Risk.class = 2 ORDER BY Risk.risklevel desc  [ RunTime:0.0020s ]
SQL: SELECT Analysis.id AS id,Analysis.fileid AS fileid,Analysis.result AS result,Analysis.verdict AS verdict,Risk.id AS risk_id,Risk.class AS class,Risk.riskname AS riskname,Risk.risklevel AS risklevel,Risk.riskdetail AS riskdetail,Risk.fixes AS fixes FROM analysis Analysis  JOIN risk Risk ON Analysis.riskid=Risk.id WHERE Analysis.fileid = '13' AND Risk.class = 3 ORDER BY Risk.risklevel desc  [ RunTime:0.0010s ]
INFO: [ view_parse ] --START--
INFO: [ template_filter ] --START--
INFO: Run Behavior\ContentReplaceBehavior [ RunTime:0.000000s ]
INFO: [ template_filter ] --END-- [ RunTime:0.000000s ]
INFO: Run Behavior\ParseTemplateBehavior [ RunTime:0.019001s ]
INFO: [ view_parse ] --END-- [ RunTime:0.019001s ]
INFO: [ view_filter ] --START--
INFO: Run Behavior\WriteHtmlCacheBehavior [ RunTime:0.000000s ]
INFO: [ view_filter ] --END-- [ RunTime:0.000000s ]
INFO: [ app_end ] --START--
INFO: Run Behavior\ShowPageTraceBehavior [ RunTime:0.001000s ]
INFO: [ app_end ] --END-- [ RunTime:0.001000s ]

[ 2015-09-09T18:32:36+08:00 ] 127.0.0.1 /index.php/Home/Report/show/md5/c2ebbb482bb09dccdefc522f732c339c
INFO: [ app_init ] --START--
INFO: Run Behavior\BuildLiteBehavior [ RunTime:0.000000s ]
INFO: [ app_init ] --END-- [ RunTime:0.001000s ]
INFO: [ app_begin ] --START--
INFO: Run Behavior\ReadHtmlCacheBehavior [ RunTime:0.001000s ]
INFO: [ app_begin ] --END-- [ RunTime:0.001000s ]
NOTIC: [2048] Declaration of Home\Controller\ReportController::show() should be compatible with Think\Controller::show($content, $charset = '', $contentType = '', $prefix = '') W:\wwwroot\Application\Home\Controller\ReportController.class.php 第 90 行.
SQL: SHOW COLUMNS FROM `file` [ RunTime:0.0030s ]
SQL: SELECT * FROM `file` WHERE `md5` = 'c2ebbb482bb09dccdefc522f732c339c' LIMIT 1   [ RunTime:0.0010s ]
SQL: SHOW COLUMNS FROM `analysis` [ RunTime:0.0020s ]
SQL: SHOW COLUMNS FROM `risk` [ RunTime:0.0020s ]
SQL: SELECT Analysis.id AS id,Analysis.fileid AS fileid,Analysis.result AS result,Analysis.verdict AS verdict,Risk.id AS risk_id,Risk.class AS class,Risk.riskname AS riskname,Risk.risklevel AS risklevel,Risk.riskdetail AS riskdetail,Risk.fixes AS fixes FROM analysis Analysis  JOIN risk Risk ON Analysis.riskid=Risk.id WHERE Analysis.fileid = '12' AND Risk.class = 1 ORDER BY Risk.risklevel desc  [ RunTime:0.0030s ]
SQL: SELECT Analysis.id AS id,Analysis.fileid AS fileid,Analysis.result AS result,Analysis.verdict AS verdict,Risk.id AS risk_id,Risk.class AS class,Risk.riskname AS riskname,Risk.risklevel AS risklevel,Risk.riskdetail AS riskdetail,Risk.fixes AS fixes FROM analysis Analysis  JOIN risk Risk ON Analysis.riskid=Risk.id WHERE Analysis.fileid = '12' AND Risk.class = 2 ORDER BY Risk.risklevel desc  [ RunTime:0.0020s ]
SQL: SELECT Analysis.id AS id,Analysis.fileid AS fileid,Analysis.result AS result,Analysis.verdict AS verdict,Risk.id AS risk_id,Risk.class AS class,Risk.riskname AS riskname,Risk.risklevel AS risklevel,Risk.riskdetail AS riskdetail,Risk.fixes AS fixes FROM analysis Analysis  JOIN risk Risk ON Analysis.riskid=Risk.id WHERE Analysis.fileid = '12' AND Risk.class = 3 ORDER BY Risk.risklevel desc  [ RunTime:0.0010s ]
INFO: [ view_parse ] --START--
INFO: [ template_filter ] --START--
INFO: Run Behavior\ContentReplaceBehavior [ RunTime:0.001000s ]
INFO: [ template_filter ] --END-- [ RunTime:0.001000s ]
INFO: Run Behavior\ParseTemplateBehavior [ RunTime:0.018001s ]
INFO: [ view_parse ] --END-- [ RunTime:0.018001s ]
INFO: [ view_filter ] --START--
INFO: Run Behavior\WriteHtmlCacheBehavior [ RunTime:0.001000s ]
INFO: [ view_filter ] --END-- [ RunTime:0.001000s ]
INFO: [ app_end ] --START--
INFO: Run Behavior\ShowPageTraceBehavior [ RunTime:0.001000s ]
INFO: [ app_end ] --END-- [ RunTime:0.001000s ]

[ 2015-09-09T18:32:39+08:00 ] 127.0.0.1 /index.php/Home/Report/show/md5/f417d3986c33c38c6f88683f15d994ca
INFO: [ app_init ] --START--
INFO: Run Behavior\BuildLiteBehavior [ RunTime:0.000000s ]
INFO: [ app_init ] --END-- [ RunTime:0.000000s ]
INFO: [ app_begin ] --START--
INFO: Run Behavior\ReadHtmlCacheBehavior [ RunTime:0.001000s ]
INFO: [ app_begin ] --END-- [ RunTime:0.001000s ]
NOTIC: [2048] Declaration of Home\Controller\ReportController::show() should be compatible with Think\Controller::show($content, $charset = '', $contentType = '', $prefix = '') W:\wwwroot\Application\Home\Controller\ReportController.class.php 第 90 行.
SQL: SHOW COLUMNS FROM `file` [ RunTime:0.0020s ]
SQL: SELECT * FROM `file` WHERE `md5` = 'f417d3986c33c38c6f88683f15d994ca' LIMIT 1   [ RunTime:0.0000s ]
SQL: SHOW COLUMNS FROM `analysis` [ RunTime:0.0020s ]
SQL: SHOW COLUMNS FROM `risk` [ RunTime:0.0020s ]
SQL: SELECT Analysis.id AS id,Analysis.fileid AS fileid,Analysis.result AS result,Analysis.verdict AS verdict,Risk.id AS risk_id,Risk.class AS class,Risk.riskname AS riskname,Risk.risklevel AS risklevel,Risk.riskdetail AS riskdetail,Risk.fixes AS fixes FROM analysis Analysis  JOIN risk Risk ON Analysis.riskid=Risk.id WHERE Analysis.fileid = '13' AND Risk.class = 1 ORDER BY Risk.risklevel desc  [ RunTime:0.0020s ]
SQL: SELECT Analysis.id AS id,Analysis.fileid AS fileid,Analysis.result AS result,Analysis.verdict AS verdict,Risk.id AS risk_id,Risk.class AS class,Risk.riskname AS riskname,Risk.risklevel AS risklevel,Risk.riskdetail AS riskdetail,Risk.fixes AS fixes FROM analysis Analysis  JOIN risk Risk ON Analysis.riskid=Risk.id WHERE Analysis.fileid = '13' AND Risk.class = 2 ORDER BY Risk.risklevel desc  [ RunTime:0.0020s ]
SQL: SELECT Analysis.id AS id,Analysis.fileid AS fileid,Analysis.result AS result,Analysis.verdict AS verdict,Risk.id AS risk_id,Risk.class AS class,Risk.riskname AS riskname,Risk.risklevel AS risklevel,Risk.riskdetail AS riskdetail,Risk.fixes AS fixes FROM analysis Analysis  JOIN risk Risk ON Analysis.riskid=Risk.id WHERE Analysis.fileid = '13' AND Risk.class = 3 ORDER BY Risk.risklevel desc  [ RunTime:0.0020s ]
INFO: [ view_parse ] --START--
INFO: [ template_filter ] --START--
INFO: Run Behavior\ContentReplaceBehavior [ RunTime:0.000000s ]
INFO: [ template_filter ] --END-- [ RunTime:0.001000s ]
INFO: Run Behavior\ParseTemplateBehavior [ RunTime:0.019001s ]
INFO: [ view_parse ] --END-- [ RunTime:0.019001s ]
INFO: [ view_filter ] --START--
INFO: Run Behavior\WriteHtmlCacheBehavior [ RunTime:0.000000s ]
INFO: [ view_filter ] --END-- [ RunTime:0.000000s ]
INFO: [ app_end ] --START--
INFO: Run Behavior\ShowPageTraceBehavior [ RunTime:0.000000s ]
INFO: [ app_end ] --END-- [ RunTime:0.000000s ]

[ 2015-09-09T18:32:42+08:00 ] 127.0.0.1 /index.php/Home/Report/show/md5/e4eaa1a25098f10c51de3c72e2550b49
INFO: [ app_init ] --START--
INFO: Run Behavior\BuildLiteBehavior [ RunTime:0.000000s ]
INFO: [ app_init ] --END-- [ RunTime:0.000000s ]
INFO: [ app_begin ] --START--
INFO: Run Behavior\ReadHtmlCacheBehavior [ RunTime:0.000000s ]
INFO: [ app_begin ] --END-- [ RunTime:0.000000s ]
NOTIC: [2048] Declaration of Home\Controller\ReportController::show() should be compatible with Think\Controller::show($content, $charset = '', $contentType = '', $prefix = '') W:\wwwroot\Application\Home\Controller\ReportController.class.php 第 90 行.
SQL: SHOW COLUMNS FROM `file` [ RunTime:0.0020s ]
SQL: SELECT * FROM `file` WHERE `md5` = 'e4eaa1a25098f10c51de3c72e2550b49' LIMIT 1   [ RunTime:0.0010s ]
SQL: SHOW COLUMNS FROM `analysis` [ RunTime:0.0020s ]
SQL: SHOW COLUMNS FROM `risk` [ RunTime:0.0030s ]
SQL: SELECT Analysis.id AS id,Analysis.fileid AS fileid,Analysis.result AS result,Analysis.verdict AS verdict,Risk.id AS risk_id,Risk.class AS class,Risk.riskname AS riskname,Risk.risklevel AS risklevel,Risk.riskdetail AS riskdetail,Risk.fixes AS fixes FROM analysis Analysis  JOIN risk Risk ON Analysis.riskid=Risk.id WHERE Analysis.fileid = '14' AND Risk.class = 1 ORDER BY Risk.risklevel desc  [ RunTime:0.0030s ]
SQL: SELECT Analysis.id AS id,Analysis.fileid AS fileid,Analysis.result AS result,Analysis.verdict AS verdict,Risk.id AS risk_id,Risk.class AS class,Risk.riskname AS riskname,Risk.risklevel AS risklevel,Risk.riskdetail AS riskdetail,Risk.fixes AS fixes FROM analysis Analysis  JOIN risk Risk ON Analysis.riskid=Risk.id WHERE Analysis.fileid = '14' AND Risk.class = 2 ORDER BY Risk.risklevel desc  [ RunTime:0.0020s ]
SQL: SELECT Analysis.id AS id,Analysis.fileid AS fileid,Analysis.result AS result,Analysis.verdict AS verdict,Risk.id AS risk_id,Risk.class AS class,Risk.riskname AS riskname,Risk.risklevel AS risklevel,Risk.riskdetail AS riskdetail,Risk.fixes AS fixes FROM analysis Analysis  JOIN risk Risk ON Analysis.riskid=Risk.id WHERE Analysis.fileid = '14' AND Risk.class = 3 ORDER BY Risk.risklevel desc  [ RunTime:0.0020s ]
INFO: [ view_parse ] --START--
INFO: [ template_filter ] --START--
INFO: Run Behavior\ContentReplaceBehavior [ RunTime:0.000000s ]
INFO: [ template_filter ] --END-- [ RunTime:0.000000s ]
INFO: Run Behavior\ParseTemplateBehavior [ RunTime:0.019001s ]
INFO: [ view_parse ] --END-- [ RunTime:0.019001s ]
INFO: [ view_filter ] --START--
INFO: Run Behavior\WriteHtmlCacheBehavior [ RunTime:0.000000s ]
INFO: [ view_filter ] --END-- [ RunTime:0.000000s ]
INFO: [ app_end ] --START--
INFO: Run Behavior\ShowPageTraceBehavior [ RunTime:0.000000s ]
INFO: [ app_end ] --END-- [ RunTime:0.001000s ]

[ 2015-09-09T18:32:46+08:00 ] 127.0.0.1 /index.php/Home/Report/show/md5/4df3c667705adac358f0773ec6d4c51f
INFO: [ app_init ] --START--
INFO: Run Behavior\BuildLiteBehavior [ RunTime:0.000000s ]
INFO: [ app_init ] --END-- [ RunTime:0.000000s ]
INFO: [ app_begin ] --START--
INFO: Run Behavior\ReadHtmlCacheBehavior [ RunTime:0.000000s ]
INFO: [ app_begin ] --END-- [ RunTime:0.001000s ]
NOTIC: [2048] Declaration of Home\Controller\ReportController::show() should be compatible with Think\Controller::show($content, $charset = '', $contentType = '', $prefix = '') W:\wwwroot\Application\Home\Controller\ReportController.class.php 第 90 行.
SQL: SHOW COLUMNS FROM `file` [ RunTime:0.0020s ]
SQL: SELECT * FROM `file` WHERE `md5` = '4df3c667705adac358f0773ec6d4c51f' LIMIT 1   [ RunTime:0.0000s ]
SQL: SHOW COLUMNS FROM `analysis` [ RunTime:0.0020s ]
SQL: SHOW COLUMNS FROM `risk` [ RunTime:0.0020s ]
SQL: SELECT Analysis.id AS id,Analysis.fileid AS fileid,Analysis.result AS result,Analysis.verdict AS verdict,Risk.id AS risk_id,Risk.class AS class,Risk.riskname AS riskname,Risk.risklevel AS risklevel,Risk.riskdetail AS riskdetail,Risk.fixes AS fixes FROM analysis Analysis  JOIN risk Risk ON Analysis.riskid=Risk.id WHERE Analysis.fileid = '16' AND Risk.class = 1 ORDER BY Risk.risklevel desc  [ RunTime:0.0020s ]
SQL: SELECT Analysis.id AS id,Analysis.fileid AS fileid,Analysis.result AS result,Analysis.verdict AS verdict,Risk.id AS risk_id,Risk.class AS class,Risk.riskname AS riskname,Risk.risklevel AS risklevel,Risk.riskdetail AS riskdetail,Risk.fixes AS fixes FROM analysis Analysis  JOIN risk Risk ON Analysis.riskid=Risk.id WHERE Analysis.fileid = '16' AND Risk.class = 2 ORDER BY Risk.risklevel desc  [ RunTime:0.0020s ]
SQL: SELECT Analysis.id AS id,Analysis.fileid AS fileid,Analysis.result AS result,Analysis.verdict AS verdict,Risk.id AS risk_id,Risk.class AS class,Risk.riskname AS riskname,Risk.risklevel AS risklevel,Risk.riskdetail AS riskdetail,Risk.fixes AS fixes FROM analysis Analysis  JOIN risk Risk ON Analysis.riskid=Risk.id WHERE Analysis.fileid = '16' AND Risk.class = 3 ORDER BY Risk.risklevel desc  [ RunTime:0.0020s ]
INFO: [ view_parse ] --START--
INFO: [ template_filter ] --START--
INFO: Run Behavior\ContentReplaceBehavior [ RunTime:0.000000s ]
INFO: [ template_filter ] --END-- [ RunTime:0.000000s ]
INFO: Run Behavior\ParseTemplateBehavior [ RunTime:0.020001s ]
INFO: [ view_parse ] --END-- [ RunTime:0.020001s ]
INFO: [ view_filter ] --START--
INFO: Run Behavior\WriteHtmlCacheBehavior [ RunTime:0.000000s ]
INFO: [ view_filter ] --END-- [ RunTime:0.000000s ]
INFO: [ app_end ] --START--
INFO: Run Behavior\ShowPageTraceBehavior [ RunTime:0.001000s ]
INFO: [ app_end ] --END-- [ RunTime:0.001000s ]

