[ 2015-09-07T11:39:17+08:00 ] 127.0.0.1 /
INFO: [ app_init ] --START--
INFO: Run Behavior\BuildLiteBehavior [ RunTime:0.000000s ]
INFO: [ app_init ] --END-- [ RunTime:0.014000s ]
INFO: [ app_begin ] --START--
INFO: Run Behavior\ReadHtmlCacheBehavior [ RunTime:0.018001s ]
INFO: [ app_begin ] --END-- [ RunTime:0.019001s ]
SQL: SHOW COLUMNS FROM `file` [ RunTime:0.0050s ]
SQL: SELECT COUNT(*) AS tp_count FROM `file` LIMIT 1   [ RunTime:0.0000s ]
SQL: SELECT * FROM `file` ORDER BY createtime LIMIT 0,25   [ RunTime:0.0010s ]
NOTIC: [8] Undefined variable: show W:\wwwroot\Application\Home\Controller\IndexController.class.php 第 15 行.
INFO: [ view_parse ] --START--
INFO: [ template_filter ] --START--
INFO: Run Behavior\ContentReplaceBehavior [ RunTime:0.000000s ]
INFO: [ template_filter ] --END-- [ RunTime:0.001000s ]
INFO: Run Behavior\ParseTemplateBehavior [ RunTime:0.248014s ]
INFO: [ view_parse ] --END-- [ RunTime:0.248014s ]
INFO: [ view_filter ] --START--
INFO: Run Behavior\WriteHtmlCacheBehavior [ RunTime:0.019001s ]
INFO: [ view_filter ] --END-- [ RunTime:0.019001s ]
INFO: [ app_end ] --START--
INFO: Run Behavior\ShowPageTraceBehavior [ RunTime:0.026001s ]
INFO: [ app_end ] --END-- [ RunTime:0.026001s ]

[ 2015-09-07T11:39:22+08:00 ] 127.0.0.1 /index.php
INFO: [ app_init ] --START--
INFO: Run Behavior\BuildLiteBehavior [ RunTime:0.000000s ]
INFO: [ app_init ] --END-- [ RunTime:0.001000s ]
INFO: [ app_begin ] --START--
INFO: Run Behavior\ReadHtmlCacheBehavior [ RunTime:0.000000s ]
INFO: [ app_begin ] --END-- [ RunTime:0.001000s ]
SQL: SHOW COLUMNS FROM `file` [ RunTime:0.0030s ]
SQL: SELECT COUNT(*) AS tp_count FROM `file` LIMIT 1   [ RunTime:0.0000s ]
SQL: SELECT * FROM `file` ORDER BY createtime LIMIT 0,25   [ RunTime:0.0000s ]
NOTIC: [8] Undefined variable: show W:\wwwroot\Application\Home\Controller\IndexController.class.php 第 15 行.
INFO: [ view_parse ] --START--
INFO: [ template_filter ] --START--
INFO: Run Behavior\ContentReplaceBehavior [ RunTime:0.001000s ]
INFO: [ template_filter ] --END-- [ RunTime:0.001000s ]
INFO: Run Behavior\ParseTemplateBehavior [ RunTime:0.017001s ]
INFO: [ view_parse ] --END-- [ RunTime:0.017001s ]
INFO: [ view_filter ] --START--
INFO: Run Behavior\WriteHtmlCacheBehavior [ RunTime:0.000000s ]
INFO: [ view_filter ] --END-- [ RunTime:0.000000s ]
INFO: [ app_end ] --START--
INFO: Run Behavior\ShowPageTraceBehavior [ RunTime:0.000000s ]
INFO: [ app_end ] --END-- [ RunTime:0.001000s ]

[ 2015-09-07T11:39:24+08:00 ] 127.0.0.1 /index.php/Home/Report/show/md5/c2ebbb482bb09dccdefc522f732c339c
INFO: [ app_init ] --START--
INFO: Run Behavior\BuildLiteBehavior [ RunTime:0.000000s ]
INFO: [ app_init ] --END-- [ RunTime:0.001000s ]
INFO: [ app_begin ] --START--
INFO: Run Behavior\ReadHtmlCacheBehavior [ RunTime:0.001000s ]
INFO: [ app_begin ] --END-- [ RunTime:0.002000s ]
NOTIC: [2048] Declaration of Home\Controller\ReportController::show() should be compatible with Think\Controller::show($content, $charset = '', $contentType = '', $prefix = '') W:\wwwroot\Application\Home\Controller\ReportController.class.php 第 90 行.
SQL: SHOW COLUMNS FROM `file` [ RunTime:0.0030s ]
SQL: SELECT * FROM `file` WHERE `md5` = 'c2ebbb482bb09dccdefc522f732c339c' LIMIT 1   [ RunTime:0.0000s ]
SQL: SHOW COLUMNS FROM `analysis` [ RunTime:0.0030s ]
SQL: SHOW COLUMNS FROM `risk` [ RunTime:0.0030s ]
SQL: SELECT Analysis.id AS id,Analysis.fileid AS fileid,Analysis.result AS result,Analysis.verdict AS verdict,Risk.id AS risk_id,Risk.class AS class,Risk.riskname AS riskname,Risk.risklevel AS risklevel,Risk.riskdetail AS riskdetail,Risk.fixes AS fixes FROM analysis Analysis  JOIN risk Risk ON Analysis.riskid=Risk.id WHERE Analysis.fileid = '12' AND Risk.class = 1 ORDER BY Risk.risklevel desc  [ RunTime:0.0020s ]
SQL: SELECT Analysis.id AS id,Analysis.fileid AS fileid,Analysis.result AS result,Analysis.verdict AS verdict,Risk.id AS risk_id,Risk.class AS class,Risk.riskname AS riskname,Risk.risklevel AS risklevel,Risk.riskdetail AS riskdetail,Risk.fixes AS fixes FROM analysis Analysis  JOIN risk Risk ON Analysis.riskid=Risk.id WHERE Analysis.fileid = '12' AND Risk.class = 2 ORDER BY Risk.risklevel desc  [ RunTime:0.0030s ]
SQL: SELECT Analysis.id AS id,Analysis.fileid AS fileid,Analysis.result AS result,Analysis.verdict AS verdict,Risk.id AS risk_id,Risk.class AS class,Risk.riskname AS riskname,Risk.risklevel AS risklevel,Risk.riskdetail AS riskdetail,Risk.fixes AS fixes FROM analysis Analysis  JOIN risk Risk ON Analysis.riskid=Risk.id WHERE Analysis.fileid = '12' AND Risk.class = 3 ORDER BY Risk.risklevel desc  [ RunTime:0.0020s ]
INFO: [ view_parse ] --START--
INFO: [ template_filter ] --START--
INFO: Run Behavior\ContentReplaceBehavior [ RunTime:0.000000s ]
INFO: [ template_filter ] --END-- [ RunTime:0.000000s ]
INFO: Run Behavior\ParseTemplateBehavior [ RunTime:0.074005s ]
INFO: [ view_parse ] --END-- [ RunTime:0.074005s ]
INFO: [ view_filter ] --START--
INFO: Run Behavior\WriteHtmlCacheBehavior [ RunTime:0.001000s ]
INFO: [ view_filter ] --END-- [ RunTime:0.001000s ]
INFO: [ app_end ] --START--
INFO: Run Behavior\ShowPageTraceBehavior [ RunTime:0.000000s ]
INFO: [ app_end ] --END-- [ RunTime:0.001000s ]

[ 2015-09-07T11:39:39+08:00 ] 127.0.0.1 /
INFO: [ app_init ] --START--
INFO: Run Behavior\BuildLiteBehavior [ RunTime:0.000000s ]
INFO: [ app_init ] --END-- [ RunTime:0.001000s ]
INFO: [ app_begin ] --START--
INFO: Run Behavior\ReadHtmlCacheBehavior [ RunTime:0.000000s ]
INFO: [ app_begin ] --END-- [ RunTime:0.000000s ]
SQL: SHOW COLUMNS FROM `file` [ RunTime:0.0030s ]
SQL: SELECT COUNT(*) AS tp_count FROM `file` LIMIT 1   [ RunTime:0.0010s ]
SQL: SELECT * FROM `file` ORDER BY createtime LIMIT 0,25   [ RunTime:0.0010s ]
NOTIC: [8] Undefined variable: show W:\wwwroot\Application\Home\Controller\IndexController.class.php 第 15 行.
INFO: [ view_parse ] --START--
INFO: [ template_filter ] --START--
INFO: Run Behavior\ContentReplaceBehavior [ RunTime:0.000000s ]
INFO: [ template_filter ] --END-- [ RunTime:0.000000s ]
INFO: Run Behavior\ParseTemplateBehavior [ RunTime:0.012001s ]
INFO: [ view_parse ] --END-- [ RunTime:0.012001s ]
INFO: [ view_filter ] --START--
INFO: Run Behavior\WriteHtmlCacheBehavior [ RunTime:0.000000s ]
INFO: [ view_filter ] --END-- [ RunTime:0.001000s ]
INFO: [ app_end ] --START--
INFO: Run Behavior\ShowPageTraceBehavior [ RunTime:0.000000s ]
INFO: [ app_end ] --END-- [ RunTime:0.000000s ]

[ 2015-09-07T11:40:00+08:00 ] 127.0.0.1 /index.php/Home/Report/log/md5/c2ebbb482bb09dccdefc522f732c339c
INFO: [ app_init ] --START--
INFO: Run Behavior\BuildLiteBehavior [ RunTime:0.000000s ]
INFO: [ app_init ] --END-- [ RunTime:0.001000s ]
INFO: [ app_begin ] --START--
INFO: Run Behavior\ReadHtmlCacheBehavior [ RunTime:0.001000s ]
INFO: [ app_begin ] --END-- [ RunTime:0.001000s ]
NOTIC: [2048] Declaration of Home\Controller\ReportController::show() should be compatible with Think\Controller::show($content, $charset = '', $contentType = '', $prefix = '') W:\wwwroot\Application\Home\Controller\ReportController.class.php 第 90 行.
INFO: [ view_parse ] --START--
INFO: [ template_filter ] --START--
INFO: Run Behavior\ContentReplaceBehavior [ RunTime:0.000000s ]
INFO: [ template_filter ] --END-- [ RunTime:0.000000s ]
INFO: Run Behavior\ParseTemplateBehavior [ RunTime:0.026001s ]
INFO: [ view_parse ] --END-- [ RunTime:0.026001s ]
INFO: [ view_filter ] --START--
INFO: Run Behavior\WriteHtmlCacheBehavior [ RunTime:0.001000s ]
INFO: [ view_filter ] --END-- [ RunTime:0.001000s ]
INFO: [ app_end ] --START--
INFO: Run Behavior\ShowPageTraceBehavior [ RunTime:0.001000s ]
INFO: [ app_end ] --END-- [ RunTime:0.001000s ]

[ 2015-09-07T11:40:44+08:00 ] 127.0.0.1 /index.php/Home/Report/show/md5/c2ebbb482bb09dccdefc522f732c339c
INFO: [ app_init ] --START--
INFO: Run Behavior\BuildLiteBehavior [ RunTime:0.000000s ]
INFO: [ app_init ] --END-- [ RunTime:0.003000s ]
INFO: [ app_begin ] --START--
INFO: Run Behavior\ReadHtmlCacheBehavior [ RunTime:0.012001s ]
INFO: [ app_begin ] --END-- [ RunTime:0.013001s ]
NOTIC: [2048] Declaration of Home\Controller\ReportController::show() should be compatible with Think\Controller::show($content, $charset = '', $contentType = '', $prefix = '') W:\wwwroot\Application\Home\Controller\ReportController.class.php 第 90 行.
SQL: SHOW COLUMNS FROM `file` [ RunTime:0.0030s ]
SQL: SELECT * FROM `file` WHERE `md5` = 'c2ebbb482bb09dccdefc522f732c339c' LIMIT 1   [ RunTime:0.0000s ]
SQL: SHOW COLUMNS FROM `analysis` [ RunTime:0.0040s ]
SQL: SHOW COLUMNS FROM `risk` [ RunTime:0.0040s ]
SQL: SELECT Analysis.id AS id,Analysis.fileid AS fileid,Analysis.result AS result,Analysis.verdict AS verdict,Risk.id AS risk_id,Risk.class AS class,Risk.riskname AS riskname,Risk.risklevel AS risklevel,Risk.riskdetail AS riskdetail,Risk.fixes AS fixes FROM analysis Analysis  JOIN risk Risk ON Analysis.riskid=Risk.id WHERE Analysis.fileid = '12' AND Risk.class = 1 ORDER BY Risk.risklevel desc  [ RunTime:0.0030s ]
SQL: SELECT Analysis.id AS id,Analysis.fileid AS fileid,Analysis.result AS result,Analysis.verdict AS verdict,Risk.id AS risk_id,Risk.class AS class,Risk.riskname AS riskname,Risk.risklevel AS risklevel,Risk.riskdetail AS riskdetail,Risk.fixes AS fixes FROM analysis Analysis  JOIN risk Risk ON Analysis.riskid=Risk.id WHERE Analysis.fileid = '12' AND Risk.class = 2 ORDER BY Risk.risklevel desc  [ RunTime:0.0040s ]
SQL: SELECT Analysis.id AS id,Analysis.fileid AS fileid,Analysis.result AS result,Analysis.verdict AS verdict,Risk.id AS risk_id,Risk.class AS class,Risk.riskname AS riskname,Risk.risklevel AS risklevel,Risk.riskdetail AS riskdetail,Risk.fixes AS fixes FROM analysis Analysis  JOIN risk Risk ON Analysis.riskid=Risk.id WHERE Analysis.fileid = '12' AND Risk.class = 3 ORDER BY Risk.risklevel desc  [ RunTime:0.0030s ]
INFO: [ view_parse ] --START--
INFO: [ template_filter ] --START--
INFO: Run Behavior\ContentReplaceBehavior [ RunTime:0.001000s ]
INFO: [ template_filter ] --END-- [ RunTime:0.001000s ]
INFO: Run Behavior\ParseTemplateBehavior [ RunTime:0.074004s ]
INFO: [ view_parse ] --END-- [ RunTime:0.075004s ]
INFO: [ view_filter ] --START--
INFO: Run Behavior\WriteHtmlCacheBehavior [ RunTime:0.008000s ]
INFO: [ view_filter ] --END-- [ RunTime:0.008000s ]
INFO: [ app_end ] --START--
INFO: Run Behavior\ShowPageTraceBehavior [ RunTime:0.002001s ]
INFO: [ app_end ] --END-- [ RunTime:0.002001s ]

[ 2015-09-07T11:41:49+08:00 ] 127.0.0.1 /index.php/Home/Report/show/md5/c2ebbb482bb09dccdefc522f732c339c
INFO: [ app_init ] --START--
INFO: Run Behavior\BuildLiteBehavior [ RunTime:0.000000s ]
INFO: [ app_init ] --END-- [ RunTime:0.001000s ]
INFO: [ app_begin ] --START--
INFO: Run Behavior\ReadHtmlCacheBehavior [ RunTime:0.007000s ]
INFO: [ app_begin ] --END-- [ RunTime:0.007000s ]
NOTIC: [2048] Declaration of Home\Controller\ReportController::show() should be compatible with Think\Controller::show($content, $charset = '', $contentType = '', $prefix = '') W:\wwwroot\Application\Home\Controller\ReportController.class.php 第 90 行.
SQL: SHOW COLUMNS FROM `file` [ RunTime:0.0050s ]
SQL: SELECT * FROM `file` WHERE `md5` = 'c2ebbb482bb09dccdefc522f732c339c' LIMIT 1   [ RunTime:0.0010s ]
SQL: SHOW COLUMNS FROM `analysis` [ RunTime:0.0040s ]
SQL: SHOW COLUMNS FROM `risk` [ RunTime:0.0040s ]
SQL: SELECT Analysis.id AS id,Analysis.fileid AS fileid,Analysis.result AS result,Analysis.verdict AS verdict,Risk.id AS risk_id,Risk.class AS class,Risk.riskname AS riskname,Risk.risklevel AS risklevel,Risk.riskdetail AS riskdetail,Risk.fixes AS fixes FROM analysis Analysis  JOIN risk Risk ON Analysis.riskid=Risk.id WHERE Analysis.fileid = '12' AND Risk.class = 1 ORDER BY Risk.risklevel desc  [ RunTime:0.0040s ]
SQL: SELECT Analysis.id AS id,Analysis.fileid AS fileid,Analysis.result AS result,Analysis.verdict AS verdict,Risk.id AS risk_id,Risk.class AS class,Risk.riskname AS riskname,Risk.risklevel AS risklevel,Risk.riskdetail AS riskdetail,Risk.fixes AS fixes FROM analysis Analysis  JOIN risk Risk ON Analysis.riskid=Risk.id WHERE Analysis.fileid = '12' AND Risk.class = 2 ORDER BY Risk.risklevel desc  [ RunTime:0.0040s ]
SQL: SELECT Analysis.id AS id,Analysis.fileid AS fileid,Analysis.result AS result,Analysis.verdict AS verdict,Risk.id AS risk_id,Risk.class AS class,Risk.riskname AS riskname,Risk.risklevel AS risklevel,Risk.riskdetail AS riskdetail,Risk.fixes AS fixes FROM analysis Analysis  JOIN risk Risk ON Analysis.riskid=Risk.id WHERE Analysis.fileid = '12' AND Risk.class = 3 ORDER BY Risk.risklevel desc  [ RunTime:0.0040s ]
INFO: [ view_parse ] --START--
INFO: [ template_filter ] --START--
INFO: Run Behavior\ContentReplaceBehavior [ RunTime:0.001001s ]
INFO: [ template_filter ] --END-- [ RunTime:0.001001s ]
INFO: Run Behavior\ParseTemplateBehavior [ RunTime:0.064003s ]
INFO: [ view_parse ] --END-- [ RunTime:0.064003s ]
INFO: [ view_filter ] --START--
INFO: Run Behavior\WriteHtmlCacheBehavior [ RunTime:0.011001s ]
INFO: [ view_filter ] --END-- [ RunTime:0.011001s ]
INFO: [ app_end ] --START--
INFO: Run Behavior\ShowPageTraceBehavior [ RunTime:0.002000s ]
INFO: [ app_end ] --END-- [ RunTime:0.002000s ]

[ 2015-09-07T11:42:14+08:00 ] 127.0.0.1 /index.php
INFO: [ app_init ] --START--
INFO: Run Behavior\BuildLiteBehavior [ RunTime:0.000000s ]
INFO: [ app_init ] --END-- [ RunTime:0.000000s ]
INFO: [ app_begin ] --START--
INFO: Run Behavior\ReadHtmlCacheBehavior [ RunTime:0.001000s ]
INFO: [ app_begin ] --END-- [ RunTime:0.001000s ]
SQL: SHOW COLUMNS FROM `file` [ RunTime:0.0030s ]
SQL: SELECT COUNT(*) AS tp_count FROM `file` LIMIT 1   [ RunTime:0.0000s ]
SQL: SELECT * FROM `file` ORDER BY createtime LIMIT 0,25   [ RunTime:0.0000s ]
NOTIC: [8] Undefined variable: show W:\wwwroot\Application\Home\Controller\IndexController.class.php 第 15 行.
INFO: [ view_parse ] --START--
INFO: [ template_filter ] --START--
INFO: Run Behavior\ContentReplaceBehavior [ RunTime:0.000000s ]
INFO: [ template_filter ] --END-- [ RunTime:0.001000s ]
INFO: Run Behavior\ParseTemplateBehavior [ RunTime:0.016001s ]
INFO: [ view_parse ] --END-- [ RunTime:0.016001s ]
INFO: [ view_filter ] --START--
INFO: Run Behavior\WriteHtmlCacheBehavior [ RunTime:0.000000s ]
INFO: [ view_filter ] --END-- [ RunTime:0.001000s ]
INFO: [ app_end ] --START--
INFO: Run Behavior\ShowPageTraceBehavior [ RunTime:0.001000s ]
INFO: [ app_end ] --END-- [ RunTime:0.001000s ]

[ 2015-09-07T11:42:16+08:00 ] 127.0.0.1 /index.php/Home/Report/show/md5/c2ebbb482bb09dccdefc522f732c339c
INFO: [ app_init ] --START--
INFO: Run Behavior\BuildLiteBehavior [ RunTime:0.000000s ]
INFO: [ app_init ] --END-- [ RunTime:0.001000s ]
INFO: [ app_begin ] --START--
INFO: Run Behavior\ReadHtmlCacheBehavior [ RunTime:0.001000s ]
INFO: [ app_begin ] --END-- [ RunTime:0.001000s ]
NOTIC: [2048] Declaration of Home\Controller\ReportController::show() should be compatible with Think\Controller::show($content, $charset = '', $contentType = '', $prefix = '') W:\wwwroot\Application\Home\Controller\ReportController.class.php 第 90 行.
SQL: SHOW COLUMNS FROM `file` [ RunTime:0.0030s ]
SQL: SELECT * FROM `file` WHERE `md5` = 'c2ebbb482bb09dccdefc522f732c339c' LIMIT 1   [ RunTime:0.0010s ]
SQL: SHOW COLUMNS FROM `analysis` [ RunTime:0.0030s ]
SQL: SHOW COLUMNS FROM `risk` [ RunTime:0.0030s ]
SQL: SELECT Analysis.id AS id,Analysis.fileid AS fileid,Analysis.result AS result,Analysis.verdict AS verdict,Risk.id AS risk_id,Risk.class AS class,Risk.riskname AS riskname,Risk.risklevel AS risklevel,Risk.riskdetail AS riskdetail,Risk.fixes AS fixes FROM analysis Analysis  JOIN risk Risk ON Analysis.riskid=Risk.id WHERE Analysis.fileid = '12' AND Risk.class = 1 ORDER BY Risk.risklevel desc  [ RunTime:0.0030s ]
SQL: SELECT Analysis.id AS id,Analysis.fileid AS fileid,Analysis.result AS result,Analysis.verdict AS verdict,Risk.id AS risk_id,Risk.class AS class,Risk.riskname AS riskname,Risk.risklevel AS risklevel,Risk.riskdetail AS riskdetail,Risk.fixes AS fixes FROM analysis Analysis  JOIN risk Risk ON Analysis.riskid=Risk.id WHERE Analysis.fileid = '12' AND Risk.class = 2 ORDER BY Risk.risklevel desc  [ RunTime:0.0040s ]
SQL: SELECT Analysis.id AS id,Analysis.fileid AS fileid,Analysis.result AS result,Analysis.verdict AS verdict,Risk.id AS risk_id,Risk.class AS class,Risk.riskname AS riskname,Risk.risklevel AS risklevel,Risk.riskdetail AS riskdetail,Risk.fixes AS fixes FROM analysis Analysis  JOIN risk Risk ON Analysis.riskid=Risk.id WHERE Analysis.fileid = '12' AND Risk.class = 3 ORDER BY Risk.risklevel desc  [ RunTime:0.0030s ]
INFO: [ view_parse ] --START--
INFO: [ template_filter ] --START--
INFO: Run Behavior\ContentReplaceBehavior [ RunTime:0.000000s ]
INFO: [ template_filter ] --END-- [ RunTime:0.001000s ]
INFO: Run Behavior\ParseTemplateBehavior [ RunTime:0.021002s ]
INFO: [ view_parse ] --END-- [ RunTime:0.021002s ]
INFO: [ view_filter ] --START--
INFO: Run Behavior\WriteHtmlCacheBehavior [ RunTime:0.000000s ]
INFO: [ view_filter ] --END-- [ RunTime:0.000000s ]
INFO: [ app_end ] --START--
INFO: Run Behavior\ShowPageTraceBehavior [ RunTime:0.000000s ]
INFO: [ app_end ] --END-- [ RunTime:0.001000s ]

[ 2015-09-07T11:42:27+08:00 ] 127.0.0.1 /index.php/Home/Report/log/md5/c2ebbb482bb09dccdefc522f732c339c
INFO: [ app_init ] --START--
INFO: Run Behavior\BuildLiteBehavior [ RunTime:0.000000s ]
INFO: [ app_init ] --END-- [ RunTime:0.001000s ]
INFO: [ app_begin ] --START--
INFO: Run Behavior\ReadHtmlCacheBehavior [ RunTime:0.001000s ]
INFO: [ app_begin ] --END-- [ RunTime:0.002000s ]
NOTIC: [2048] Declaration of Home\Controller\ReportController::show() should be compatible with Think\Controller::show($content, $charset = '', $contentType = '', $prefix = '') W:\wwwroot\Application\Home\Controller\ReportController.class.php 第 90 行.
INFO: [ view_parse ] --START--
INFO: [ template_filter ] --START--
INFO: Run Behavior\ContentReplaceBehavior [ RunTime:0.000000s ]
INFO: [ template_filter ] --END-- [ RunTime:0.000000s ]
INFO: Run Behavior\ParseTemplateBehavior [ RunTime:0.014001s ]
INFO: [ view_parse ] --END-- [ RunTime:0.014001s ]
INFO: [ view_filter ] --START--
INFO: Run Behavior\WriteHtmlCacheBehavior [ RunTime:0.000000s ]
INFO: [ view_filter ] --END-- [ RunTime:0.000000s ]
INFO: [ app_end ] --START--
INFO: Run Behavior\ShowPageTraceBehavior [ RunTime:0.000000s ]
INFO: [ app_end ] --END-- [ RunTime:0.001000s ]

[ 2015-09-07T11:43:20+08:00 ] 127.0.0.1 /index.php/Home/Report/show/md5/c2ebbb482bb09dccdefc522f732c339c
INFO: [ app_init ] --START--
INFO: Run Behavior\BuildLiteBehavior [ RunTime:0.000000s ]
INFO: [ app_init ] --END-- [ RunTime:0.001000s ]
INFO: [ app_begin ] --START--
INFO: Run Behavior\ReadHtmlCacheBehavior [ RunTime:0.001000s ]
INFO: [ app_begin ] --END-- [ RunTime:0.001000s ]
NOTIC: [2048] Declaration of Home\Controller\ReportController::show() should be compatible with Think\Controller::show($content, $charset = '', $contentType = '', $prefix = '') W:\wwwroot\Application\Home\Controller\ReportController.class.php 第 90 行.
SQL: SHOW COLUMNS FROM `file` [ RunTime:0.0020s ]
SQL: SELECT * FROM `file` WHERE `md5` = 'c2ebbb482bb09dccdefc522f732c339c' LIMIT 1   [ RunTime:0.0010s ]
SQL: SHOW COLUMNS FROM `analysis` [ RunTime:0.0020s ]
SQL: SHOW COLUMNS FROM `risk` [ RunTime:0.0030s ]
SQL: SELECT Analysis.id AS id,Analysis.fileid AS fileid,Analysis.result AS result,Analysis.verdict AS verdict,Risk.id AS risk_id,Risk.class AS class,Risk.riskname AS riskname,Risk.risklevel AS risklevel,Risk.riskdetail AS riskdetail,Risk.fixes AS fixes FROM analysis Analysis  JOIN risk Risk ON Analysis.riskid=Risk.id WHERE Analysis.fileid = '12' AND Risk.class = 1 ORDER BY Risk.risklevel desc  [ RunTime:0.0020s ]
SQL: SELECT Analysis.id AS id,Analysis.fileid AS fileid,Analysis.result AS result,Analysis.verdict AS verdict,Risk.id AS risk_id,Risk.class AS class,Risk.riskname AS riskname,Risk.risklevel AS risklevel,Risk.riskdetail AS riskdetail,Risk.fixes AS fixes FROM analysis Analysis  JOIN risk Risk ON Analysis.riskid=Risk.id WHERE Analysis.fileid = '12' AND Risk.class = 2 ORDER BY Risk.risklevel desc  [ RunTime:0.0020s ]
SQL: SELECT Analysis.id AS id,Analysis.fileid AS fileid,Analysis.result AS result,Analysis.verdict AS verdict,Risk.id AS risk_id,Risk.class AS class,Risk.riskname AS riskname,Risk.risklevel AS risklevel,Risk.riskdetail AS riskdetail,Risk.fixes AS fixes FROM analysis Analysis  JOIN risk Risk ON Analysis.riskid=Risk.id WHERE Analysis.fileid = '12' AND Risk.class = 3 ORDER BY Risk.risklevel desc  [ RunTime:0.0020s ]
INFO: [ view_parse ] --START--
INFO: [ template_filter ] --START--
INFO: Run Behavior\ContentReplaceBehavior [ RunTime:0.001000s ]
INFO: [ template_filter ] --END-- [ RunTime:0.001000s ]
INFO: Run Behavior\ParseTemplateBehavior [ RunTime:0.025001s ]
INFO: [ view_parse ] --END-- [ RunTime:0.025001s ]
INFO: [ view_filter ] --START--
INFO: Run Behavior\WriteHtmlCacheBehavior [ RunTime:0.000000s ]
INFO: [ view_filter ] --END-- [ RunTime:0.001000s ]
INFO: [ app_end ] --START--
INFO: Run Behavior\ShowPageTraceBehavior [ RunTime:0.001000s ]
INFO: [ app_end ] --END-- [ RunTime:0.001000s ]

[ 2015-09-07T11:55:04+08:00 ] 127.0.0.1 /index.php
INFO: [ app_init ] --START--
INFO: Run Behavior\BuildLiteBehavior [ RunTime:0.000000s ]
INFO: [ app_init ] --END-- [ RunTime:0.001001s ]
INFO: [ app_begin ] --START--
INFO: Run Behavior\ReadHtmlCacheBehavior [ RunTime:0.001000s ]
INFO: [ app_begin ] --END-- [ RunTime:0.001000s ]
SQL: SHOW COLUMNS FROM `file` [ RunTime:0.0030s ]
SQL: SELECT COUNT(*) AS tp_count FROM `file` LIMIT 1   [ RunTime:0.0000s ]
SQL: SELECT * FROM `file` ORDER BY createtime LIMIT 0,25   [ RunTime:0.0010s ]
NOTIC: [8] Undefined variable: show W:\wwwroot\Application\Home\Controller\IndexController.class.php 第 15 行.
INFO: [ view_parse ] --START--
INFO: [ template_filter ] --START--
INFO: Run Behavior\ContentReplaceBehavior [ RunTime:0.000000s ]
INFO: [ template_filter ] --END-- [ RunTime:0.000000s ]
INFO: Run Behavior\ParseTemplateBehavior [ RunTime:0.028002s ]
INFO: [ view_parse ] --END-- [ RunTime:0.028002s ]
INFO: [ view_filter ] --START--
INFO: Run Behavior\WriteHtmlCacheBehavior [ RunTime:0.001000s ]
INFO: [ view_filter ] --END-- [ RunTime:0.001000s ]
INFO: [ app_end ] --START--
INFO: Run Behavior\ShowPageTraceBehavior [ RunTime:0.001000s ]
INFO: [ app_end ] --END-- [ RunTime:0.001000s ]

[ 2015-09-07T11:55:10+08:00 ] 127.0.0.1 /index.php/Home/Index/upload
INFO: [ app_init ] --START--
INFO: Run Behavior\BuildLiteBehavior [ RunTime:0.000000s ]
INFO: [ app_init ] --END-- [ RunTime:0.000000s ]
INFO: [ app_begin ] --START--
INFO: Run Behavior\ReadHtmlCacheBehavior [ RunTime:0.000000s ]
INFO: [ app_begin ] --END-- [ RunTime:0.000000s ]
NOTIC: [2] call_user_func() expects parameter 1 to be a valid callback, no array or string given W:\wwwroot\ThinkPHP\Library\Think\Upload.class.php 第 170 行.
SQL: SHOW COLUMNS FROM `file` [ RunTime:0.0020s ]
SQL: SELECT * FROM `file` WHERE `md5` = 'f3a11fc0c08c607cb217de79a45fc8a5' LIMIT 1   [ RunTime:0.0000s ]
SQL: INSERT INTO `file` (`name`,`size`,`md5`,`savepath`) VALUES ('1.apk','11.22','f3a11fc0c08c607cb217de79a45fc8a5','/Uploads/2015-09-07/55ed0a9de6328.apk') [ RunTime:0.1690s ]

[ 2015-09-07T11:55:10+08:00 ] 127.0.0.1 /index.php/Home/Index/index.html
INFO: [ app_init ] --START--
INFO: Run Behavior\BuildLiteBehavior [ RunTime:0.000000s ]
INFO: [ app_init ] --END-- [ RunTime:0.001000s ]
INFO: [ app_begin ] --START--
INFO: Run Behavior\ReadHtmlCacheBehavior [ RunTime:0.001000s ]
INFO: [ app_begin ] --END-- [ RunTime:0.001000s ]
SQL: SHOW COLUMNS FROM `file` [ RunTime:0.0030s ]
SQL: SELECT COUNT(*) AS tp_count FROM `file` LIMIT 1   [ RunTime:0.0000s ]
SQL: SELECT * FROM `file` ORDER BY createtime LIMIT 0,25   [ RunTime:0.0000s ]
NOTIC: [8] Undefined variable: show W:\wwwroot\Application\Home\Controller\IndexController.class.php 第 15 行.
INFO: [ view_parse ] --START--
INFO: [ template_filter ] --START--
INFO: Run Behavior\ContentReplaceBehavior [ RunTime:0.000000s ]
INFO: [ template_filter ] --END-- [ RunTime:0.001000s ]
INFO: Run Behavior\ParseTemplateBehavior [ RunTime:0.020001s ]
INFO: [ view_parse ] --END-- [ RunTime:0.020001s ]
INFO: [ view_filter ] --START--
INFO: Run Behavior\WriteHtmlCacheBehavior [ RunTime:0.001000s ]
INFO: [ view_filter ] --END-- [ RunTime:0.001000s ]
INFO: [ app_end ] --START--
INFO: Run Behavior\ShowPageTraceBehavior [ RunTime:0.001000s ]
INFO: [ app_end ] --END-- [ RunTime:0.001000s ]

[ 2015-09-07T11:55:15+08:00 ] 127.0.0.1 /index.php/Home/Index/index.html
INFO: [ app_init ] --START--
INFO: Run Behavior\BuildLiteBehavior [ RunTime:0.000000s ]
INFO: [ app_init ] --END-- [ RunTime:0.000000s ]
INFO: [ app_begin ] --START--
INFO: Run Behavior\ReadHtmlCacheBehavior [ RunTime:0.001000s ]
INFO: [ app_begin ] --END-- [ RunTime:0.001000s ]
SQL: SHOW COLUMNS FROM `file` [ RunTime:0.0030s ]
SQL: SELECT COUNT(*) AS tp_count FROM `file` LIMIT 1   [ RunTime:0.0010s ]
SQL: SELECT * FROM `file` ORDER BY createtime LIMIT 0,25   [ RunTime:0.0000s ]
NOTIC: [8] Undefined variable: show W:\wwwroot\Application\Home\Controller\IndexController.class.php 第 15 行.
INFO: [ view_parse ] --START--
INFO: [ template_filter ] --START--
INFO: Run Behavior\ContentReplaceBehavior [ RunTime:0.000000s ]
INFO: [ template_filter ] --END-- [ RunTime:0.000000s ]
INFO: Run Behavior\ParseTemplateBehavior [ RunTime:0.014000s ]
INFO: [ view_parse ] --END-- [ RunTime:0.014000s ]
INFO: [ view_filter ] --START--
INFO: Run Behavior\WriteHtmlCacheBehavior [ RunTime:0.001000s ]
INFO: [ view_filter ] --END-- [ RunTime:0.001000s ]
INFO: [ app_end ] --START--
INFO: Run Behavior\ShowPageTraceBehavior [ RunTime:0.000000s ]
INFO: [ app_end ] --END-- [ RunTime:0.001001s ]

[ 2015-09-07T11:55:17+08:00 ] 127.0.0.1 /index.php/Home/Index/index.html
INFO: [ app_init ] --START--
INFO: Run Behavior\BuildLiteBehavior [ RunTime:0.000000s ]
INFO: [ app_init ] --END-- [ RunTime:0.002000s ]
INFO: [ app_begin ] --START--
INFO: Run Behavior\ReadHtmlCacheBehavior [ RunTime:0.001000s ]
INFO: [ app_begin ] --END-- [ RunTime:0.002000s ]
SQL: SHOW COLUMNS FROM `file` [ RunTime:0.0030s ]
SQL: SELECT COUNT(*) AS tp_count FROM `file` LIMIT 1   [ RunTime:0.0000s ]
SQL: SELECT * FROM `file` ORDER BY createtime LIMIT 0,25   [ RunTime:0.0010s ]
NOTIC: [8] Undefined variable: show W:\wwwroot\Application\Home\Controller\IndexController.class.php 第 15 行.
INFO: [ view_parse ] --START--
INFO: [ template_filter ] --START--
INFO: Run Behavior\ContentReplaceBehavior [ RunTime:0.001000s ]
INFO: [ template_filter ] --END-- [ RunTime:0.001000s ]
INFO: Run Behavior\ParseTemplateBehavior [ RunTime:0.016001s ]
INFO: [ view_parse ] --END-- [ RunTime:0.017001s ]
INFO: [ view_filter ] --START--
INFO: Run Behavior\WriteHtmlCacheBehavior [ RunTime:0.000000s ]
INFO: [ view_filter ] --END-- [ RunTime:0.000000s ]
INFO: [ app_end ] --START--
INFO: Run Behavior\ShowPageTraceBehavior [ RunTime:0.000000s ]
INFO: [ app_end ] --END-- [ RunTime:0.001000s ]

[ 2015-09-07T11:55:18+08:00 ] 127.0.0.1 /index.php/Home/Index/index.html
INFO: [ app_init ] --START--
INFO: Run Behavior\BuildLiteBehavior [ RunTime:0.000000s ]
INFO: [ app_init ] --END-- [ RunTime:0.000000s ]
INFO: [ app_begin ] --START--
INFO: Run Behavior\ReadHtmlCacheBehavior [ RunTime:0.001001s ]
INFO: [ app_begin ] --END-- [ RunTime:0.001001s ]
SQL: SHOW COLUMNS FROM `file` [ RunTime:0.0020s ]
SQL: SELECT COUNT(*) AS tp_count FROM `file` LIMIT 1   [ RunTime:0.0010s ]
SQL: SELECT * FROM `file` ORDER BY createtime LIMIT 0,25   [ RunTime:0.0000s ]
NOTIC: [8] Undefined variable: show W:\wwwroot\Application\Home\Controller\IndexController.class.php 第 15 行.
INFO: [ view_parse ] --START--
INFO: [ template_filter ] --START--
INFO: Run Behavior\ContentReplaceBehavior [ RunTime:0.000000s ]
INFO: [ template_filter ] --END-- [ RunTime:0.001000s ]
INFO: Run Behavior\ParseTemplateBehavior [ RunTime:0.011000s ]
INFO: [ view_parse ] --END-- [ RunTime:0.011000s ]
INFO: [ view_filter ] --START--
INFO: Run Behavior\WriteHtmlCacheBehavior [ RunTime:0.000000s ]
INFO: [ view_filter ] --END-- [ RunTime:0.001000s ]
INFO: [ app_end ] --START--
INFO: Run Behavior\ShowPageTraceBehavior [ RunTime:0.000000s ]
INFO: [ app_end ] --END-- [ RunTime:0.000000s ]

[ 2015-09-07T11:56:13+08:00 ] 127.0.0.1 /index.php/Home/Index/index.html
INFO: [ app_init ] --START--
INFO: Run Behavior\BuildLiteBehavior [ RunTime:0.000000s ]
INFO: [ app_init ] --END-- [ RunTime:0.001000s ]
INFO: [ app_begin ] --START--
INFO: Run Behavior\ReadHtmlCacheBehavior [ RunTime:0.001000s ]
INFO: [ app_begin ] --END-- [ RunTime:0.001000s ]
SQL: SHOW COLUMNS FROM `file` [ RunTime:0.0020s ]
SQL: SELECT COUNT(*) AS tp_count FROM `file` LIMIT 1   [ RunTime:0.0000s ]
SQL: SELECT * FROM `file` ORDER BY createtime LIMIT 0,25   [ RunTime:0.0000s ]
NOTIC: [8] Undefined variable: show W:\wwwroot\Application\Home\Controller\IndexController.class.php 第 15 行.
INFO: [ view_parse ] --START--
INFO: [ template_filter ] --START--
INFO: Run Behavior\ContentReplaceBehavior [ RunTime:0.000000s ]
INFO: [ template_filter ] --END-- [ RunTime:0.000000s ]
INFO: Run Behavior\ParseTemplateBehavior [ RunTime:0.012001s ]
INFO: [ view_parse ] --END-- [ RunTime:0.012001s ]
INFO: [ view_filter ] --START--
INFO: Run Behavior\WriteHtmlCacheBehavior [ RunTime:0.001000s ]
INFO: [ view_filter ] --END-- [ RunTime:0.001000s ]
INFO: [ app_end ] --START--
INFO: Run Behavior\ShowPageTraceBehavior [ RunTime:0.001000s ]
INFO: [ app_end ] --END-- [ RunTime:0.001000s ]

[ 2015-09-07T11:56:14+08:00 ] 127.0.0.1 /index.php/Home/Index/index.html
INFO: [ app_init ] --START--
INFO: Run Behavior\BuildLiteBehavior [ RunTime:0.000000s ]
INFO: [ app_init ] --END-- [ RunTime:0.001000s ]
INFO: [ app_begin ] --START--
INFO: Run Behavior\ReadHtmlCacheBehavior [ RunTime:0.001000s ]
INFO: [ app_begin ] --END-- [ RunTime:0.001000s ]
SQL: SHOW COLUMNS FROM `file` [ RunTime:0.0030s ]
SQL: SELECT COUNT(*) AS tp_count FROM `file` LIMIT 1   [ RunTime:0.0000s ]
SQL: SELECT * FROM `file` ORDER BY createtime LIMIT 0,25   [ RunTime:0.0000s ]
NOTIC: [8] Undefined variable: show W:\wwwroot\Application\Home\Controller\IndexController.class.php 第 15 行.
INFO: [ view_parse ] --START--
INFO: [ template_filter ] --START--
INFO: Run Behavior\ContentReplaceBehavior [ RunTime:0.000000s ]
INFO: [ template_filter ] --END-- [ RunTime:0.000000s ]
INFO: Run Behavior\ParseTemplateBehavior [ RunTime:0.019001s ]
INFO: [ view_parse ] --END-- [ RunTime:0.019001s ]
INFO: [ view_filter ] --START--
INFO: Run Behavior\WriteHtmlCacheBehavior [ RunTime:0.001000s ]
INFO: [ view_filter ] --END-- [ RunTime:0.001000s ]
INFO: [ app_end ] --START--
INFO: Run Behavior\ShowPageTraceBehavior [ RunTime:0.001000s ]
INFO: [ app_end ] --END-- [ RunTime:0.001000s ]

[ 2015-09-07T11:56:50+08:00 ] 127.0.0.1 /index.php/Home/Index/index.html
INFO: [ app_init ] --START--
INFO: Run Behavior\BuildLiteBehavior [ RunTime:0.001000s ]
INFO: [ app_init ] --END-- [ RunTime:0.001000s ]
INFO: [ app_begin ] --START--
INFO: Run Behavior\ReadHtmlCacheBehavior [ RunTime:0.001000s ]
INFO: [ app_begin ] --END-- [ RunTime:0.001000s ]
SQL: SHOW COLUMNS FROM `file` [ RunTime:0.0020s ]
SQL: SELECT COUNT(*) AS tp_count FROM `file` LIMIT 1   [ RunTime:0.0000s ]
SQL: SELECT * FROM `file` ORDER BY createtime LIMIT 0,25   [ RunTime:0.0000s ]
NOTIC: [8] Undefined variable: show W:\wwwroot\Application\Home\Controller\IndexController.class.php 第 15 行.
INFO: [ view_parse ] --START--
INFO: [ template_filter ] --START--
INFO: Run Behavior\ContentReplaceBehavior [ RunTime:0.000000s ]
INFO: [ template_filter ] --END-- [ RunTime:0.000000s ]
INFO: Run Behavior\ParseTemplateBehavior [ RunTime:0.016001s ]
INFO: [ view_parse ] --END-- [ RunTime:0.016001s ]
INFO: [ view_filter ] --START--
INFO: Run Behavior\WriteHtmlCacheBehavior [ RunTime:0.000000s ]
INFO: [ view_filter ] --END-- [ RunTime:0.001000s ]
INFO: [ app_end ] --START--
INFO: Run Behavior\ShowPageTraceBehavior [ RunTime:0.001000s ]
INFO: [ app_end ] --END-- [ RunTime:0.001000s ]

[ 2015-09-07T11:56:51+08:00 ] 127.0.0.1 /index.php/Home/Report/log/md5/f3a11fc0c08c607cb217de79a45fc8a5
INFO: [ app_init ] --START--
INFO: Run Behavior\BuildLiteBehavior [ RunTime:0.000000s ]
INFO: [ app_init ] --END-- [ RunTime:0.001000s ]
INFO: [ app_begin ] --START--
INFO: Run Behavior\ReadHtmlCacheBehavior [ RunTime:0.001000s ]
INFO: [ app_begin ] --END-- [ RunTime:0.001000s ]
NOTIC: [2048] Declaration of Home\Controller\ReportController::show() should be compatible with Think\Controller::show($content, $charset = '', $contentType = '', $prefix = '') W:\wwwroot\Application\Home\Controller\ReportController.class.php 第 90 行.
INFO: [ view_parse ] --START--
INFO: [ template_filter ] --START--
INFO: Run Behavior\ContentReplaceBehavior [ RunTime:0.000000s ]
INFO: [ template_filter ] --END-- [ RunTime:0.000000s ]
INFO: Run Behavior\ParseTemplateBehavior [ RunTime:0.019001s ]
INFO: [ view_parse ] --END-- [ RunTime:0.020001s ]
INFO: [ view_filter ] --START--
INFO: Run Behavior\WriteHtmlCacheBehavior [ RunTime:0.001000s ]
INFO: [ view_filter ] --END-- [ RunTime:0.001000s ]
INFO: [ app_end ] --START--
INFO: Run Behavior\ShowPageTraceBehavior [ RunTime:0.001000s ]
INFO: [ app_end ] --END-- [ RunTime:0.001000s ]

[ 2015-09-07T11:58:22+08:00 ] 127.0.0.1 /index.php/Home/Index/index.html
INFO: [ app_init ] --START--
INFO: Run Behavior\BuildLiteBehavior [ RunTime:0.000000s ]
INFO: [ app_init ] --END-- [ RunTime:0.001000s ]
INFO: [ app_begin ] --START--
INFO: Run Behavior\ReadHtmlCacheBehavior [ RunTime:0.001000s ]
INFO: [ app_begin ] --END-- [ RunTime:0.001000s ]
SQL: SHOW COLUMNS FROM `file` [ RunTime:0.0040s ]
SQL: SELECT COUNT(*) AS tp_count FROM `file` LIMIT 1   [ RunTime:0.0000s ]
SQL: SELECT * FROM `file` ORDER BY createtime LIMIT 0,25   [ RunTime:0.0000s ]
NOTIC: [8] Undefined variable: show W:\wwwroot\Application\Home\Controller\IndexController.class.php 第 15 行.
INFO: [ view_parse ] --START--
INFO: [ template_filter ] --START--
INFO: Run Behavior\ContentReplaceBehavior [ RunTime:0.000000s ]
INFO: [ template_filter ] --END-- [ RunTime:0.000000s ]
INFO: Run Behavior\ParseTemplateBehavior [ RunTime:0.022001s ]
INFO: [ view_parse ] --END-- [ RunTime:0.022001s ]
INFO: [ view_filter ] --START--
INFO: Run Behavior\WriteHtmlCacheBehavior [ RunTime:0.001000s ]
INFO: [ view_filter ] --END-- [ RunTime:0.001000s ]
INFO: [ app_end ] --START--
INFO: Run Behavior\ShowPageTraceBehavior [ RunTime:0.001000s ]
INFO: [ app_end ] --END-- [ RunTime:0.001000s ]

[ 2015-09-07T11:59:12+08:00 ] 127.0.0.1 /index.php
INFO: [ app_init ] --START--
INFO: Run Behavior\BuildLiteBehavior [ RunTime:0.001000s ]
INFO: [ app_init ] --END-- [ RunTime:0.001000s ]
INFO: [ app_begin ] --START--
INFO: Run Behavior\ReadHtmlCacheBehavior [ RunTime:0.001000s ]
INFO: [ app_begin ] --END-- [ RunTime:0.001000s ]
SQL: SHOW COLUMNS FROM `file` [ RunTime:0.0020s ]
SQL: SELECT COUNT(*) AS tp_count FROM `file` LIMIT 1   [ RunTime:0.0000s ]
SQL: SELECT * FROM `file` ORDER BY createtime LIMIT 0,25   [ RunTime:0.0000s ]
NOTIC: [8] Undefined variable: show W:\wwwroot\Application\Home\Controller\IndexController.class.php 第 15 行.
INFO: [ view_parse ] --START--
INFO: [ template_filter ] --START--
INFO: Run Behavior\ContentReplaceBehavior [ RunTime:0.000000s ]
INFO: [ template_filter ] --END-- [ RunTime:0.000000s ]
INFO: Run Behavior\ParseTemplateBehavior [ RunTime:0.011001s ]
INFO: [ view_parse ] --END-- [ RunTime:0.012001s ]
INFO: [ view_filter ] --START--
INFO: Run Behavior\WriteHtmlCacheBehavior [ RunTime:0.001000s ]
INFO: [ view_filter ] --END-- [ RunTime:0.001000s ]
INFO: [ app_end ] --START--
INFO: Run Behavior\ShowPageTraceBehavior [ RunTime:0.001000s ]
INFO: [ app_end ] --END-- [ RunTime:0.001000s ]

[ 2015-09-07T11:59:13+08:00 ] 127.0.0.1 /index.php
INFO: [ app_init ] --START--
INFO: Run Behavior\BuildLiteBehavior [ RunTime:0.000000s ]
INFO: [ app_init ] --END-- [ RunTime:0.001000s ]
INFO: [ app_begin ] --START--
INFO: Run Behavior\ReadHtmlCacheBehavior [ RunTime:0.001000s ]
INFO: [ app_begin ] --END-- [ RunTime:0.002000s ]
SQL: SHOW COLUMNS FROM `file` [ RunTime:0.0020s ]
SQL: SELECT COUNT(*) AS tp_count FROM `file` LIMIT 1   [ RunTime:0.0010s ]
SQL: SELECT * FROM `file` ORDER BY createtime LIMIT 0,25   [ RunTime:0.0000s ]
NOTIC: [8] Undefined variable: show W:\wwwroot\Application\Home\Controller\IndexController.class.php 第 15 行.
INFO: [ view_parse ] --START--
INFO: [ template_filter ] --START--
INFO: Run Behavior\ContentReplaceBehavior [ RunTime:0.000000s ]
INFO: [ template_filter ] --END-- [ RunTime:0.000000s ]
INFO: Run Behavior\ParseTemplateBehavior [ RunTime:0.018001s ]
INFO: [ view_parse ] --END-- [ RunTime:0.018001s ]
INFO: [ view_filter ] --START--
INFO: Run Behavior\WriteHtmlCacheBehavior [ RunTime:0.001000s ]
INFO: [ view_filter ] --END-- [ RunTime:0.001000s ]
INFO: [ app_end ] --START--
INFO: Run Behavior\ShowPageTraceBehavior [ RunTime:0.001000s ]
INFO: [ app_end ] --END-- [ RunTime:0.001000s ]

[ 2015-09-07T15:04:05+08:00 ] 127.0.0.1 /index.php/Home/Report/show/md5/c2ebbb482bb09dccdefc522f732c339c
INFO: [ app_init ] --START--
INFO: Run Behavior\BuildLiteBehavior [ RunTime:0.000000s ]
INFO: [ app_init ] --END-- [ RunTime:0.000000s ]
INFO: [ app_begin ] --START--
INFO: Run Behavior\ReadHtmlCacheBehavior [ RunTime:0.001000s ]
INFO: [ app_begin ] --END-- [ RunTime:0.001000s ]
NOTIC: [2048] Declaration of Home\Controller\ReportController::show() should be compatible with Think\Controller::show($content, $charset = '', $contentType = '', $prefix = '') W:\wwwroot\Application\Home\Controller\ReportController.class.php 第 90 行.
SQL: SHOW COLUMNS FROM `file` [ RunTime:0.0030s ]
SQL: SELECT * FROM `file` WHERE `md5` = 'c2ebbb482bb09dccdefc522f732c339c' LIMIT 1   [ RunTime:0.0000s ]
SQL: SHOW COLUMNS FROM `analysis` [ RunTime:0.0030s ]
SQL: SHOW COLUMNS FROM `risk` [ RunTime:0.0020s ]
SQL: SELECT Analysis.id AS id,Analysis.fileid AS fileid,Analysis.result AS result,Analysis.verdict AS verdict,Risk.id AS risk_id,Risk.class AS class,Risk.riskname AS riskname,Risk.risklevel AS risklevel,Risk.riskdetail AS riskdetail,Risk.fixes AS fixes FROM analysis Analysis  JOIN risk Risk ON Analysis.riskid=Risk.id WHERE Analysis.fileid = '12' AND Risk.class = 1 ORDER BY Risk.risklevel desc  [ RunTime:0.0020s ]
SQL: SELECT Analysis.id AS id,Analysis.fileid AS fileid,Analysis.result AS result,Analysis.verdict AS verdict,Risk.id AS risk_id,Risk.class AS class,Risk.riskname AS riskname,Risk.risklevel AS risklevel,Risk.riskdetail AS riskdetail,Risk.fixes AS fixes FROM analysis Analysis  JOIN risk Risk ON Analysis.riskid=Risk.id WHERE Analysis.fileid = '12' AND Risk.class = 2 ORDER BY Risk.risklevel desc  [ RunTime:0.0010s ]
SQL: SELECT Analysis.id AS id,Analysis.fileid AS fileid,Analysis.result AS result,Analysis.verdict AS verdict,Risk.id AS risk_id,Risk.class AS class,Risk.riskname AS riskname,Risk.risklevel AS risklevel,Risk.riskdetail AS riskdetail,Risk.fixes AS fixes FROM analysis Analysis  JOIN risk Risk ON Analysis.riskid=Risk.id WHERE Analysis.fileid = '12' AND Risk.class = 3 ORDER BY Risk.risklevel desc  [ RunTime:0.0020s ]
INFO: [ view_parse ] --START--
INFO: [ template_filter ] --START--
INFO: Run Behavior\ContentReplaceBehavior [ RunTime:0.000000s ]
INFO: [ template_filter ] --END-- [ RunTime:0.000000s ]
INFO: Run Behavior\ParseTemplateBehavior [ RunTime:0.019001s ]
INFO: [ view_parse ] --END-- [ RunTime:0.019001s ]
INFO: [ view_filter ] --START--
INFO: Run Behavior\WriteHtmlCacheBehavior [ RunTime:0.001000s ]
INFO: [ view_filter ] --END-- [ RunTime:0.001000s ]
INFO: [ app_end ] --START--
INFO: Run Behavior\ShowPageTraceBehavior [ RunTime:0.001000s ]
INFO: [ app_end ] --END-- [ RunTime:0.001000s ]

[ 2015-09-07T15:04:09+08:00 ] 127.0.0.1 /index.php/Home/Report/show/md5/c2ebbb482bb09dccdefc522f732c339c
INFO: [ app_init ] --START--
INFO: Run Behavior\BuildLiteBehavior [ RunTime:0.000000s ]
INFO: [ app_init ] --END-- [ RunTime:0.000000s ]
INFO: [ app_begin ] --START--
INFO: Run Behavior\ReadHtmlCacheBehavior [ RunTime:0.000000s ]
INFO: [ app_begin ] --END-- [ RunTime:0.001000s ]
NOTIC: [2048] Declaration of Home\Controller\ReportController::show() should be compatible with Think\Controller::show($content, $charset = '', $contentType = '', $prefix = '') W:\wwwroot\Application\Home\Controller\ReportController.class.php 第 90 行.
SQL: SHOW COLUMNS FROM `file` [ RunTime:0.0020s ]
SQL: SELECT * FROM `file` WHERE `md5` = 'c2ebbb482bb09dccdefc522f732c339c' LIMIT 1   [ RunTime:0.0000s ]
SQL: SHOW COLUMNS FROM `analysis` [ RunTime:0.0010s ]
SQL: SHOW COLUMNS FROM `risk` [ RunTime:0.0020s ]
SQL: SELECT Analysis.id AS id,Analysis.fileid AS fileid,Analysis.result AS result,Analysis.verdict AS verdict,Risk.id AS risk_id,Risk.class AS class,Risk.riskname AS riskname,Risk.risklevel AS risklevel,Risk.riskdetail AS riskdetail,Risk.fixes AS fixes FROM analysis Analysis  JOIN risk Risk ON Analysis.riskid=Risk.id WHERE Analysis.fileid = '12' AND Risk.class = 1 ORDER BY Risk.risklevel desc  [ RunTime:0.0010s ]
SQL: SELECT Analysis.id AS id,Analysis.fileid AS fileid,Analysis.result AS result,Analysis.verdict AS verdict,Risk.id AS risk_id,Risk.class AS class,Risk.riskname AS riskname,Risk.risklevel AS risklevel,Risk.riskdetail AS riskdetail,Risk.fixes AS fixes FROM analysis Analysis  JOIN risk Risk ON Analysis.riskid=Risk.id WHERE Analysis.fileid = '12' AND Risk.class = 2 ORDER BY Risk.risklevel desc  [ RunTime:0.0020s ]
SQL: SELECT Analysis.id AS id,Analysis.fileid AS fileid,Analysis.result AS result,Analysis.verdict AS verdict,Risk.id AS risk_id,Risk.class AS class,Risk.riskname AS riskname,Risk.risklevel AS risklevel,Risk.riskdetail AS riskdetail,Risk.fixes AS fixes FROM analysis Analysis  JOIN risk Risk ON Analysis.riskid=Risk.id WHERE Analysis.fileid = '12' AND Risk.class = 3 ORDER BY Risk.risklevel desc  [ RunTime:0.0010s ]
INFO: [ view_parse ] --START--
INFO: [ template_filter ] --START--
INFO: Run Behavior\ContentReplaceBehavior [ RunTime:0.001000s ]
INFO: [ template_filter ] --END-- [ RunTime:0.001000s ]
INFO: Run Behavior\ParseTemplateBehavior [ RunTime:0.021002s ]
INFO: [ view_parse ] --END-- [ RunTime:0.021002s ]
INFO: [ view_filter ] --START--
INFO: Run Behavior\WriteHtmlCacheBehavior [ RunTime:0.000000s ]
INFO: [ view_filter ] --END-- [ RunTime:0.000000s ]
INFO: [ app_end ] --START--
INFO: Run Behavior\ShowPageTraceBehavior [ RunTime:0.000000s ]
INFO: [ app_end ] --END-- [ RunTime:0.000000s ]

