[ 2015-09-17T09:41:37+08:00 ] 127.0.0.1 /
INFO: [ app_init ] --START--
INFO: Run Behavior\BuildLiteBehavior [ RunTime:0.000000s ]
INFO: [ app_init ] --END-- [ RunTime:0.020003s ]
INFO: [ app_begin ] --START--
INFO: Run Behavior\ReadHtmlCacheBehavior [ RunTime:0.010502s ]
INFO: [ app_begin ] --END-- [ RunTime:0.011502s ]
SQL: SHOW COLUMNS FROM `file` [ RunTime:0.0715s ]
SQL: SELECT COUNT(*) AS tp_count FROM `file` LIMIT 1   [ RunTime:0.0205s ]
SQL: SELECT * FROM `file` ORDER BY createtime LIMIT 0,25   [ RunTime:0.0045s ]
NOTIC: [8] Undefined variable: show W:\wwwroot\Application\Home\Controller\IndexController.class.php 第 15 行.
INFO: [ view_parse ] --START--
INFO: [ template_filter ] --START--
INFO: Run Behavior\ContentReplaceBehavior [ RunTime:0.000501s ]
INFO: [ template_filter ] --END-- [ RunTime:0.001001s ]
INFO: Run Behavior\ParseTemplateBehavior [ RunTime:0.101013s ]
INFO: [ view_parse ] --END-- [ RunTime:0.101013s ]
INFO: [ view_filter ] --START--
INFO: Run Behavior\WriteHtmlCacheBehavior [ RunTime:0.009001s ]
INFO: [ view_filter ] --END-- [ RunTime:0.009001s ]
INFO: [ app_end ] --START--
INFO: Run Behavior\ShowPageTraceBehavior [ RunTime:0.009001s ]
INFO: [ app_end ] --END-- [ RunTime:0.009501s ]

