[ 2015-08-31T09:50:35+08:00 ] 127.0.0.1 /
INFO: [ app_init ] --START--
INFO: Run Behavior\BuildLiteBehavior [ RunTime:0.000000s ]
INFO: [ app_init ] --END-- [ RunTime:0.001000s ]
INFO: [ app_begin ] --START--
INFO: Run Behavior\ReadHtmlCacheBehavior [ RunTime:0.010001s ]
INFO: [ app_begin ] --END-- [ RunTime:0.011001s ]
SQL: SHOW COLUMNS FROM `file` [ RunTime:0.0030s ]
SQL: SELECT COUNT(*) AS tp_count FROM `file` LIMIT 1   [ RunTime:0.0000s ]
SQL: SELECT * FROM `file` ORDER BY createtime LIMIT 0,25   [ RunTime:0.0000s ]
NOTIC: [8] Undefined variable: show W:\wwwroot\Application\Home\Controller\IndexController.class.php 第 15 行.
INFO: [ view_parse ] --START--
INFO: [ template_filter ] --START--
INFO: Run Behavior\ContentReplaceBehavior [ RunTime:0.000000s ]
INFO: [ template_filter ] --END-- [ RunTime:0.000000s ]
INFO: Run Behavior\ParseTemplateBehavior [ RunTime:0.036002s ]
INFO: [ view_parse ] --END-- [ RunTime:0.036002s ]
INFO: [ view_filter ] --START--
INFO: Run Behavior\WriteHtmlCacheBehavior [ RunTime:0.008001s ]
INFO: [ view_filter ] --END-- [ RunTime:0.008001s ]
INFO: [ app_end ] --START--
INFO: Run Behavior\ShowPageTraceBehavior [ RunTime:0.010000s ]
INFO: [ app_end ] --END-- [ RunTime:0.010000s ]

[ 2015-08-31T09:50:38+08:00 ] 127.0.0.1 /index.php/Home/Report/show/md5/c2ebbb482bb09dccdefc522f732c339c
INFO: [ app_init ] --START--
INFO: Run Behavior\BuildLiteBehavior [ RunTime:0.000000s ]
INFO: [ app_init ] --END-- [ RunTime:0.001000s ]
INFO: [ app_begin ] --START--
INFO: Run Behavior\ReadHtmlCacheBehavior [ RunTime:0.001000s ]
INFO: [ app_begin ] --END-- [ RunTime:0.001000s ]
NOTIC: [2048] Declaration of Home\Controller\ReportController::show() should be compatible with Think\Controller::show($content, $charset = '', $contentType = '', $prefix = '') W:\wwwroot\Application\Home\Controller\ReportController.class.php 第 84 行.
SQL: SHOW COLUMNS FROM `file` [ RunTime:0.0020s ]
SQL: SELECT * FROM `file` WHERE `md5` = 'c2ebbb482bb09dccdefc522f732c339c' LIMIT 1   [ RunTime:0.0000s ]
SQL: SHOW COLUMNS FROM `risk` [ RunTime:0.0020s ]
SQL: SELECT * FROM `risk` WHERE `class` = 1 ORDER BY risklevel  [ RunTime:0.0000s ]
SQL: SELECT * FROM `risk` WHERE `class` = 2 ORDER BY risklevel  [ RunTime:0.0000s ]
INFO: [ view_parse ] --START--
INFO: [ template_filter ] --START--
INFO: Run Behavior\ContentReplaceBehavior [ RunTime:0.000000s ]
INFO: [ template_filter ] --END-- [ RunTime:0.000000s ]
NOTIC: [8] Undefined variable: checkResult W:\wwwroot\Application\Runtime\Cache\Home\5adc889d0fc052854d74bd4b3c682a0a.php 第 152 行.
NOTIC: [8] Undefined variable: checkResult W:\wwwroot\Application\Runtime\Cache\Home\5adc889d0fc052854d74bd4b3c682a0a.php 第 153 行.
NOTIC: [8] Undefined index: result W:\wwwroot\Application\Runtime\Cache\Home\5adc889d0fc052854d74bd4b3c682a0a.php 第 175 行.
NOTIC: [8] Undefined variable: checkResult W:\wwwroot\Application\Runtime\Cache\Home\5adc889d0fc052854d74bd4b3c682a0a.php 第 152 行.
NOTIC: [8] Undefined variable: checkResult W:\wwwroot\Application\Runtime\Cache\Home\5adc889d0fc052854d74bd4b3c682a0a.php 第 153 行.
NOTIC: [8] Undefined index: result W:\wwwroot\Application\Runtime\Cache\Home\5adc889d0fc052854d74bd4b3c682a0a.php 第 175 行.
NOTIC: [8] Undefined variable: checkResult W:\wwwroot\Application\Runtime\Cache\Home\5adc889d0fc052854d74bd4b3c682a0a.php 第 152 行.
NOTIC: [8] Undefined variable: checkResult W:\wwwroot\Application\Runtime\Cache\Home\5adc889d0fc052854d74bd4b3c682a0a.php 第 153 行.
NOTIC: [8] Undefined index: result W:\wwwroot\Application\Runtime\Cache\Home\5adc889d0fc052854d74bd4b3c682a0a.php 第 175 行.
NOTIC: [8] Undefined variable: checkResult W:\wwwroot\Application\Runtime\Cache\Home\5adc889d0fc052854d74bd4b3c682a0a.php 第 152 行.
NOTIC: [8] Undefined variable: checkResult W:\wwwroot\Application\Runtime\Cache\Home\5adc889d0fc052854d74bd4b3c682a0a.php 第 153 行.
NOTIC: [8] Undefined index: result W:\wwwroot\Application\Runtime\Cache\Home\5adc889d0fc052854d74bd4b3c682a0a.php 第 175 行.
NOTIC: [8] Undefined variable: checkResult W:\wwwroot\Application\Runtime\Cache\Home\5adc889d0fc052854d74bd4b3c682a0a.php 第 152 行.
NOTIC: [8] Undefined variable: checkResult W:\wwwroot\Application\Runtime\Cache\Home\5adc889d0fc052854d74bd4b3c682a0a.php 第 153 行.
NOTIC: [8] Undefined index: result W:\wwwroot\Application\Runtime\Cache\Home\5adc889d0fc052854d74bd4b3c682a0a.php 第 175 行.
NOTIC: [8] Undefined variable: checkResult W:\wwwroot\Application\Runtime\Cache\Home\5adc889d0fc052854d74bd4b3c682a0a.php 第 152 行.
NOTIC: [8] Undefined variable: checkResult W:\wwwroot\Application\Runtime\Cache\Home\5adc889d0fc052854d74bd4b3c682a0a.php 第 153 行.
NOTIC: [8] Undefined index: result W:\wwwroot\Application\Runtime\Cache\Home\5adc889d0fc052854d74bd4b3c682a0a.php 第 175 行.
NOTIC: [8] Undefined variable: checkResult W:\wwwroot\Application\Runtime\Cache\Home\5adc889d0fc052854d74bd4b3c682a0a.php 第 196 行.
NOTIC: [8] Undefined variable: checkResult W:\wwwroot\Application\Runtime\Cache\Home\5adc889d0fc052854d74bd4b3c682a0a.php 第 197 行.
NOTIC: [8] Undefined index: result W:\wwwroot\Application\Runtime\Cache\Home\5adc889d0fc052854d74bd4b3c682a0a.php 第 219 行.
NOTIC: [8] Undefined variable: checkResult W:\wwwroot\Application\Runtime\Cache\Home\5adc889d0fc052854d74bd4b3c682a0a.php 第 196 行.
NOTIC: [8] Undefined variable: checkResult W:\wwwroot\Application\Runtime\Cache\Home\5adc889d0fc052854d74bd4b3c682a0a.php 第 197 行.
NOTIC: [8] Undefined index: result W:\wwwroot\Application\Runtime\Cache\Home\5adc889d0fc052854d74bd4b3c682a0a.php 第 219 行.
NOTIC: [8] Undefined variable: checkResult W:\wwwroot\Application\Runtime\Cache\Home\5adc889d0fc052854d74bd4b3c682a0a.php 第 196 行.
NOTIC: [8] Undefined variable: checkResult W:\wwwroot\Application\Runtime\Cache\Home\5adc889d0fc052854d74bd4b3c682a0a.php 第 197 行.
NOTIC: [8] Undefined index: result W:\wwwroot\Application\Runtime\Cache\Home\5adc889d0fc052854d74bd4b3c682a0a.php 第 219 行.
NOTIC: [8] Undefined variable: checkResult W:\wwwroot\Application\Runtime\Cache\Home\5adc889d0fc052854d74bd4b3c682a0a.php 第 196 行.
NOTIC: [8] Undefined variable: checkResult W:\wwwroot\Application\Runtime\Cache\Home\5adc889d0fc052854d74bd4b3c682a0a.php 第 197 行.
NOTIC: [8] Undefined index: result W:\wwwroot\Application\Runtime\Cache\Home\5adc889d0fc052854d74bd4b3c682a0a.php 第 219 行.
NOTIC: [8] Undefined variable: checkResult W:\wwwroot\Application\Runtime\Cache\Home\5adc889d0fc052854d74bd4b3c682a0a.php 第 196 行.
NOTIC: [8] Undefined variable: checkResult W:\wwwroot\Application\Runtime\Cache\Home\5adc889d0fc052854d74bd4b3c682a0a.php 第 197 行.
NOTIC: [8] Undefined index: result W:\wwwroot\Application\Runtime\Cache\Home\5adc889d0fc052854d74bd4b3c682a0a.php 第 219 行.
NOTIC: [8] Undefined variable: checkResult W:\wwwroot\Application\Runtime\Cache\Home\5adc889d0fc052854d74bd4b3c682a0a.php 第 196 行.
NOTIC: [8] Undefined variable: checkResult W:\wwwroot\Application\Runtime\Cache\Home\5adc889d0fc052854d74bd4b3c682a0a.php 第 197 行.
NOTIC: [8] Undefined index: result W:\wwwroot\Application\Runtime\Cache\Home\5adc889d0fc052854d74bd4b3c682a0a.php 第 219 行.
INFO: Run Behavior\ParseTemplateBehavior [ RunTime:0.029001s ]
INFO: [ view_parse ] --END-- [ RunTime:0.029001s ]
INFO: [ view_filter ] --START--
INFO: Run Behavior\WriteHtmlCacheBehavior [ RunTime:0.000000s ]
INFO: [ view_filter ] --END-- [ RunTime:0.000000s ]
INFO: [ app_end ] --START--
INFO: Run Behavior\ShowPageTraceBehavior [ RunTime:0.000000s ]
INFO: [ app_end ] --END-- [ RunTime:0.000000s ]

[ 2015-08-31T09:50:44+08:00 ] 127.0.0.1 /index.php/Home/Report/log/md5/c2ebbb482bb09dccdefc522f732c339c
INFO: [ app_init ] --START--
INFO: Run Behavior\BuildLiteBehavior [ RunTime:0.000000s ]
INFO: [ app_init ] --END-- [ RunTime:0.001000s ]
INFO: [ app_begin ] --START--
INFO: Run Behavior\ReadHtmlCacheBehavior [ RunTime:0.000000s ]
INFO: [ app_begin ] --END-- [ RunTime:0.000000s ]
NOTIC: [2048] Declaration of Home\Controller\ReportController::show() should be compatible with Think\Controller::show($content, $charset = '', $contentType = '', $prefix = '') W:\wwwroot\Application\Home\Controller\ReportController.class.php 第 84 行.
INFO: [ view_parse ] --START--
INFO: [ template_filter ] --START--
INFO: Run Behavior\ContentReplaceBehavior [ RunTime:0.000000s ]
INFO: [ template_filter ] --END-- [ RunTime:0.000000s ]
INFO: Run Behavior\ParseTemplateBehavior [ RunTime:0.011001s ]
INFO: [ view_parse ] --END-- [ RunTime:0.013001s ]
INFO: [ view_filter ] --START--
INFO: Run Behavior\WriteHtmlCacheBehavior [ RunTime:0.000000s ]
INFO: [ view_filter ] --END-- [ RunTime:0.000000s ]
INFO: [ app_end ] --START--
INFO: Run Behavior\ShowPageTraceBehavior [ RunTime:0.001000s ]
INFO: [ app_end ] --END-- [ RunTime:0.001000s ]

[ 2015-08-31T10:01:25+08:00 ] 127.0.0.1 /
INFO: [ app_init ] --START--
INFO: Run Behavior\BuildLiteBehavior [ RunTime:0.000000s ]
INFO: [ app_init ] --END-- [ RunTime:0.000000s ]
INFO: [ app_begin ] --START--
INFO: Run Behavior\ReadHtmlCacheBehavior [ RunTime:0.000000s ]
INFO: [ app_begin ] --END-- [ RunTime:0.000000s ]
SQL: SHOW COLUMNS FROM `file` [ RunTime:0.0156s ]
SQL: SELECT COUNT(*) AS tp_count FROM `file` LIMIT 1   [ RunTime:0.0000s ]
SQL: SELECT * FROM `file` ORDER BY createtime LIMIT 0,25   [ RunTime:0.0000s ]
NOTIC: [8] Undefined variable: show W:\wwwroot\Application\Home\Controller\IndexController.class.php 第 15 行.
INFO: [ view_parse ] --START--
INFO: [ template_filter ] --START--
INFO: Run Behavior\ContentReplaceBehavior [ RunTime:0.000000s ]
INFO: [ template_filter ] --END-- [ RunTime:0.000000s ]
INFO: Run Behavior\ParseTemplateBehavior [ RunTime:0.000000s ]
INFO: [ view_parse ] --END-- [ RunTime:0.000000s ]
INFO: [ view_filter ] --START--
INFO: Run Behavior\WriteHtmlCacheBehavior [ RunTime:0.000000s ]
INFO: [ view_filter ] --END-- [ RunTime:0.000000s ]
INFO: [ app_end ] --START--
INFO: Run Behavior\ShowPageTraceBehavior [ RunTime:0.000000s ]
INFO: [ app_end ] --END-- [ RunTime:0.000000s ]

[ 2015-08-31T16:03:29+08:00 ] 127.0.0.1 /index.php
INFO: [ app_init ] --START--
INFO: Run Behavior\BuildLiteBehavior [ RunTime:0.000000s ]
INFO: [ app_init ] --END-- [ RunTime:0.000000s ]
INFO: [ app_begin ] --START--
INFO: Run Behavior\ReadHtmlCacheBehavior [ RunTime:0.001001s ]
INFO: [ app_begin ] --END-- [ RunTime:0.001001s ]
SQL: SHOW COLUMNS FROM `file` [ RunTime:0.0200s ]
SQL: SELECT COUNT(*) AS tp_count FROM `file` LIMIT 1   [ RunTime:0.0000s ]
SQL: SELECT * FROM `file` ORDER BY createtime LIMIT 0,25   [ RunTime:0.0000s ]
NOTIC: [8] Undefined variable: show W:\wwwroot\Application\Home\Controller\IndexController.class.php 第 15 行.
INFO: [ view_parse ] --START--
INFO: [ template_filter ] --START--
INFO: Run Behavior\ContentReplaceBehavior [ RunTime:0.001000s ]
INFO: [ template_filter ] --END-- [ RunTime:0.001000s ]
INFO: Run Behavior\ParseTemplateBehavior [ RunTime:0.016001s ]
INFO: [ view_parse ] --END-- [ RunTime:0.016001s ]
INFO: [ view_filter ] --START--
INFO: Run Behavior\WriteHtmlCacheBehavior [ RunTime:0.000000s ]
INFO: [ view_filter ] --END-- [ RunTime:0.000000s ]
INFO: [ app_end ] --START--
INFO: Run Behavior\ShowPageTraceBehavior [ RunTime:0.001000s ]
INFO: [ app_end ] --END-- [ RunTime:0.001000s ]

[ 2015-08-31T16:03:32+08:00 ] 127.0.0.1 /index.php/Home/Report/show/md5/4df3c667705adac358f0773ec6d4c51f
INFO: [ app_init ] --START--
INFO: Run Behavior\BuildLiteBehavior [ RunTime:0.000000s ]
INFO: [ app_init ] --END-- [ RunTime:0.001000s ]
INFO: [ app_begin ] --START--
INFO: Run Behavior\ReadHtmlCacheBehavior [ RunTime:0.000000s ]
INFO: [ app_begin ] --END-- [ RunTime:0.000000s ]
NOTIC: [2048] Declaration of Home\Controller\ReportController::show() should be compatible with Think\Controller::show($content, $charset = '', $contentType = '', $prefix = '') W:\wwwroot\Application\Home\Controller\ReportController.class.php 第 84 行.
SQL: SHOW COLUMNS FROM `file` [ RunTime:0.0020s ]
SQL: SELECT * FROM `file` WHERE `md5` = '4df3c667705adac358f0773ec6d4c51f' LIMIT 1   [ RunTime:0.0000s ]
SQL: SHOW COLUMNS FROM `risk` [ RunTime:0.0020s ]
SQL: SELECT * FROM `risk` WHERE `class` = 1 ORDER BY risklevel  [ RunTime:0.0010s ]
SQL: SELECT * FROM `risk` WHERE `class` = 2 ORDER BY risklevel  [ RunTime:0.0000s ]
INFO: [ view_parse ] --START--
INFO: [ template_filter ] --START--
INFO: Run Behavior\ContentReplaceBehavior [ RunTime:0.000000s ]
INFO: [ template_filter ] --END-- [ RunTime:0.000000s ]
NOTIC: [8] Undefined variable: checkResult W:\wwwroot\Application\Runtime\Cache\Home\5adc889d0fc052854d74bd4b3c682a0a.php 第 152 行.
NOTIC: [8] Undefined variable: checkResult W:\wwwroot\Application\Runtime\Cache\Home\5adc889d0fc052854d74bd4b3c682a0a.php 第 153 行.
NOTIC: [8] Undefined index: result W:\wwwroot\Application\Runtime\Cache\Home\5adc889d0fc052854d74bd4b3c682a0a.php 第 175 行.
NOTIC: [8] Undefined variable: checkResult W:\wwwroot\Application\Runtime\Cache\Home\5adc889d0fc052854d74bd4b3c682a0a.php 第 152 行.
NOTIC: [8] Undefined variable: checkResult W:\wwwroot\Application\Runtime\Cache\Home\5adc889d0fc052854d74bd4b3c682a0a.php 第 153 行.
NOTIC: [8] Undefined index: result W:\wwwroot\Application\Runtime\Cache\Home\5adc889d0fc052854d74bd4b3c682a0a.php 第 175 行.
NOTIC: [8] Undefined variable: checkResult W:\wwwroot\Application\Runtime\Cache\Home\5adc889d0fc052854d74bd4b3c682a0a.php 第 152 行.
NOTIC: [8] Undefined variable: checkResult W:\wwwroot\Application\Runtime\Cache\Home\5adc889d0fc052854d74bd4b3c682a0a.php 第 153 行.
NOTIC: [8] Undefined index: result W:\wwwroot\Application\Runtime\Cache\Home\5adc889d0fc052854d74bd4b3c682a0a.php 第 175 行.
NOTIC: [8] Undefined variable: checkResult W:\wwwroot\Application\Runtime\Cache\Home\5adc889d0fc052854d74bd4b3c682a0a.php 第 152 行.
NOTIC: [8] Undefined variable: checkResult W:\wwwroot\Application\Runtime\Cache\Home\5adc889d0fc052854d74bd4b3c682a0a.php 第 153 行.
NOTIC: [8] Undefined index: result W:\wwwroot\Application\Runtime\Cache\Home\5adc889d0fc052854d74bd4b3c682a0a.php 第 175 行.
NOTIC: [8] Undefined variable: checkResult W:\wwwroot\Application\Runtime\Cache\Home\5adc889d0fc052854d74bd4b3c682a0a.php 第 152 行.
NOTIC: [8] Undefined variable: checkResult W:\wwwroot\Application\Runtime\Cache\Home\5adc889d0fc052854d74bd4b3c682a0a.php 第 153 行.
NOTIC: [8] Undefined index: result W:\wwwroot\Application\Runtime\Cache\Home\5adc889d0fc052854d74bd4b3c682a0a.php 第 175 行.
NOTIC: [8] Undefined variable: checkResult W:\wwwroot\Application\Runtime\Cache\Home\5adc889d0fc052854d74bd4b3c682a0a.php 第 152 行.
NOTIC: [8] Undefined variable: checkResult W:\wwwroot\Application\Runtime\Cache\Home\5adc889d0fc052854d74bd4b3c682a0a.php 第 153 行.
NOTIC: [8] Undefined index: result W:\wwwroot\Application\Runtime\Cache\Home\5adc889d0fc052854d74bd4b3c682a0a.php 第 175 行.
NOTIC: [8] Undefined variable: checkResult W:\wwwroot\Application\Runtime\Cache\Home\5adc889d0fc052854d74bd4b3c682a0a.php 第 196 行.
NOTIC: [8] Undefined variable: checkResult W:\wwwroot\Application\Runtime\Cache\Home\5adc889d0fc052854d74bd4b3c682a0a.php 第 197 行.
NOTIC: [8] Undefined index: result W:\wwwroot\Application\Runtime\Cache\Home\5adc889d0fc052854d74bd4b3c682a0a.php 第 219 行.
NOTIC: [8] Undefined variable: checkResult W:\wwwroot\Application\Runtime\Cache\Home\5adc889d0fc052854d74bd4b3c682a0a.php 第 196 行.
NOTIC: [8] Undefined variable: checkResult W:\wwwroot\Application\Runtime\Cache\Home\5adc889d0fc052854d74bd4b3c682a0a.php 第 197 行.
NOTIC: [8] Undefined index: result W:\wwwroot\Application\Runtime\Cache\Home\5adc889d0fc052854d74bd4b3c682a0a.php 第 219 行.
NOTIC: [8] Undefined variable: checkResult W:\wwwroot\Application\Runtime\Cache\Home\5adc889d0fc052854d74bd4b3c682a0a.php 第 196 行.
NOTIC: [8] Undefined variable: checkResult W:\wwwroot\Application\Runtime\Cache\Home\5adc889d0fc052854d74bd4b3c682a0a.php 第 197 行.
NOTIC: [8] Undefined index: result W:\wwwroot\Application\Runtime\Cache\Home\5adc889d0fc052854d74bd4b3c682a0a.php 第 219 行.
NOTIC: [8] Undefined variable: checkResult W:\wwwroot\Application\Runtime\Cache\Home\5adc889d0fc052854d74bd4b3c682a0a.php 第 196 行.
NOTIC: [8] Undefined variable: checkResult W:\wwwroot\Application\Runtime\Cache\Home\5adc889d0fc052854d74bd4b3c682a0a.php 第 197 行.
NOTIC: [8] Undefined index: result W:\wwwroot\Application\Runtime\Cache\Home\5adc889d0fc052854d74bd4b3c682a0a.php 第 219 行.
NOTIC: [8] Undefined variable: checkResult W:\wwwroot\Application\Runtime\Cache\Home\5adc889d0fc052854d74bd4b3c682a0a.php 第 196 行.
NOTIC: [8] Undefined variable: checkResult W:\wwwroot\Application\Runtime\Cache\Home\5adc889d0fc052854d74bd4b3c682a0a.php 第 197 行.
NOTIC: [8] Undefined index: result W:\wwwroot\Application\Runtime\Cache\Home\5adc889d0fc052854d74bd4b3c682a0a.php 第 219 行.
NOTIC: [8] Undefined variable: checkResult W:\wwwroot\Application\Runtime\Cache\Home\5adc889d0fc052854d74bd4b3c682a0a.php 第 196 行.
NOTIC: [8] Undefined variable: checkResult W:\wwwroot\Application\Runtime\Cache\Home\5adc889d0fc052854d74bd4b3c682a0a.php 第 197 行.
NOTIC: [8] Undefined index: result W:\wwwroot\Application\Runtime\Cache\Home\5adc889d0fc052854d74bd4b3c682a0a.php 第 219 行.
INFO: Run Behavior\ParseTemplateBehavior [ RunTime:0.017001s ]
INFO: [ view_parse ] --END-- [ RunTime:0.017001s ]
INFO: [ view_filter ] --START--
INFO: Run Behavior\WriteHtmlCacheBehavior [ RunTime:0.000000s ]
INFO: [ view_filter ] --END-- [ RunTime:0.000000s ]
INFO: [ app_end ] --START--
INFO: Run Behavior\ShowPageTraceBehavior [ RunTime:0.001000s ]
INFO: [ app_end ] --END-- [ RunTime:0.001000s ]

[ 2015-08-31T18:45:35+08:00 ] 127.0.0.1 /index.php/Home/Report/show/md5/c2ebbb482bb09dccdefc522f732c339c
INFO: [ app_init ] --START--
INFO: Run Behavior\BuildLiteBehavior [ RunTime:0.000000s ]
INFO: [ app_init ] --END-- [ RunTime:0.023001s ]
INFO: [ app_begin ] --START--
INFO: Run Behavior\ReadHtmlCacheBehavior [ RunTime:0.021001s ]
INFO: [ app_begin ] --END-- [ RunTime:0.021001s ]
NOTIC: [2048] Declaration of Home\Controller\ReportController::show() should be compatible with Think\Controller::show($content, $charset = '', $contentType = '', $prefix = '') W:\wwwroot\Application\Home\Controller\ReportController.class.php 第 84 行.
SQL: SHOW COLUMNS FROM `file` [ RunTime:0.0490s ]
SQL: SELECT * FROM `file` WHERE `md5` = 'c2ebbb482bb09dccdefc522f732c339c' LIMIT 1   [ RunTime:0.0310s ]
SQL: SHOW COLUMNS FROM `risk` [ RunTime:0.0030s ]
SQL: SELECT * FROM `risk` WHERE `class` = 1 ORDER BY risklevel  [ RunTime:0.0000s ]
SQL: SELECT * FROM `risk` WHERE `class` = 2 ORDER BY risklevel  [ RunTime:0.0000s ]
INFO: [ view_parse ] --START--
INFO: [ template_filter ] --START--
INFO: Run Behavior\ContentReplaceBehavior [ RunTime:0.000000s ]
INFO: [ template_filter ] --END-- [ RunTime:0.000000s ]
NOTIC: [8] Undefined variable: checkResult W:\wwwroot\Application\Runtime\Cache\Home\5adc889d0fc052854d74bd4b3c682a0a.php 第 152 行.
NOTIC: [8] Undefined variable: checkResult W:\wwwroot\Application\Runtime\Cache\Home\5adc889d0fc052854d74bd4b3c682a0a.php 第 153 行.
NOTIC: [8] Undefined index: result W:\wwwroot\Application\Runtime\Cache\Home\5adc889d0fc052854d74bd4b3c682a0a.php 第 175 行.
NOTIC: [8] Undefined variable: checkResult W:\wwwroot\Application\Runtime\Cache\Home\5adc889d0fc052854d74bd4b3c682a0a.php 第 152 行.
NOTIC: [8] Undefined variable: checkResult W:\wwwroot\Application\Runtime\Cache\Home\5adc889d0fc052854d74bd4b3c682a0a.php 第 153 行.
NOTIC: [8] Undefined index: result W:\wwwroot\Application\Runtime\Cache\Home\5adc889d0fc052854d74bd4b3c682a0a.php 第 175 行.
NOTIC: [8] Undefined variable: checkResult W:\wwwroot\Application\Runtime\Cache\Home\5adc889d0fc052854d74bd4b3c682a0a.php 第 152 行.
NOTIC: [8] Undefined variable: checkResult W:\wwwroot\Application\Runtime\Cache\Home\5adc889d0fc052854d74bd4b3c682a0a.php 第 153 行.
NOTIC: [8] Undefined index: result W:\wwwroot\Application\Runtime\Cache\Home\5adc889d0fc052854d74bd4b3c682a0a.php 第 175 行.
NOTIC: [8] Undefined variable: checkResult W:\wwwroot\Application\Runtime\Cache\Home\5adc889d0fc052854d74bd4b3c682a0a.php 第 152 行.
NOTIC: [8] Undefined variable: checkResult W:\wwwroot\Application\Runtime\Cache\Home\5adc889d0fc052854d74bd4b3c682a0a.php 第 153 行.
NOTIC: [8] Undefined index: result W:\wwwroot\Application\Runtime\Cache\Home\5adc889d0fc052854d74bd4b3c682a0a.php 第 175 行.
NOTIC: [8] Undefined variable: checkResult W:\wwwroot\Application\Runtime\Cache\Home\5adc889d0fc052854d74bd4b3c682a0a.php 第 152 行.
NOTIC: [8] Undefined variable: checkResult W:\wwwroot\Application\Runtime\Cache\Home\5adc889d0fc052854d74bd4b3c682a0a.php 第 153 行.
NOTIC: [8] Undefined index: result W:\wwwroot\Application\Runtime\Cache\Home\5adc889d0fc052854d74bd4b3c682a0a.php 第 175 行.
NOTIC: [8] Undefined variable: checkResult W:\wwwroot\Application\Runtime\Cache\Home\5adc889d0fc052854d74bd4b3c682a0a.php 第 152 行.
NOTIC: [8] Undefined variable: checkResult W:\wwwroot\Application\Runtime\Cache\Home\5adc889d0fc052854d74bd4b3c682a0a.php 第 153 行.
NOTIC: [8] Undefined index: result W:\wwwroot\Application\Runtime\Cache\Home\5adc889d0fc052854d74bd4b3c682a0a.php 第 175 行.
NOTIC: [8] Undefined variable: checkResult W:\wwwroot\Application\Runtime\Cache\Home\5adc889d0fc052854d74bd4b3c682a0a.php 第 196 行.
NOTIC: [8] Undefined variable: checkResult W:\wwwroot\Application\Runtime\Cache\Home\5adc889d0fc052854d74bd4b3c682a0a.php 第 197 行.
NOTIC: [8] Undefined index: result W:\wwwroot\Application\Runtime\Cache\Home\5adc889d0fc052854d74bd4b3c682a0a.php 第 219 行.
NOTIC: [8] Undefined variable: checkResult W:\wwwroot\Application\Runtime\Cache\Home\5adc889d0fc052854d74bd4b3c682a0a.php 第 196 行.
NOTIC: [8] Undefined variable: checkResult W:\wwwroot\Application\Runtime\Cache\Home\5adc889d0fc052854d74bd4b3c682a0a.php 第 197 行.
NOTIC: [8] Undefined index: result W:\wwwroot\Application\Runtime\Cache\Home\5adc889d0fc052854d74bd4b3c682a0a.php 第 219 行.
NOTIC: [8] Undefined variable: checkResult W:\wwwroot\Application\Runtime\Cache\Home\5adc889d0fc052854d74bd4b3c682a0a.php 第 196 行.
NOTIC: [8] Undefined variable: checkResult W:\wwwroot\Application\Runtime\Cache\Home\5adc889d0fc052854d74bd4b3c682a0a.php 第 197 行.
NOTIC: [8] Undefined index: result W:\wwwroot\Application\Runtime\Cache\Home\5adc889d0fc052854d74bd4b3c682a0a.php 第 219 行.
NOTIC: [8] Undefined variable: checkResult W:\wwwroot\Application\Runtime\Cache\Home\5adc889d0fc052854d74bd4b3c682a0a.php 第 196 行.
NOTIC: [8] Undefined variable: checkResult W:\wwwroot\Application\Runtime\Cache\Home\5adc889d0fc052854d74bd4b3c682a0a.php 第 197 行.
NOTIC: [8] Undefined index: result W:\wwwroot\Application\Runtime\Cache\Home\5adc889d0fc052854d74bd4b3c682a0a.php 第 219 行.
NOTIC: [8] Undefined variable: checkResult W:\wwwroot\Application\Runtime\Cache\Home\5adc889d0fc052854d74bd4b3c682a0a.php 第 196 行.
NOTIC: [8] Undefined variable: checkResult W:\wwwroot\Application\Runtime\Cache\Home\5adc889d0fc052854d74bd4b3c682a0a.php 第 197 行.
NOTIC: [8] Undefined index: result W:\wwwroot\Application\Runtime\Cache\Home\5adc889d0fc052854d74bd4b3c682a0a.php 第 219 行.
NOTIC: [8] Undefined variable: checkResult W:\wwwroot\Application\Runtime\Cache\Home\5adc889d0fc052854d74bd4b3c682a0a.php 第 196 行.
NOTIC: [8] Undefined variable: checkResult W:\wwwroot\Application\Runtime\Cache\Home\5adc889d0fc052854d74bd4b3c682a0a.php 第 197 行.
NOTIC: [8] Undefined index: result W:\wwwroot\Application\Runtime\Cache\Home\5adc889d0fc052854d74bd4b3c682a0a.php 第 219 行.
INFO: Run Behavior\ParseTemplateBehavior [ RunTime:0.099006s ]
INFO: [ view_parse ] --END-- [ RunTime:0.099006s ]
INFO: [ view_filter ] --START--
INFO: Run Behavior\WriteHtmlCacheBehavior [ RunTime:0.021001s ]
INFO: [ view_filter ] --END-- [ RunTime:0.021001s ]
INFO: [ app_end ] --START--
INFO: Run Behavior\ShowPageTraceBehavior [ RunTime:0.009000s ]
INFO: [ app_end ] --END-- [ RunTime:0.010000s ]

[ 2015-08-31T18:45:38+08:00 ] 127.0.0.1 /index.php/Home/Report/log/md5/c2ebbb482bb09dccdefc522f732c339c
INFO: [ app_init ] --START--
INFO: Run Behavior\BuildLiteBehavior [ RunTime:0.000000s ]
INFO: [ app_init ] --END-- [ RunTime:0.000000s ]
INFO: [ app_begin ] --START--
INFO: Run Behavior\ReadHtmlCacheBehavior [ RunTime:0.001000s ]
INFO: [ app_begin ] --END-- [ RunTime:0.001000s ]
NOTIC: [2048] Declaration of Home\Controller\ReportController::show() should be compatible with Think\Controller::show($content, $charset = '', $contentType = '', $prefix = '') W:\wwwroot\Application\Home\Controller\ReportController.class.php 第 84 行.
INFO: [ view_parse ] --START--
INFO: [ template_filter ] --START--
INFO: Run Behavior\ContentReplaceBehavior [ RunTime:0.000000s ]
INFO: [ template_filter ] --END-- [ RunTime:0.000000s ]
INFO: Run Behavior\ParseTemplateBehavior [ RunTime:0.013001s ]
INFO: [ view_parse ] --END-- [ RunTime:0.013001s ]
INFO: [ view_filter ] --START--
INFO: Run Behavior\WriteHtmlCacheBehavior [ RunTime:0.000000s ]
INFO: [ view_filter ] --END-- [ RunTime:0.000000s ]
INFO: [ app_end ] --START--
INFO: Run Behavior\ShowPageTraceBehavior [ RunTime:0.001000s ]
INFO: [ app_end ] --END-- [ RunTime:0.001000s ]

[ 2015-08-31T18:45:43+08:00 ] 127.0.0.1 /index.php/Home/Report/show/md5/c2ebbb482bb09dccdefc522f732c339c
INFO: [ app_init ] --START--
INFO: Run Behavior\BuildLiteBehavior [ RunTime:0.000000s ]
INFO: [ app_init ] --END-- [ RunTime:0.000000s ]
INFO: [ app_begin ] --START--
INFO: Run Behavior\ReadHtmlCacheBehavior [ RunTime:0.001000s ]
INFO: [ app_begin ] --END-- [ RunTime:0.001000s ]
NOTIC: [2048] Declaration of Home\Controller\ReportController::show() should be compatible with Think\Controller::show($content, $charset = '', $contentType = '', $prefix = '') W:\wwwroot\Application\Home\Controller\ReportController.class.php 第 84 行.
SQL: SHOW COLUMNS FROM `file` [ RunTime:0.0020s ]
SQL: SELECT * FROM `file` WHERE `md5` = 'c2ebbb482bb09dccdefc522f732c339c' LIMIT 1   [ RunTime:0.0000s ]
SQL: SHOW COLUMNS FROM `risk` [ RunTime:0.0030s ]
SQL: SELECT * FROM `risk` WHERE `class` = 1 ORDER BY risklevel  [ RunTime:0.0000s ]
SQL: SELECT * FROM `risk` WHERE `class` = 2 ORDER BY risklevel  [ RunTime:0.0000s ]
INFO: [ view_parse ] --START--
INFO: [ template_filter ] --START--
INFO: Run Behavior\ContentReplaceBehavior [ RunTime:0.000000s ]
INFO: [ template_filter ] --END-- [ RunTime:0.000000s ]
NOTIC: [8] Undefined variable: checkResult W:\wwwroot\Application\Runtime\Cache\Home\5adc889d0fc052854d74bd4b3c682a0a.php 第 152 行.
NOTIC: [8] Undefined variable: checkResult W:\wwwroot\Application\Runtime\Cache\Home\5adc889d0fc052854d74bd4b3c682a0a.php 第 153 行.
NOTIC: [8] Undefined index: result W:\wwwroot\Application\Runtime\Cache\Home\5adc889d0fc052854d74bd4b3c682a0a.php 第 175 行.
NOTIC: [8] Undefined variable: checkResult W:\wwwroot\Application\Runtime\Cache\Home\5adc889d0fc052854d74bd4b3c682a0a.php 第 152 行.
NOTIC: [8] Undefined variable: checkResult W:\wwwroot\Application\Runtime\Cache\Home\5adc889d0fc052854d74bd4b3c682a0a.php 第 153 行.
NOTIC: [8] Undefined index: result W:\wwwroot\Application\Runtime\Cache\Home\5adc889d0fc052854d74bd4b3c682a0a.php 第 175 行.
NOTIC: [8] Undefined variable: checkResult W:\wwwroot\Application\Runtime\Cache\Home\5adc889d0fc052854d74bd4b3c682a0a.php 第 152 行.
NOTIC: [8] Undefined variable: checkResult W:\wwwroot\Application\Runtime\Cache\Home\5adc889d0fc052854d74bd4b3c682a0a.php 第 153 行.
NOTIC: [8] Undefined index: result W:\wwwroot\Application\Runtime\Cache\Home\5adc889d0fc052854d74bd4b3c682a0a.php 第 175 行.
NOTIC: [8] Undefined variable: checkResult W:\wwwroot\Application\Runtime\Cache\Home\5adc889d0fc052854d74bd4b3c682a0a.php 第 152 行.
NOTIC: [8] Undefined variable: checkResult W:\wwwroot\Application\Runtime\Cache\Home\5adc889d0fc052854d74bd4b3c682a0a.php 第 153 行.
NOTIC: [8] Undefined index: result W:\wwwroot\Application\Runtime\Cache\Home\5adc889d0fc052854d74bd4b3c682a0a.php 第 175 行.
NOTIC: [8] Undefined variable: checkResult W:\wwwroot\Application\Runtime\Cache\Home\5adc889d0fc052854d74bd4b3c682a0a.php 第 152 行.
NOTIC: [8] Undefined variable: checkResult W:\wwwroot\Application\Runtime\Cache\Home\5adc889d0fc052854d74bd4b3c682a0a.php 第 153 行.
NOTIC: [8] Undefined index: result W:\wwwroot\Application\Runtime\Cache\Home\5adc889d0fc052854d74bd4b3c682a0a.php 第 175 行.
NOTIC: [8] Undefined variable: checkResult W:\wwwroot\Application\Runtime\Cache\Home\5adc889d0fc052854d74bd4b3c682a0a.php 第 152 行.
NOTIC: [8] Undefined variable: checkResult W:\wwwroot\Application\Runtime\Cache\Home\5adc889d0fc052854d74bd4b3c682a0a.php 第 153 行.
NOTIC: [8] Undefined index: result W:\wwwroot\Application\Runtime\Cache\Home\5adc889d0fc052854d74bd4b3c682a0a.php 第 175 行.
NOTIC: [8] Undefined variable: checkResult W:\wwwroot\Application\Runtime\Cache\Home\5adc889d0fc052854d74bd4b3c682a0a.php 第 196 行.
NOTIC: [8] Undefined variable: checkResult W:\wwwroot\Application\Runtime\Cache\Home\5adc889d0fc052854d74bd4b3c682a0a.php 第 197 行.
NOTIC: [8] Undefined index: result W:\wwwroot\Application\Runtime\Cache\Home\5adc889d0fc052854d74bd4b3c682a0a.php 第 219 行.
NOTIC: [8] Undefined variable: checkResult W:\wwwroot\Application\Runtime\Cache\Home\5adc889d0fc052854d74bd4b3c682a0a.php 第 196 行.
NOTIC: [8] Undefined variable: checkResult W:\wwwroot\Application\Runtime\Cache\Home\5adc889d0fc052854d74bd4b3c682a0a.php 第 197 行.
NOTIC: [8] Undefined index: result W:\wwwroot\Application\Runtime\Cache\Home\5adc889d0fc052854d74bd4b3c682a0a.php 第 219 行.
NOTIC: [8] Undefined variable: checkResult W:\wwwroot\Application\Runtime\Cache\Home\5adc889d0fc052854d74bd4b3c682a0a.php 第 196 行.
NOTIC: [8] Undefined variable: checkResult W:\wwwroot\Application\Runtime\Cache\Home\5adc889d0fc052854d74bd4b3c682a0a.php 第 197 行.
NOTIC: [8] Undefined index: result W:\wwwroot\Application\Runtime\Cache\Home\5adc889d0fc052854d74bd4b3c682a0a.php 第 219 行.
NOTIC: [8] Undefined variable: checkResult W:\wwwroot\Application\Runtime\Cache\Home\5adc889d0fc052854d74bd4b3c682a0a.php 第 196 行.
NOTIC: [8] Undefined variable: checkResult W:\wwwroot\Application\Runtime\Cache\Home\5adc889d0fc052854d74bd4b3c682a0a.php 第 197 行.
NOTIC: [8] Undefined index: result W:\wwwroot\Application\Runtime\Cache\Home\5adc889d0fc052854d74bd4b3c682a0a.php 第 219 行.
NOTIC: [8] Undefined variable: checkResult W:\wwwroot\Application\Runtime\Cache\Home\5adc889d0fc052854d74bd4b3c682a0a.php 第 196 行.
NOTIC: [8] Undefined variable: checkResult W:\wwwroot\Application\Runtime\Cache\Home\5adc889d0fc052854d74bd4b3c682a0a.php 第 197 行.
NOTIC: [8] Undefined index: result W:\wwwroot\Application\Runtime\Cache\Home\5adc889d0fc052854d74bd4b3c682a0a.php 第 219 行.
NOTIC: [8] Undefined variable: checkResult W:\wwwroot\Application\Runtime\Cache\Home\5adc889d0fc052854d74bd4b3c682a0a.php 第 196 行.
NOTIC: [8] Undefined variable: checkResult W:\wwwroot\Application\Runtime\Cache\Home\5adc889d0fc052854d74bd4b3c682a0a.php 第 197 行.
NOTIC: [8] Undefined index: result W:\wwwroot\Application\Runtime\Cache\Home\5adc889d0fc052854d74bd4b3c682a0a.php 第 219 行.
INFO: Run Behavior\ParseTemplateBehavior [ RunTime:0.017001s ]
INFO: [ view_parse ] --END-- [ RunTime:0.017001s ]
INFO: [ view_filter ] --START--
INFO: Run Behavior\WriteHtmlCacheBehavior [ RunTime:0.000000s ]
INFO: [ view_filter ] --END-- [ RunTime:0.000000s ]
INFO: [ app_end ] --START--
INFO: Run Behavior\ShowPageTraceBehavior [ RunTime:0.001000s ]
INFO: [ app_end ] --END-- [ RunTime:0.001000s ]

