[ 2015-10-12T10:26:39+08:00 ] 127.0.0.1 /
INFO: [ app_init ] --START--
INFO: Run Behavior\BuildLiteBehavior [ RunTime:0.000000s ]
INFO: [ app_init ] --END-- [ RunTime:0.002000s ]
INFO: [ app_begin ] --START--
INFO: Run Behavior\ReadHtmlCacheBehavior [ RunTime:0.007000s ]
INFO: [ app_begin ] --END-- [ RunTime:0.007000s ]
SQL: SHOW COLUMNS FROM `file` [ RunTime:0.0050s ]
SQL: SELECT COUNT(*) AS tp_count FROM `file` LIMIT 1   [ RunTime:0.0010s ]
SQL: SELECT * FROM `file` ORDER BY createtime LIMIT 0,25   [ RunTime:0.0000s ]
NOTIC: [8] Undefined variable: show W:\wwwroot\Application\Home\Controller\IndexController.class.php 第 15 行.
INFO: [ view_parse ] --START--
INFO: [ template_filter ] --START--
INFO: Run Behavior\ContentReplaceBehavior [ RunTime:0.000000s ]
INFO: [ template_filter ] --END-- [ RunTime:0.001000s ]
INFO: Run Behavior\ParseTemplateBehavior [ RunTime:0.053003s ]
INFO: [ view_parse ] --END-- [ RunTime:0.053003s ]
INFO: [ view_filter ] --START--
INFO: Run Behavior\WriteHtmlCacheBehavior [ RunTime:0.006001s ]
INFO: [ view_filter ] --END-- [ RunTime:0.006001s ]
INFO: [ app_end ] --START--
INFO: Run Behavior\ShowPageTraceBehavior [ RunTime:0.009000s ]
INFO: [ app_end ] --END-- [ RunTime:0.009000s ]

[ 2015-10-12T11:08:53+08:00 ] 127.0.0.1 /
INFO: [ app_init ] --START--
INFO: Run Behavior\BuildLiteBehavior [ RunTime:0.000000s ]
INFO: [ app_init ] --END-- [ RunTime:0.001000s ]
INFO: [ app_begin ] --START--
INFO: Run Behavior\ReadHtmlCacheBehavior [ RunTime:0.001000s ]
INFO: [ app_begin ] --END-- [ RunTime:0.001000s ]
SQL: SHOW COLUMNS FROM `file` [ RunTime:0.0010s ]
SQL: SELECT COUNT(*) AS tp_count FROM `file` LIMIT 1   [ RunTime:0.0000s ]
SQL: SELECT * FROM `file` ORDER BY createtime LIMIT 0,25   [ RunTime:0.0000s ]
NOTIC: [8] Undefined variable: show W:\wwwroot\Application\Home\Controller\IndexController.class.php 第 15 行.
INFO: [ view_parse ] --START--
INFO: [ template_filter ] --START--
INFO: Run Behavior\ContentReplaceBehavior [ RunTime:0.000000s ]
INFO: [ template_filter ] --END-- [ RunTime:0.000000s ]
INFO: Run Behavior\ParseTemplateBehavior [ RunTime:0.012001s ]
INFO: [ view_parse ] --END-- [ RunTime:0.012001s ]
INFO: [ view_filter ] --START--
INFO: Run Behavior\WriteHtmlCacheBehavior [ RunTime:0.000000s ]
INFO: [ view_filter ] --END-- [ RunTime:0.000000s ]
INFO: [ app_end ] --START--
INFO: Run Behavior\ShowPageTraceBehavior [ RunTime:0.000000s ]
INFO: [ app_end ] --END-- [ RunTime:0.000000s ]

[ 2015-10-12T11:09:26+08:00 ] 127.0.0.1 /
INFO: [ app_init ] --START--
INFO: Run Behavior\BuildLiteBehavior [ RunTime:0.000000s ]
INFO: [ app_init ] --END-- [ RunTime:0.001000s ]
INFO: [ app_begin ] --START--
INFO: Run Behavior\ReadHtmlCacheBehavior [ RunTime:0.001001s ]
INFO: [ app_begin ] --END-- [ RunTime:0.001001s ]
SQL: SHOW COLUMNS FROM `file` [ RunTime:0.0070s ]
SQL: SELECT COUNT(*) AS tp_count FROM `file` LIMIT 1   [ RunTime:0.0000s ]
SQL: SELECT * FROM `file` ORDER BY createtime LIMIT 0,25   [ RunTime:0.0010s ]
NOTIC: [8] Undefined variable: show W:\wwwroot\Application\Home\Controller\IndexController.class.php 第 15 行.
INFO: [ view_parse ] --START--
INFO: [ template_filter ] --START--
INFO: Run Behavior\ContentReplaceBehavior [ RunTime:0.000000s ]
INFO: [ template_filter ] --END-- [ RunTime:0.000000s ]
INFO: Run Behavior\ParseTemplateBehavior [ RunTime:0.030001s ]
INFO: [ view_parse ] --END-- [ RunTime:0.031001s ]
INFO: [ view_filter ] --START--
INFO: Run Behavior\WriteHtmlCacheBehavior [ RunTime:0.001000s ]
INFO: [ view_filter ] --END-- [ RunTime:0.001000s ]
INFO: [ app_end ] --START--
INFO: Run Behavior\ShowPageTraceBehavior [ RunTime:0.001000s ]
INFO: [ app_end ] --END-- [ RunTime:0.002000s ]

[ 2015-10-12T11:17:30+08:00 ] 127.0.0.1 /
INFO: [ app_init ] --START--
INFO: Run Behavior\BuildLiteBehavior [ RunTime:0.000000s ]
INFO: [ app_init ] --END-- [ RunTime:0.000000s ]
INFO: [ app_begin ] --START--
INFO: Run Behavior\ReadHtmlCacheBehavior [ RunTime:0.000000s ]
INFO: [ app_begin ] --END-- [ RunTime:0.001000s ]
SQL: SHOW COLUMNS FROM `file` [ RunTime:0.0010s ]
SQL: SELECT COUNT(*) AS tp_count FROM `file` LIMIT 1   [ RunTime:0.0000s ]
SQL: SELECT * FROM `file` ORDER BY createtime LIMIT 0,25   [ RunTime:0.0000s ]
NOTIC: [8] Undefined variable: show W:\wwwroot\Application\Home\Controller\IndexController.class.php 第 15 行.
INFO: [ view_parse ] --START--
INFO: [ template_filter ] --START--
INFO: Run Behavior\ContentReplaceBehavior [ RunTime:0.000000s ]
INFO: [ template_filter ] --END-- [ RunTime:0.000000s ]
INFO: Run Behavior\ParseTemplateBehavior [ RunTime:0.011001s ]
INFO: [ view_parse ] --END-- [ RunTime:0.011001s ]
INFO: [ view_filter ] --START--
INFO: Run Behavior\WriteHtmlCacheBehavior [ RunTime:0.000000s ]
INFO: [ view_filter ] --END-- [ RunTime:0.001000s ]
INFO: [ app_end ] --START--
INFO: Run Behavior\ShowPageTraceBehavior [ RunTime:0.001000s ]
INFO: [ app_end ] --END-- [ RunTime:0.001000s ]

[ 2015-10-12T11:27:01+08:00 ] 127.0.0.1 /
INFO: [ app_init ] --START--
INFO: Run Behavior\BuildLiteBehavior [ RunTime:0.000000s ]
INFO: [ app_init ] --END-- [ RunTime:0.001000s ]
INFO: [ app_begin ] --START--
INFO: Run Behavior\ReadHtmlCacheBehavior [ RunTime:0.001000s ]
INFO: [ app_begin ] --END-- [ RunTime:0.001000s ]
SQL: SHOW COLUMNS FROM `file` [ RunTime:0.0030s ]
SQL: SELECT COUNT(*) AS tp_count FROM `file` LIMIT 1   [ RunTime:0.0000s ]
SQL: SELECT * FROM `file` ORDER BY createtime LIMIT 0,25   [ RunTime:0.0010s ]
NOTIC: [8] Undefined variable: show W:\wwwroot\Application\Home\Controller\IndexController.class.php 第 15 行.
INFO: [ view_parse ] --START--
INFO: [ template_filter ] --START--
INFO: Run Behavior\ContentReplaceBehavior [ RunTime:0.000000s ]
INFO: [ template_filter ] --END-- [ RunTime:0.001000s ]
INFO: Run Behavior\ParseTemplateBehavior [ RunTime:0.017001s ]
INFO: [ view_parse ] --END-- [ RunTime:0.018001s ]
INFO: [ view_filter ] --START--
INFO: Run Behavior\WriteHtmlCacheBehavior [ RunTime:0.000000s ]
INFO: [ view_filter ] --END-- [ RunTime:0.001000s ]
INFO: [ app_end ] --START--
INFO: Run Behavior\ShowPageTraceBehavior [ RunTime:0.001000s ]
INFO: [ app_end ] --END-- [ RunTime:0.001000s ]

[ 2015-10-12T11:33:36+08:00 ] 127.0.0.1 /
INFO: [ app_init ] --START--
INFO: Run Behavior\BuildLiteBehavior [ RunTime:0.000000s ]
INFO: [ app_init ] --END-- [ RunTime:0.000000s ]
INFO: [ app_begin ] --START--
INFO: Run Behavior\ReadHtmlCacheBehavior [ RunTime:0.000000s ]
INFO: [ app_begin ] --END-- [ RunTime:0.000000s ]
SQL: SHOW COLUMNS FROM `file` [ RunTime:0.0020s ]
SQL: SELECT COUNT(*) AS tp_count FROM `file` LIMIT 1   [ RunTime:0.0000s ]
SQL: SELECT * FROM `file` ORDER BY createtime LIMIT 0,25   [ RunTime:0.0000s ]
NOTIC: [8] Undefined variable: show W:\wwwroot\Application\Home\Controller\IndexController.class.php 第 15 行.
INFO: [ view_parse ] --START--
INFO: [ template_filter ] --START--
INFO: Run Behavior\ContentReplaceBehavior [ RunTime:0.000000s ]
INFO: [ template_filter ] --END-- [ RunTime:0.001000s ]
INFO: Run Behavior\ParseTemplateBehavior [ RunTime:0.012001s ]
INFO: [ view_parse ] --END-- [ RunTime:0.012001s ]
INFO: [ view_filter ] --START--
INFO: Run Behavior\WriteHtmlCacheBehavior [ RunTime:0.001000s ]
INFO: [ view_filter ] --END-- [ RunTime:0.001000s ]
INFO: [ app_end ] --START--
INFO: Run Behavior\ShowPageTraceBehavior [ RunTime:0.000000s ]
INFO: [ app_end ] --END-- [ RunTime:0.001000s ]

[ 2015-10-12T11:35:11+08:00 ] 127.0.0.1 /
INFO: [ app_init ] --START--
INFO: Run Behavior\BuildLiteBehavior [ RunTime:0.000000s ]
INFO: [ app_init ] --END-- [ RunTime:0.000000s ]
INFO: [ app_begin ] --START--
INFO: Run Behavior\ReadHtmlCacheBehavior [ RunTime:0.000000s ]
INFO: [ app_begin ] --END-- [ RunTime:0.000000s ]
SQL: SHOW COLUMNS FROM `file` [ RunTime:0.0020s ]
SQL: SELECT COUNT(*) AS tp_count FROM `file` LIMIT 1   [ RunTime:0.0000s ]
SQL: SELECT * FROM `file` ORDER BY createtime LIMIT 0,25   [ RunTime:0.0730s ]
NOTIC: [8] Undefined variable: show W:\wwwroot\Application\Home\Controller\IndexController.class.php 第 15 行.
INFO: [ view_parse ] --START--
INFO: [ template_filter ] --START--
INFO: Run Behavior\ContentReplaceBehavior [ RunTime:0.000000s ]
INFO: [ template_filter ] --END-- [ RunTime:0.000000s ]
INFO: Run Behavior\ParseTemplateBehavior [ RunTime:0.071005s ]
INFO: [ view_parse ] --END-- [ RunTime:0.071005s ]
INFO: [ view_filter ] --START--
INFO: Run Behavior\WriteHtmlCacheBehavior [ RunTime:0.000000s ]
INFO: [ view_filter ] --END-- [ RunTime:0.001000s ]
INFO: [ app_end ] --START--
INFO: Run Behavior\ShowPageTraceBehavior [ RunTime:0.002000s ]
INFO: [ app_end ] --END-- [ RunTime:0.002000s ]

[ 2015-10-12T11:40:54+08:00 ] 127.0.0.1 /
INFO: [ app_init ] --START--
INFO: Run Behavior\BuildLiteBehavior [ RunTime:0.000000s ]
INFO: [ app_init ] --END-- [ RunTime:0.001000s ]
INFO: [ app_begin ] --START--
INFO: Run Behavior\ReadHtmlCacheBehavior [ RunTime:0.001001s ]
INFO: [ app_begin ] --END-- [ RunTime:0.001001s ]
SQL: SHOW COLUMNS FROM `file` [ RunTime:0.0020s ]
SQL: SELECT COUNT(*) AS tp_count FROM `file` LIMIT 1   [ RunTime:0.0000s ]
SQL: SELECT * FROM `file` ORDER BY createtime LIMIT 0,25   [ RunTime:0.0000s ]
NOTIC: [8] Undefined variable: show W:\wwwroot\Application\Home\Controller\IndexController.class.php 第 15 行.
INFO: [ view_parse ] --START--
INFO: [ template_filter ] --START--
INFO: Run Behavior\ContentReplaceBehavior [ RunTime:0.000000s ]
INFO: [ template_filter ] --END-- [ RunTime:0.000000s ]
INFO: Run Behavior\ParseTemplateBehavior [ RunTime:0.011001s ]
INFO: [ view_parse ] --END-- [ RunTime:0.011001s ]
INFO: [ view_filter ] --START--
INFO: Run Behavior\WriteHtmlCacheBehavior [ RunTime:0.000000s ]
INFO: [ view_filter ] --END-- [ RunTime:0.001000s ]
INFO: [ app_end ] --START--
INFO: Run Behavior\ShowPageTraceBehavior [ RunTime:0.001000s ]
INFO: [ app_end ] --END-- [ RunTime:0.001000s ]

[ 2015-10-12T11:54:25+08:00 ] 127.0.0.1 /
INFO: [ app_init ] --START--
INFO: Run Behavior\BuildLiteBehavior [ RunTime:0.000000s ]
INFO: [ app_init ] --END-- [ RunTime:0.001000s ]
INFO: [ app_begin ] --START--
INFO: Run Behavior\ReadHtmlCacheBehavior [ RunTime:0.000000s ]
INFO: [ app_begin ] --END-- [ RunTime:0.002000s ]
SQL: SHOW COLUMNS FROM `file` [ RunTime:0.0020s ]
SQL: SELECT COUNT(*) AS tp_count FROM `file` LIMIT 1   [ RunTime:0.0000s ]
SQL: SELECT * FROM `file` ORDER BY createtime LIMIT 0,25   [ RunTime:0.0000s ]
NOTIC: [8] Undefined variable: show W:\wwwroot\Application\Home\Controller\IndexController.class.php 第 15 行.
INFO: [ view_parse ] --START--
INFO: [ template_filter ] --START--
INFO: Run Behavior\ContentReplaceBehavior [ RunTime:0.001000s ]
INFO: [ template_filter ] --END-- [ RunTime:0.001000s ]
INFO: Run Behavior\ParseTemplateBehavior [ RunTime:0.010000s ]
INFO: [ view_parse ] --END-- [ RunTime:0.010000s ]
INFO: [ view_filter ] --START--
INFO: Run Behavior\WriteHtmlCacheBehavior [ RunTime:0.000000s ]
INFO: [ view_filter ] --END-- [ RunTime:0.001000s ]
INFO: [ app_end ] --START--
INFO: Run Behavior\ShowPageTraceBehavior [ RunTime:0.000000s ]
INFO: [ app_end ] --END-- [ RunTime:0.000000s ]

[ 2015-10-12T11:54:28+08:00 ] 127.0.0.1 /index.php/Home/Report/show/md5/64d0c48b2add6f71c3c2c79e39c1d4bf
INFO: [ app_init ] --START--
INFO: Run Behavior\BuildLiteBehavior [ RunTime:0.000000s ]
INFO: [ app_init ] --END-- [ RunTime:0.001000s ]
INFO: [ app_begin ] --START--
INFO: Run Behavior\ReadHtmlCacheBehavior [ RunTime:0.002000s ]
INFO: [ app_begin ] --END-- [ RunTime:0.002000s ]
NOTIC: [2048] Declaration of Home\Controller\ReportController::show() should be compatible with Think\Controller::show($content, $charset = '', $contentType = '', $prefix = '') W:\wwwroot\Application\Home\Controller\ReportController.class.php 第 134 行.
SQL: SHOW COLUMNS FROM `file` [ RunTime:0.0040s ]
SQL: SELECT * FROM `file` WHERE `md5` = '64d0c48b2add6f71c3c2c79e39c1d4bf' LIMIT 1   [ RunTime:0.0010s ]
SQL: SHOW COLUMNS FROM `risk` [ RunTime:0.0040s ]
SQL: SHOW COLUMNS FROM `analysis` [ RunTime:0.0030s ]
SQL: SELECT * FROM `risk` WHERE `assessid` = 2 AND `ischeck` = 1 ORDER BY risklevel desc  [ RunTime:0.0010s ]
SQL: SELECT * FROM `analysis` WHERE `riskid` = 1 AND `fileid` = 18 LIMIT 1   [ RunTime:0.0010s ]
SQL: SELECT * FROM `analysis` WHERE `riskid` = 12 AND `fileid` = 18 LIMIT 1   [ RunTime:0.0000s ]
SQL: SELECT * FROM `analysis` WHERE `riskid` = 4 AND `fileid` = 18 LIMIT 1   [ RunTime:0.0000s ]
SQL: SELECT * FROM `analysis` WHERE `riskid` = 5 AND `fileid` = 18 LIMIT 1   [ RunTime:0.0000s ]
SQL: SELECT * FROM `analysis` WHERE `riskid` = 14 AND `fileid` = 18 LIMIT 1   [ RunTime:0.0000s ]
SQL: SELECT * FROM `risk` WHERE `assessid` = 1 AND `ischeck` = 1 ORDER BY risklevel desc  [ RunTime:0.0000s ]
SQL: SELECT * FROM `analysis` WHERE `riskid` = 3 AND `fileid` = 18 LIMIT 1   [ RunTime:0.0000s ]
SQL: SELECT * FROM `analysis` WHERE `riskid` = 2 AND `fileid` = 18 LIMIT 1   [ RunTime:0.0000s ]
SQL: SELECT * FROM `analysis` WHERE `riskid` = 6 AND `fileid` = 18 LIMIT 1   [ RunTime:0.0000s ]
SQL: SELECT * FROM `analysis` WHERE `riskid` = 7 AND `fileid` = 18 LIMIT 1   [ RunTime:0.0000s ]
SQL: SELECT * FROM `analysis` WHERE `riskid` = 8 AND `fileid` = 18 LIMIT 1   [ RunTime:0.0000s ]
SQL: SELECT * FROM `analysis` WHERE `riskid` = 9 AND `fileid` = 18 LIMIT 1   [ RunTime:0.0000s ]
SQL: SELECT * FROM `analysis` WHERE `riskid` = 10 AND `fileid` = 18 LIMIT 1   [ RunTime:0.0010s ]
SQL: SELECT * FROM `risk` WHERE `assessid` = 3 AND `ischeck` = 1 ORDER BY risklevel desc  [ RunTime:0.0010s ]
SQL: SELECT * FROM `analysis` WHERE `riskid` = 13 AND `fileid` = 18 LIMIT 1   [ RunTime:0.0000s ]
SQL: SELECT * FROM `analysis` WHERE `riskid` = 15 AND `fileid` = 18 LIMIT 1   [ RunTime:0.0000s ]
SQL: SELECT * FROM `analysis` WHERE `riskid` = 17 AND `fileid` = 18 LIMIT 1   [ RunTime:0.0000s ]
SQL: SELECT * FROM `analysis` WHERE `riskid` = 18 AND `fileid` = 18 LIMIT 1   [ RunTime:0.0000s ]
SQL: SELECT * FROM `analysis` WHERE `riskid` = 19 AND `fileid` = 18 LIMIT 1   [ RunTime:0.0000s ]
SQL: SELECT * FROM `analysis` WHERE `riskid` = 20 AND `fileid` = 18 LIMIT 1   [ RunTime:0.0010s ]
SQL: SELECT * FROM `analysis` WHERE `riskid` = 21 AND `fileid` = 18 LIMIT 1   [ RunTime:0.0000s ]
SQL: SELECT * FROM `analysis` WHERE `riskid` = 16 AND `fileid` = 18 LIMIT 1   [ RunTime:0.0000s ]
SQL: SELECT * FROM `analysis` WHERE `riskid` = 11 AND `fileid` = 18 LIMIT 1   [ RunTime:0.0000s ]
SQL: SELECT * FROM `analysis` WHERE `riskid` = 22 AND `fileid` = 18 LIMIT 1   [ RunTime:0.0000s ]
SQL: SELECT * FROM `analysis` WHERE `riskid` = 23 AND `fileid` = 18 LIMIT 1   [ RunTime:0.0010s ]
SQL: SELECT * FROM `analysis` WHERE `riskid` = 24 AND `fileid` = 18 LIMIT 1   [ RunTime:0.0000s ]
SQL: SELECT * FROM `analysis` WHERE `riskid` = 25 AND `fileid` = 18 LIMIT 1   [ RunTime:0.0000s ]
INFO: [ view_parse ] --START--
INFO: [ template_filter ] --START--
INFO: Run Behavior\ContentReplaceBehavior [ RunTime:0.001000s ]
INFO: [ template_filter ] --END-- [ RunTime:0.001000s ]
INFO: Run Behavior\ParseTemplateBehavior [ RunTime:0.037002s ]
INFO: [ view_parse ] --END-- [ RunTime:0.037002s ]
INFO: [ view_filter ] --START--
INFO: Run Behavior\WriteHtmlCacheBehavior [ RunTime:0.000000s ]
INFO: [ view_filter ] --END-- [ RunTime:0.000000s ]
INFO: [ app_end ] --START--
INFO: Run Behavior\ShowPageTraceBehavior [ RunTime:0.000000s ]
INFO: [ app_end ] --END-- [ RunTime:0.001000s ]

[ 2015-10-12T11:57:13+08:00 ] 127.0.0.1 /index.php/Home/Report/log/md5/64d0c48b2add6f71c3c2c79e39c1d4bf
INFO: [ app_init ] --START--
INFO: Run Behavior\BuildLiteBehavior [ RunTime:0.000000s ]
INFO: [ app_init ] --END-- [ RunTime:0.001000s ]
INFO: [ app_begin ] --START--
INFO: Run Behavior\ReadHtmlCacheBehavior [ RunTime:0.001000s ]
INFO: [ app_begin ] --END-- [ RunTime:0.001000s ]
NOTIC: [2048] Declaration of Home\Controller\ReportController::show() should be compatible with Think\Controller::show($content, $charset = '', $contentType = '', $prefix = '') W:\wwwroot\Application\Home\Controller\ReportController.class.php 第 134 行.
INFO: [ view_parse ] --START--
INFO: [ template_filter ] --START--
INFO: Run Behavior\ContentReplaceBehavior [ RunTime:0.001000s ]
INFO: [ template_filter ] --END-- [ RunTime:0.001000s ]
INFO: Run Behavior\ParseTemplateBehavior [ RunTime:0.024001s ]
INFO: [ view_parse ] --END-- [ RunTime:0.025001s ]
INFO: [ view_filter ] --START--
INFO: Run Behavior\WriteHtmlCacheBehavior [ RunTime:0.001000s ]
INFO: [ view_filter ] --END-- [ RunTime:0.001000s ]
INFO: [ app_end ] --START--
INFO: Run Behavior\ShowPageTraceBehavior [ RunTime:0.001000s ]
INFO: [ app_end ] --END-- [ RunTime:0.001000s ]

[ 2015-10-12T15:14:03+08:00 ] 127.0.0.1 /index.php/Home/Report/show/md5/64d0c48b2add6f71c3c2c79e39c1d4bf
INFO: [ app_init ] --START--
INFO: Run Behavior\BuildLiteBehavior [ RunTime:0.000000s ]
INFO: [ app_init ] --END-- [ RunTime:0.001000s ]
INFO: [ app_begin ] --START--
INFO: Run Behavior\ReadHtmlCacheBehavior [ RunTime:0.001000s ]
INFO: [ app_begin ] --END-- [ RunTime:0.001000s ]
NOTIC: [2048] Declaration of Home\Controller\ReportController::show() should be compatible with Think\Controller::show($content, $charset = '', $contentType = '', $prefix = '') W:\wwwroot\Application\Home\Controller\ReportController.class.php 第 134 行.
SQL: SHOW COLUMNS FROM `file` [ RunTime:0.0020s ]
SQL: SELECT * FROM `file` WHERE `md5` = '64d0c48b2add6f71c3c2c79e39c1d4bf' LIMIT 1   [ RunTime:0.0000s ]
SQL: SHOW COLUMNS FROM `risk` [ RunTime:0.0020s ]
SQL: SHOW COLUMNS FROM `analysis` [ RunTime:0.0020s ]
SQL: SELECT * FROM `risk` WHERE `assessid` = 2 AND `ischeck` = 1 ORDER BY risklevel desc  [ RunTime:0.0000s ]
SQL: SELECT * FROM `analysis` WHERE `riskid` = 1 AND `fileid` = 18 LIMIT 1   [ RunTime:0.0000s ]
SQL: SELECT * FROM `analysis` WHERE `riskid` = 12 AND `fileid` = 18 LIMIT 1   [ RunTime:0.0000s ]
SQL: SELECT * FROM `analysis` WHERE `riskid` = 4 AND `fileid` = 18 LIMIT 1   [ RunTime:0.0000s ]
SQL: SELECT * FROM `analysis` WHERE `riskid` = 5 AND `fileid` = 18 LIMIT 1   [ RunTime:0.0000s ]
SQL: SELECT * FROM `analysis` WHERE `riskid` = 14 AND `fileid` = 18 LIMIT 1   [ RunTime:0.0000s ]
SQL: SELECT * FROM `risk` WHERE `assessid` = 1 AND `ischeck` = 1 ORDER BY risklevel desc  [ RunTime:0.0000s ]
SQL: SELECT * FROM `analysis` WHERE `riskid` = 3 AND `fileid` = 18 LIMIT 1   [ RunTime:0.0010s ]
SQL: SELECT * FROM `analysis` WHERE `riskid` = 2 AND `fileid` = 18 LIMIT 1   [ RunTime:0.0000s ]
SQL: SELECT * FROM `analysis` WHERE `riskid` = 6 AND `fileid` = 18 LIMIT 1   [ RunTime:0.0000s ]
SQL: SELECT * FROM `analysis` WHERE `riskid` = 7 AND `fileid` = 18 LIMIT 1   [ RunTime:0.0000s ]
SQL: SELECT * FROM `analysis` WHERE `riskid` = 8 AND `fileid` = 18 LIMIT 1   [ RunTime:0.0000s ]
SQL: SELECT * FROM `analysis` WHERE `riskid` = 9 AND `fileid` = 18 LIMIT 1   [ RunTime:0.0000s ]
SQL: SELECT * FROM `analysis` WHERE `riskid` = 10 AND `fileid` = 18 LIMIT 1   [ RunTime:0.0000s ]
SQL: SELECT * FROM `risk` WHERE `assessid` = 3 AND `ischeck` = 1 ORDER BY risklevel desc  [ RunTime:0.0000s ]
SQL: SELECT * FROM `analysis` WHERE `riskid` = 13 AND `fileid` = 18 LIMIT 1   [ RunTime:0.0000s ]
SQL: SELECT * FROM `analysis` WHERE `riskid` = 15 AND `fileid` = 18 LIMIT 1   [ RunTime:0.0000s ]
SQL: SELECT * FROM `analysis` WHERE `riskid` = 17 AND `fileid` = 18 LIMIT 1   [ RunTime:0.0000s ]
SQL: SELECT * FROM `analysis` WHERE `riskid` = 18 AND `fileid` = 18 LIMIT 1   [ RunTime:0.0010s ]
SQL: SELECT * FROM `analysis` WHERE `riskid` = 19 AND `fileid` = 18 LIMIT 1   [ RunTime:0.0000s ]
SQL: SELECT * FROM `analysis` WHERE `riskid` = 20 AND `fileid` = 18 LIMIT 1   [ RunTime:0.0000s ]
SQL: SELECT * FROM `analysis` WHERE `riskid` = 21 AND `fileid` = 18 LIMIT 1   [ RunTime:0.0000s ]
SQL: SELECT * FROM `analysis` WHERE `riskid` = 16 AND `fileid` = 18 LIMIT 1   [ RunTime:0.0000s ]
SQL: SELECT * FROM `analysis` WHERE `riskid` = 11 AND `fileid` = 18 LIMIT 1   [ RunTime:0.0000s ]
SQL: SELECT * FROM `analysis` WHERE `riskid` = 22 AND `fileid` = 18 LIMIT 1   [ RunTime:0.0000s ]
SQL: SELECT * FROM `analysis` WHERE `riskid` = 23 AND `fileid` = 18 LIMIT 1   [ RunTime:0.0010s ]
SQL: SELECT * FROM `analysis` WHERE `riskid` = 24 AND `fileid` = 18 LIMIT 1   [ RunTime:0.0000s ]
SQL: SELECT * FROM `analysis` WHERE `riskid` = 25 AND `fileid` = 18 LIMIT 1   [ RunTime:0.0000s ]
INFO: [ view_parse ] --START--
INFO: [ template_filter ] --START--
INFO: Run Behavior\ContentReplaceBehavior [ RunTime:0.000000s ]
INFO: [ template_filter ] --END-- [ RunTime:0.000000s ]
INFO: Run Behavior\ParseTemplateBehavior [ RunTime:0.018001s ]
INFO: [ view_parse ] --END-- [ RunTime:0.018001s ]
INFO: [ view_filter ] --START--
INFO: Run Behavior\WriteHtmlCacheBehavior [ RunTime:0.000000s ]
INFO: [ view_filter ] --END-- [ RunTime:0.001000s ]
INFO: [ app_end ] --START--
INFO: Run Behavior\ShowPageTraceBehavior [ RunTime:0.001000s ]
INFO: [ app_end ] --END-- [ RunTime:0.001000s ]

[ 2015-10-12T17:04:07+08:00 ] 127.0.0.1 /index.php/Home/Report/show/md5/64d0c48b2add6f71c3c2c79e39c1d4bf
INFO: [ app_init ] --START--
INFO: Run Behavior\BuildLiteBehavior [ RunTime:0.000000s ]
INFO: [ app_init ] --END-- [ RunTime:0.000000s ]
INFO: [ app_begin ] --START--
INFO: Run Behavior\ReadHtmlCacheBehavior [ RunTime:0.001000s ]
INFO: [ app_begin ] --END-- [ RunTime:0.001000s ]
NOTIC: [2048] Declaration of Home\Controller\ReportController::show() should be compatible with Think\Controller::show($content, $charset = '', $contentType = '', $prefix = '') W:\wwwroot\Application\Home\Controller\ReportController.class.php 第 134 行.
SQL: SHOW COLUMNS FROM `file` [ RunTime:0.0020s ]
SQL: SELECT * FROM `file` WHERE `md5` = '64d0c48b2add6f71c3c2c79e39c1d4bf' LIMIT 1   [ RunTime:0.0000s ]
SQL: SHOW COLUMNS FROM `risk` [ RunTime:0.0010s ]
SQL: SHOW COLUMNS FROM `analysis` [ RunTime:0.0020s ]
SQL: SELECT * FROM `risk` WHERE `assessid` = 2 AND `ischeck` = 1 ORDER BY risklevel desc  [ RunTime:0.0010s ]
SQL: SELECT * FROM `analysis` WHERE `riskid` = 1 AND `fileid` = 18 LIMIT 1   [ RunTime:0.0000s ]
SQL: SELECT * FROM `analysis` WHERE `riskid` = 12 AND `fileid` = 18 LIMIT 1   [ RunTime:0.0000s ]
SQL: SELECT * FROM `analysis` WHERE `riskid` = 4 AND `fileid` = 18 LIMIT 1   [ RunTime:0.0000s ]
SQL: SELECT * FROM `analysis` WHERE `riskid` = 5 AND `fileid` = 18 LIMIT 1   [ RunTime:0.0000s ]
SQL: SELECT * FROM `analysis` WHERE `riskid` = 14 AND `fileid` = 18 LIMIT 1   [ RunTime:0.0000s ]
SQL: SELECT * FROM `risk` WHERE `assessid` = 1 AND `ischeck` = 1 ORDER BY risklevel desc  [ RunTime:0.0000s ]
SQL: SELECT * FROM `analysis` WHERE `riskid` = 3 AND `fileid` = 18 LIMIT 1   [ RunTime:0.0000s ]
SQL: SELECT * FROM `analysis` WHERE `riskid` = 2 AND `fileid` = 18 LIMIT 1   [ RunTime:0.0000s ]
SQL: SELECT * FROM `analysis` WHERE `riskid` = 6 AND `fileid` = 18 LIMIT 1   [ RunTime:0.0000s ]
SQL: SELECT * FROM `analysis` WHERE `riskid` = 7 AND `fileid` = 18 LIMIT 1   [ RunTime:0.0010s ]
SQL: SELECT * FROM `analysis` WHERE `riskid` = 8 AND `fileid` = 18 LIMIT 1   [ RunTime:0.0000s ]
SQL: SELECT * FROM `analysis` WHERE `riskid` = 9 AND `fileid` = 18 LIMIT 1   [ RunTime:0.0000s ]
SQL: SELECT * FROM `analysis` WHERE `riskid` = 10 AND `fileid` = 18 LIMIT 1   [ RunTime:0.0000s ]
SQL: SELECT * FROM `risk` WHERE `assessid` = 3 AND `ischeck` = 1 ORDER BY risklevel desc  [ RunTime:0.0000s ]
SQL: SELECT * FROM `analysis` WHERE `riskid` = 13 AND `fileid` = 18 LIMIT 1   [ RunTime:0.0010s ]
SQL: SELECT * FROM `analysis` WHERE `riskid` = 15 AND `fileid` = 18 LIMIT 1   [ RunTime:0.0000s ]
SQL: SELECT * FROM `analysis` WHERE `riskid` = 17 AND `fileid` = 18 LIMIT 1   [ RunTime:0.0010s ]
SQL: SELECT * FROM `analysis` WHERE `riskid` = 18 AND `fileid` = 18 LIMIT 1   [ RunTime:0.0000s ]
SQL: SELECT * FROM `analysis` WHERE `riskid` = 19 AND `fileid` = 18 LIMIT 1   [ RunTime:0.0000s ]
SQL: SELECT * FROM `analysis` WHERE `riskid` = 20 AND `fileid` = 18 LIMIT 1   [ RunTime:0.0000s ]
SQL: SELECT * FROM `analysis` WHERE `riskid` = 21 AND `fileid` = 18 LIMIT 1   [ RunTime:0.0000s ]
SQL: SELECT * FROM `analysis` WHERE `riskid` = 16 AND `fileid` = 18 LIMIT 1   [ RunTime:0.0000s ]
SQL: SELECT * FROM `analysis` WHERE `riskid` = 11 AND `fileid` = 18 LIMIT 1   [ RunTime:0.0000s ]
SQL: SELECT * FROM `analysis` WHERE `riskid` = 22 AND `fileid` = 18 LIMIT 1   [ RunTime:0.0000s ]
SQL: SELECT * FROM `analysis` WHERE `riskid` = 23 AND `fileid` = 18 LIMIT 1   [ RunTime:0.0000s ]
SQL: SELECT * FROM `analysis` WHERE `riskid` = 24 AND `fileid` = 18 LIMIT 1   [ RunTime:0.0000s ]
SQL: SELECT * FROM `analysis` WHERE `riskid` = 25 AND `fileid` = 18 LIMIT 1   [ RunTime:0.0000s ]
INFO: [ view_parse ] --START--
INFO: [ template_filter ] --START--
INFO: Run Behavior\ContentReplaceBehavior [ RunTime:0.001000s ]
INFO: [ template_filter ] --END-- [ RunTime:0.001000s ]
INFO: Run Behavior\ParseTemplateBehavior [ RunTime:0.019001s ]
INFO: [ view_parse ] --END-- [ RunTime:0.019001s ]
INFO: [ view_filter ] --START--
INFO: Run Behavior\WriteHtmlCacheBehavior [ RunTime:0.001000s ]
INFO: [ view_filter ] --END-- [ RunTime:0.001000s ]
INFO: [ app_end ] --START--
INFO: Run Behavior\ShowPageTraceBehavior [ RunTime:0.001000s ]
INFO: [ app_end ] --END-- [ RunTime:0.001000s ]

[ 2015-10-12T17:04:12+08:00 ] 127.0.0.1 /index.php/Home/Report/show/md5/64d0c48b2add6f71c3c2c79e39c1d4bf
INFO: [ app_init ] --START--
INFO: Run Behavior\BuildLiteBehavior [ RunTime:0.000000s ]
INFO: [ app_init ] --END-- [ RunTime:0.001000s ]
INFO: [ app_begin ] --START--
INFO: Run Behavior\ReadHtmlCacheBehavior [ RunTime:0.001000s ]
INFO: [ app_begin ] --END-- [ RunTime:0.001000s ]
NOTIC: [2048] Declaration of Home\Controller\ReportController::show() should be compatible with Think\Controller::show($content, $charset = '', $contentType = '', $prefix = '') W:\wwwroot\Application\Home\Controller\ReportController.class.php 第 134 行.
SQL: SHOW COLUMNS FROM `file` [ RunTime:0.0020s ]
SQL: SELECT * FROM `file` WHERE `md5` = '64d0c48b2add6f71c3c2c79e39c1d4bf' LIMIT 1   [ RunTime:0.0010s ]
SQL: SHOW COLUMNS FROM `risk` [ RunTime:0.0020s ]
SQL: SHOW COLUMNS FROM `analysis` [ RunTime:0.0010s ]
SQL: SELECT * FROM `risk` WHERE `assessid` = 2 AND `ischeck` = 1 ORDER BY risklevel desc  [ RunTime:0.0000s ]
SQL: SELECT * FROM `analysis` WHERE `riskid` = 1 AND `fileid` = 18 LIMIT 1   [ RunTime:0.0010s ]
SQL: SELECT * FROM `analysis` WHERE `riskid` = 12 AND `fileid` = 18 LIMIT 1   [ RunTime:0.0000s ]
SQL: SELECT * FROM `analysis` WHERE `riskid` = 4 AND `fileid` = 18 LIMIT 1   [ RunTime:0.0010s ]
SQL: SELECT * FROM `analysis` WHERE `riskid` = 5 AND `fileid` = 18 LIMIT 1   [ RunTime:0.0000s ]
SQL: SELECT * FROM `analysis` WHERE `riskid` = 14 AND `fileid` = 18 LIMIT 1   [ RunTime:0.0000s ]
SQL: SELECT * FROM `risk` WHERE `assessid` = 1 AND `ischeck` = 1 ORDER BY risklevel desc  [ RunTime:0.0010s ]
SQL: SELECT * FROM `analysis` WHERE `riskid` = 3 AND `fileid` = 18 LIMIT 1   [ RunTime:0.0000s ]
SQL: SELECT * FROM `analysis` WHERE `riskid` = 2 AND `fileid` = 18 LIMIT 1   [ RunTime:0.0000s ]
SQL: SELECT * FROM `analysis` WHERE `riskid` = 6 AND `fileid` = 18 LIMIT 1   [ RunTime:0.0000s ]
SQL: SELECT * FROM `analysis` WHERE `riskid` = 7 AND `fileid` = 18 LIMIT 1   [ RunTime:0.0000s ]
SQL: SELECT * FROM `analysis` WHERE `riskid` = 8 AND `fileid` = 18 LIMIT 1   [ RunTime:0.0000s ]
SQL: SELECT * FROM `analysis` WHERE `riskid` = 9 AND `fileid` = 18 LIMIT 1   [ RunTime:0.0000s ]
SQL: SELECT * FROM `analysis` WHERE `riskid` = 10 AND `fileid` = 18 LIMIT 1   [ RunTime:0.0000s ]
SQL: SELECT * FROM `risk` WHERE `assessid` = 3 AND `ischeck` = 1 ORDER BY risklevel desc  [ RunTime:0.0000s ]
SQL: SELECT * FROM `analysis` WHERE `riskid` = 13 AND `fileid` = 18 LIMIT 1   [ RunTime:0.0000s ]
SQL: SELECT * FROM `analysis` WHERE `riskid` = 15 AND `fileid` = 18 LIMIT 1   [ RunTime:0.0000s ]
SQL: SELECT * FROM `analysis` WHERE `riskid` = 17 AND `fileid` = 18 LIMIT 1   [ RunTime:0.0000s ]
SQL: SELECT * FROM `analysis` WHERE `riskid` = 18 AND `fileid` = 18 LIMIT 1   [ RunTime:0.0000s ]
SQL: SELECT * FROM `analysis` WHERE `riskid` = 19 AND `fileid` = 18 LIMIT 1   [ RunTime:0.0000s ]
SQL: SELECT * FROM `analysis` WHERE `riskid` = 20 AND `fileid` = 18 LIMIT 1   [ RunTime:0.0000s ]
SQL: SELECT * FROM `analysis` WHERE `riskid` = 21 AND `fileid` = 18 LIMIT 1   [ RunTime:0.0000s ]
SQL: SELECT * FROM `analysis` WHERE `riskid` = 16 AND `fileid` = 18 LIMIT 1   [ RunTime:0.0000s ]
SQL: SELECT * FROM `analysis` WHERE `riskid` = 11 AND `fileid` = 18 LIMIT 1   [ RunTime:0.0000s ]
SQL: SELECT * FROM `analysis` WHERE `riskid` = 22 AND `fileid` = 18 LIMIT 1   [ RunTime:0.0000s ]
SQL: SELECT * FROM `analysis` WHERE `riskid` = 23 AND `fileid` = 18 LIMIT 1   [ RunTime:0.0000s ]
SQL: SELECT * FROM `analysis` WHERE `riskid` = 24 AND `fileid` = 18 LIMIT 1   [ RunTime:0.0000s ]
SQL: SELECT * FROM `analysis` WHERE `riskid` = 25 AND `fileid` = 18 LIMIT 1   [ RunTime:0.0010s ]
INFO: [ view_parse ] --START--
INFO: [ template_filter ] --START--
INFO: Run Behavior\ContentReplaceBehavior [ RunTime:0.000000s ]
INFO: [ template_filter ] --END-- [ RunTime:0.000000s ]
INFO: Run Behavior\ParseTemplateBehavior [ RunTime:0.019001s ]
INFO: [ view_parse ] --END-- [ RunTime:0.019001s ]
INFO: [ view_filter ] --START--
INFO: Run Behavior\WriteHtmlCacheBehavior [ RunTime:0.001000s ]
INFO: [ view_filter ] --END-- [ RunTime:0.001000s ]
INFO: [ app_end ] --START--
INFO: Run Behavior\ShowPageTraceBehavior [ RunTime:0.001000s ]
INFO: [ app_end ] --END-- [ RunTime:0.001000s ]

[ 2015-10-12T17:04:26+08:00 ] 127.0.0.1 /
INFO: [ app_init ] --START--
INFO: Run Behavior\BuildLiteBehavior [ RunTime:0.000000s ]
INFO: [ app_init ] --END-- [ RunTime:0.001000s ]
INFO: [ app_begin ] --START--
INFO: Run Behavior\ReadHtmlCacheBehavior [ RunTime:0.001000s ]
INFO: [ app_begin ] --END-- [ RunTime:0.002000s ]
SQL: SHOW COLUMNS FROM `file` [ RunTime:0.0030s ]
SQL: SELECT COUNT(*) AS tp_count FROM `file` LIMIT 1   [ RunTime:0.0000s ]
SQL: SELECT * FROM `file` ORDER BY createtime LIMIT 0,25   [ RunTime:0.0010s ]
NOTIC: [8] Undefined variable: show W:\wwwroot\Application\Home\Controller\IndexController.class.php 第 15 行.
INFO: [ view_parse ] --START--
INFO: [ template_filter ] --START--
INFO: Run Behavior\ContentReplaceBehavior [ RunTime:0.000000s ]
INFO: [ template_filter ] --END-- [ RunTime:0.001000s ]
INFO: Run Behavior\ParseTemplateBehavior [ RunTime:0.013001s ]
INFO: [ view_parse ] --END-- [ RunTime:0.013001s ]
INFO: [ view_filter ] --START--
INFO: Run Behavior\WriteHtmlCacheBehavior [ RunTime:0.000000s ]
INFO: [ view_filter ] --END-- [ RunTime:0.000000s ]
INFO: [ app_end ] --START--
INFO: Run Behavior\ShowPageTraceBehavior [ RunTime:0.000000s ]
INFO: [ app_end ] --END-- [ RunTime:0.001000s ]

[ 2015-10-12T17:04:29+08:00 ] 127.0.0.1 /index.php/Home/Report/show/md5/64d0c48b2add6f71c3c2c79e39c1d4bf
INFO: [ app_init ] --START--
INFO: Run Behavior\BuildLiteBehavior [ RunTime:0.000000s ]
INFO: [ app_init ] --END-- [ RunTime:0.001000s ]
INFO: [ app_begin ] --START--
INFO: Run Behavior\ReadHtmlCacheBehavior [ RunTime:0.001000s ]
INFO: [ app_begin ] --END-- [ RunTime:0.001000s ]
NOTIC: [2048] Declaration of Home\Controller\ReportController::show() should be compatible with Think\Controller::show($content, $charset = '', $contentType = '', $prefix = '') W:\wwwroot\Application\Home\Controller\ReportController.class.php 第 134 行.
SQL: SHOW COLUMNS FROM `file` [ RunTime:0.0030s ]
SQL: SELECT * FROM `file` WHERE `md5` = '64d0c48b2add6f71c3c2c79e39c1d4bf' LIMIT 1   [ RunTime:0.0000s ]
SQL: SHOW COLUMNS FROM `risk` [ RunTime:0.0030s ]
SQL: SHOW COLUMNS FROM `analysis` [ RunTime:0.0040s ]
SQL: SELECT * FROM `risk` WHERE `assessid` = 2 AND `ischeck` = 1 ORDER BY risklevel desc  [ RunTime:0.0000s ]
SQL: SELECT * FROM `analysis` WHERE `riskid` = 1 AND `fileid` = 18 LIMIT 1   [ RunTime:0.0010s ]
SQL: SELECT * FROM `analysis` WHERE `riskid` = 12 AND `fileid` = 18 LIMIT 1   [ RunTime:0.0000s ]
SQL: SELECT * FROM `analysis` WHERE `riskid` = 4 AND `fileid` = 18 LIMIT 1   [ RunTime:0.0000s ]
SQL: SELECT * FROM `analysis` WHERE `riskid` = 5 AND `fileid` = 18 LIMIT 1   [ RunTime:0.0000s ]
SQL: SELECT * FROM `analysis` WHERE `riskid` = 14 AND `fileid` = 18 LIMIT 1   [ RunTime:0.0010s ]
SQL: SELECT * FROM `risk` WHERE `assessid` = 1 AND `ischeck` = 1 ORDER BY risklevel desc  [ RunTime:0.0000s ]
SQL: SELECT * FROM `analysis` WHERE `riskid` = 3 AND `fileid` = 18 LIMIT 1   [ RunTime:0.0010s ]
SQL: SELECT * FROM `analysis` WHERE `riskid` = 2 AND `fileid` = 18 LIMIT 1   [ RunTime:0.0010s ]
SQL: SELECT * FROM `analysis` WHERE `riskid` = 6 AND `fileid` = 18 LIMIT 1   [ RunTime:0.0000s ]
SQL: SELECT * FROM `analysis` WHERE `riskid` = 7 AND `fileid` = 18 LIMIT 1   [ RunTime:0.0000s ]
SQL: SELECT * FROM `analysis` WHERE `riskid` = 8 AND `fileid` = 18 LIMIT 1   [ RunTime:0.0010s ]
SQL: SELECT * FROM `analysis` WHERE `riskid` = 9 AND `fileid` = 18 LIMIT 1   [ RunTime:0.0000s ]
SQL: SELECT * FROM `analysis` WHERE `riskid` = 10 AND `fileid` = 18 LIMIT 1   [ RunTime:0.0000s ]
SQL: SELECT * FROM `risk` WHERE `assessid` = 3 AND `ischeck` = 1 ORDER BY risklevel desc  [ RunTime:0.0010s ]
SQL: SELECT * FROM `analysis` WHERE `riskid` = 13 AND `fileid` = 18 LIMIT 1   [ RunTime:0.0000s ]
SQL: SELECT * FROM `analysis` WHERE `riskid` = 15 AND `fileid` = 18 LIMIT 1   [ RunTime:0.0010s ]
SQL: SELECT * FROM `analysis` WHERE `riskid` = 17 AND `fileid` = 18 LIMIT 1   [ RunTime:0.0000s ]
SQL: SELECT * FROM `analysis` WHERE `riskid` = 18 AND `fileid` = 18 LIMIT 1   [ RunTime:0.0000s ]
SQL: SELECT * FROM `analysis` WHERE `riskid` = 19 AND `fileid` = 18 LIMIT 1   [ RunTime:0.0000s ]
SQL: SELECT * FROM `analysis` WHERE `riskid` = 20 AND `fileid` = 18 LIMIT 1   [ RunTime:0.0010s ]
SQL: SELECT * FROM `analysis` WHERE `riskid` = 21 AND `fileid` = 18 LIMIT 1   [ RunTime:0.0000s ]
SQL: SELECT * FROM `analysis` WHERE `riskid` = 16 AND `fileid` = 18 LIMIT 1   [ RunTime:0.0010s ]
SQL: SELECT * FROM `analysis` WHERE `riskid` = 11 AND `fileid` = 18 LIMIT 1   [ RunTime:0.0000s ]
SQL: SELECT * FROM `analysis` WHERE `riskid` = 22 AND `fileid` = 18 LIMIT 1   [ RunTime:0.0000s ]
SQL: SELECT * FROM `analysis` WHERE `riskid` = 23 AND `fileid` = 18 LIMIT 1   [ RunTime:0.0000s ]
SQL: SELECT * FROM `analysis` WHERE `riskid` = 24 AND `fileid` = 18 LIMIT 1   [ RunTime:0.0010s ]
SQL: SELECT * FROM `analysis` WHERE `riskid` = 25 AND `fileid` = 18 LIMIT 1   [ RunTime:0.0000s ]
INFO: [ view_parse ] --START--
INFO: [ template_filter ] --START--
INFO: Run Behavior\ContentReplaceBehavior [ RunTime:0.000000s ]
INFO: [ template_filter ] --END-- [ RunTime:0.000000s ]
INFO: Run Behavior\ParseTemplateBehavior [ RunTime:0.045002s ]
INFO: [ view_parse ] --END-- [ RunTime:0.045002s ]
INFO: [ view_filter ] --START--
INFO: Run Behavior\WriteHtmlCacheBehavior [ RunTime:0.001000s ]
INFO: [ view_filter ] --END-- [ RunTime:0.001000s ]
INFO: [ app_end ] --START--
INFO: Run Behavior\ShowPageTraceBehavior [ RunTime:0.001000s ]
INFO: [ app_end ] --END-- [ RunTime:0.001000s ]

[ 2015-10-12T17:27:59+08:00 ] 127.0.0.1 /
INFO: [ app_init ] --START--
INFO: Run Behavior\BuildLiteBehavior [ RunTime:0.000000s ]
INFO: [ app_init ] --END-- [ RunTime:0.000000s ]
INFO: [ app_begin ] --START--
INFO: Run Behavior\ReadHtmlCacheBehavior [ RunTime:0.000000s ]
INFO: [ app_begin ] --END-- [ RunTime:0.000000s ]
SQL: SHOW COLUMNS FROM `file` [ RunTime:0.0020s ]
SQL: SELECT COUNT(*) AS tp_count FROM `file` LIMIT 1   [ RunTime:0.0000s ]
SQL: SELECT * FROM `file` ORDER BY createtime LIMIT 0,25   [ RunTime:0.0000s ]
NOTIC: [8] Undefined variable: show W:\wwwroot\Application\Home\Controller\IndexController.class.php 第 15 行.
INFO: [ view_parse ] --START--
INFO: [ template_filter ] --START--
INFO: Run Behavior\ContentReplaceBehavior [ RunTime:0.000000s ]
INFO: [ template_filter ] --END-- [ RunTime:0.000000s ]
INFO: Run Behavior\ParseTemplateBehavior [ RunTime:0.010000s ]
INFO: [ view_parse ] --END-- [ RunTime:0.010000s ]
INFO: [ view_filter ] --START--
INFO: Run Behavior\WriteHtmlCacheBehavior [ RunTime:0.001001s ]
INFO: [ view_filter ] --END-- [ RunTime:0.001001s ]
INFO: [ app_end ] --START--
INFO: Run Behavior\ShowPageTraceBehavior [ RunTime:0.000000s ]
INFO: [ app_end ] --END-- [ RunTime:0.000000s ]

[ 2015-10-12T17:47:10+08:00 ] 127.0.0.1 /
INFO: [ app_init ] --START--
INFO: Run Behavior\BuildLiteBehavior [ RunTime:0.000000s ]
INFO: [ app_init ] --END-- [ RunTime:0.001000s ]
INFO: [ app_begin ] --START--
INFO: Run Behavior\ReadHtmlCacheBehavior [ RunTime:0.001000s ]
INFO: [ app_begin ] --END-- [ RunTime:0.002000s ]
SQL: SHOW COLUMNS FROM `file` [ RunTime:0.0020s ]
SQL: SELECT COUNT(*) AS tp_count FROM `file` LIMIT 1   [ RunTime:0.0000s ]
SQL: SELECT * FROM `file` ORDER BY createtime LIMIT 0,25   [ RunTime:0.0010s ]
NOTIC: [8] Undefined variable: show W:\wwwroot\Application\Home\Controller\IndexController.class.php 第 15 行.
INFO: [ view_parse ] --START--
INFO: [ template_filter ] --START--
INFO: Run Behavior\ContentReplaceBehavior [ RunTime:0.000000s ]
INFO: [ template_filter ] --END-- [ RunTime:0.000000s ]
INFO: Run Behavior\ParseTemplateBehavior [ RunTime:0.014001s ]
INFO: [ view_parse ] --END-- [ RunTime:0.014001s ]
INFO: [ view_filter ] --START--
INFO: Run Behavior\WriteHtmlCacheBehavior [ RunTime:0.001000s ]
INFO: [ view_filter ] --END-- [ RunTime:0.001000s ]
INFO: [ app_end ] --START--
INFO: Run Behavior\ShowPageTraceBehavior [ RunTime:0.001000s ]
INFO: [ app_end ] --END-- [ RunTime:0.001000s ]

[ 2015-10-12T17:47:12+08:00 ] 127.0.0.1 /index.php/Home/Report/show/md5/64d0c48b2add6f71c3c2c79e39c1d4bf
INFO: [ app_init ] --START--
INFO: Run Behavior\BuildLiteBehavior [ RunTime:0.000000s ]
INFO: [ app_init ] --END-- [ RunTime:0.001000s ]
INFO: [ app_begin ] --START--
INFO: Run Behavior\ReadHtmlCacheBehavior [ RunTime:0.001001s ]
INFO: [ app_begin ] --END-- [ RunTime:0.001001s ]
NOTIC: [2048] Declaration of Home\Controller\ReportController::show() should be compatible with Think\Controller::show($content, $charset = '', $contentType = '', $prefix = '') W:\wwwroot\Application\Home\Controller\ReportController.class.php 第 134 行.
SQL: SHOW COLUMNS FROM `file` [ RunTime:0.0020s ]
SQL: SELECT * FROM `file` WHERE `md5` = '64d0c48b2add6f71c3c2c79e39c1d4bf' LIMIT 1   [ RunTime:0.0000s ]
SQL: SHOW COLUMNS FROM `risk` [ RunTime:0.0020s ]
SQL: SHOW COLUMNS FROM `analysis` [ RunTime:0.0030s ]
SQL: SELECT * FROM `risk` WHERE `assessid` = 2 AND `ischeck` = 1 ORDER BY risklevel desc  [ RunTime:0.0010s ]
SQL: SELECT * FROM `analysis` WHERE `riskid` = 1 AND `fileid` = 18 LIMIT 1   [ RunTime:0.0000s ]
SQL: SELECT * FROM `analysis` WHERE `riskid` = 12 AND `fileid` = 18 LIMIT 1   [ RunTime:0.0000s ]
SQL: SELECT * FROM `analysis` WHERE `riskid` = 4 AND `fileid` = 18 LIMIT 1   [ RunTime:0.0000s ]
SQL: SELECT * FROM `analysis` WHERE `riskid` = 5 AND `fileid` = 18 LIMIT 1   [ RunTime:0.0000s ]
SQL: SELECT * FROM `analysis` WHERE `riskid` = 14 AND `fileid` = 18 LIMIT 1   [ RunTime:0.0000s ]
SQL: SELECT * FROM `risk` WHERE `assessid` = 1 AND `ischeck` = 1 ORDER BY risklevel desc  [ RunTime:0.0010s ]
SQL: SELECT * FROM `analysis` WHERE `riskid` = 3 AND `fileid` = 18 LIMIT 1   [ RunTime:0.0000s ]
SQL: SELECT * FROM `analysis` WHERE `riskid` = 2 AND `fileid` = 18 LIMIT 1   [ RunTime:0.0000s ]
SQL: SELECT * FROM `analysis` WHERE `riskid` = 6 AND `fileid` = 18 LIMIT 1   [ RunTime:0.0000s ]
SQL: SELECT * FROM `analysis` WHERE `riskid` = 7 AND `fileid` = 18 LIMIT 1   [ RunTime:0.0000s ]
SQL: SELECT * FROM `analysis` WHERE `riskid` = 8 AND `fileid` = 18 LIMIT 1   [ RunTime:0.0000s ]
SQL: SELECT * FROM `analysis` WHERE `riskid` = 9 AND `fileid` = 18 LIMIT 1   [ RunTime:0.0000s ]
SQL: SELECT * FROM `analysis` WHERE `riskid` = 10 AND `fileid` = 18 LIMIT 1   [ RunTime:0.0000s ]
SQL: SELECT * FROM `risk` WHERE `assessid` = 3 AND `ischeck` = 1 ORDER BY risklevel desc  [ RunTime:0.0010s ]
SQL: SELECT * FROM `analysis` WHERE `riskid` = 13 AND `fileid` = 18 LIMIT 1   [ RunTime:0.0000s ]
SQL: SELECT * FROM `analysis` WHERE `riskid` = 15 AND `fileid` = 18 LIMIT 1   [ RunTime:0.0000s ]
SQL: SELECT * FROM `analysis` WHERE `riskid` = 17 AND `fileid` = 18 LIMIT 1   [ RunTime:0.0010s ]
SQL: SELECT * FROM `analysis` WHERE `riskid` = 18 AND `fileid` = 18 LIMIT 1   [ RunTime:0.0000s ]
SQL: SELECT * FROM `analysis` WHERE `riskid` = 19 AND `fileid` = 18 LIMIT 1   [ RunTime:0.0000s ]
SQL: SELECT * FROM `analysis` WHERE `riskid` = 20 AND `fileid` = 18 LIMIT 1   [ RunTime:0.0010s ]
SQL: SELECT * FROM `analysis` WHERE `riskid` = 21 AND `fileid` = 18 LIMIT 1   [ RunTime:0.0000s ]
SQL: SELECT * FROM `analysis` WHERE `riskid` = 16 AND `fileid` = 18 LIMIT 1   [ RunTime:0.0000s ]
SQL: SELECT * FROM `analysis` WHERE `riskid` = 11 AND `fileid` = 18 LIMIT 1   [ RunTime:0.0000s ]
SQL: SELECT * FROM `analysis` WHERE `riskid` = 22 AND `fileid` = 18 LIMIT 1   [ RunTime:0.0000s ]
SQL: SELECT * FROM `analysis` WHERE `riskid` = 23 AND `fileid` = 18 LIMIT 1   [ RunTime:0.0010s ]
SQL: SELECT * FROM `analysis` WHERE `riskid` = 24 AND `fileid` = 18 LIMIT 1   [ RunTime:0.0000s ]
SQL: SELECT * FROM `analysis` WHERE `riskid` = 25 AND `fileid` = 18 LIMIT 1   [ RunTime:0.0000s ]
INFO: [ view_parse ] --START--
INFO: [ template_filter ] --START--
INFO: Run Behavior\ContentReplaceBehavior [ RunTime:0.000000s ]
INFO: [ template_filter ] --END-- [ RunTime:0.000000s ]
INFO: Run Behavior\ParseTemplateBehavior [ RunTime:0.019001s ]
INFO: [ view_parse ] --END-- [ RunTime:0.019001s ]
INFO: [ view_filter ] --START--
INFO: Run Behavior\WriteHtmlCacheBehavior [ RunTime:0.000000s ]
INFO: [ view_filter ] --END-- [ RunTime:0.000000s ]
INFO: [ app_end ] --START--
INFO: Run Behavior\ShowPageTraceBehavior [ RunTime:0.000000s ]
INFO: [ app_end ] --END-- [ RunTime:0.000000s ]

[ 2015-10-12T17:55:23+08:00 ] 127.0.0.1 /index.php/Home/Report/show/md5/64d0c48b2add6f71c3c2c79e39c1d4bf
INFO: [ app_init ] --START--
INFO: Run Behavior\BuildLiteBehavior [ RunTime:0.000000s ]
INFO: [ app_init ] --END-- [ RunTime:0.001000s ]
INFO: [ app_begin ] --START--
INFO: Run Behavior\ReadHtmlCacheBehavior [ RunTime:0.001000s ]
INFO: [ app_begin ] --END-- [ RunTime:0.001000s ]
NOTIC: [2048] Declaration of Home\Controller\ReportController::show() should be compatible with Think\Controller::show($content, $charset = '', $contentType = '', $prefix = '') W:\wwwroot\Application\Home\Controller\ReportController.class.php 第 134 行.
SQL: SHOW COLUMNS FROM `file` [ RunTime:0.0030s ]
SQL: SELECT * FROM `file` WHERE `md5` = '64d0c48b2add6f71c3c2c79e39c1d4bf' LIMIT 1   [ RunTime:0.0000s ]
SQL: SHOW COLUMNS FROM `risk` [ RunTime:0.0010s ]
SQL: SHOW COLUMNS FROM `analysis` [ RunTime:0.0020s ]
SQL: SELECT * FROM `risk` WHERE `assessid` = 2 AND `ischeck` = 1 ORDER BY risklevel desc  [ RunTime:0.0010s ]
SQL: SELECT * FROM `analysis` WHERE `riskid` = 1 AND `fileid` = 18 LIMIT 1   [ RunTime:0.0000s ]
SQL: SELECT * FROM `analysis` WHERE `riskid` = 12 AND `fileid` = 18 LIMIT 1   [ RunTime:0.0000s ]
SQL: SELECT * FROM `analysis` WHERE `riskid` = 4 AND `fileid` = 18 LIMIT 1   [ RunTime:0.0000s ]
SQL: SELECT * FROM `analysis` WHERE `riskid` = 5 AND `fileid` = 18 LIMIT 1   [ RunTime:0.0000s ]
SQL: SELECT * FROM `analysis` WHERE `riskid` = 14 AND `fileid` = 18 LIMIT 1   [ RunTime:0.0010s ]
SQL: SELECT * FROM `risk` WHERE `assessid` = 1 AND `ischeck` = 1 ORDER BY risklevel desc  [ RunTime:0.0000s ]
SQL: SELECT * FROM `analysis` WHERE `riskid` = 3 AND `fileid` = 18 LIMIT 1   [ RunTime:0.0000s ]
SQL: SELECT * FROM `analysis` WHERE `riskid` = 2 AND `fileid` = 18 LIMIT 1   [ RunTime:0.0010s ]
SQL: SELECT * FROM `analysis` WHERE `riskid` = 6 AND `fileid` = 18 LIMIT 1   [ RunTime:0.0000s ]
SQL: SELECT * FROM `analysis` WHERE `riskid` = 7 AND `fileid` = 18 LIMIT 1   [ RunTime:0.0000s ]
SQL: SELECT * FROM `analysis` WHERE `riskid` = 8 AND `fileid` = 18 LIMIT 1   [ RunTime:0.0000s ]
SQL: SELECT * FROM `analysis` WHERE `riskid` = 9 AND `fileid` = 18 LIMIT 1   [ RunTime:0.0000s ]
SQL: SELECT * FROM `analysis` WHERE `riskid` = 10 AND `fileid` = 18 LIMIT 1   [ RunTime:0.0000s ]
SQL: SELECT * FROM `risk` WHERE `assessid` = 3 AND `ischeck` = 1 ORDER BY risklevel desc  [ RunTime:0.0000s ]
SQL: SELECT * FROM `analysis` WHERE `riskid` = 13 AND `fileid` = 18 LIMIT 1   [ RunTime:0.0000s ]
SQL: SELECT * FROM `analysis` WHERE `riskid` = 15 AND `fileid` = 18 LIMIT 1   [ RunTime:0.0000s ]
SQL: SELECT * FROM `analysis` WHERE `riskid` = 17 AND `fileid` = 18 LIMIT 1   [ RunTime:0.0000s ]
SQL: SELECT * FROM `analysis` WHERE `riskid` = 18 AND `fileid` = 18 LIMIT 1   [ RunTime:0.0000s ]
SQL: SELECT * FROM `analysis` WHERE `riskid` = 19 AND `fileid` = 18 LIMIT 1   [ RunTime:0.0000s ]
SQL: SELECT * FROM `analysis` WHERE `riskid` = 20 AND `fileid` = 18 LIMIT 1   [ RunTime:0.0000s ]
SQL: SELECT * FROM `analysis` WHERE `riskid` = 21 AND `fileid` = 18 LIMIT 1   [ RunTime:0.0000s ]
SQL: SELECT * FROM `analysis` WHERE `riskid` = 16 AND `fileid` = 18 LIMIT 1   [ RunTime:0.0010s ]
SQL: SELECT * FROM `analysis` WHERE `riskid` = 11 AND `fileid` = 18 LIMIT 1   [ RunTime:0.0000s ]
SQL: SELECT * FROM `analysis` WHERE `riskid` = 22 AND `fileid` = 18 LIMIT 1   [ RunTime:0.0000s ]
SQL: SELECT * FROM `analysis` WHERE `riskid` = 23 AND `fileid` = 18 LIMIT 1   [ RunTime:0.0000s ]
SQL: SELECT * FROM `analysis` WHERE `riskid` = 24 AND `fileid` = 18 LIMIT 1   [ RunTime:0.0000s ]
SQL: SELECT * FROM `analysis` WHERE `riskid` = 25 AND `fileid` = 18 LIMIT 1   [ RunTime:0.0000s ]
INFO: [ view_parse ] --START--
INFO: [ template_filter ] --START--
INFO: Run Behavior\ContentReplaceBehavior [ RunTime:0.000000s ]
INFO: [ template_filter ] --END-- [ RunTime:0.000000s ]
INFO: Run Behavior\ParseTemplateBehavior [ RunTime:0.019001s ]
INFO: [ view_parse ] --END-- [ RunTime:0.019001s ]
INFO: [ view_filter ] --START--
INFO: Run Behavior\WriteHtmlCacheBehavior [ RunTime:0.000000s ]
INFO: [ view_filter ] --END-- [ RunTime:0.000000s ]
INFO: [ app_end ] --START--
INFO: Run Behavior\ShowPageTraceBehavior [ RunTime:0.000000s ]
INFO: [ app_end ] --END-- [ RunTime:0.000000s ]

[ 2015-10-12T18:03:09+08:00 ] 127.0.0.1 /index.php
INFO: [ app_init ] --START--
INFO: Run Behavior\BuildLiteBehavior [ RunTime:0.000000s ]
INFO: [ app_init ] --END-- [ RunTime:0.001000s ]
INFO: [ app_begin ] --START--
INFO: Run Behavior\ReadHtmlCacheBehavior [ RunTime:0.001000s ]
INFO: [ app_begin ] --END-- [ RunTime:0.001000s ]
SQL: SHOW COLUMNS FROM `file` [ RunTime:0.0020s ]
SQL: SELECT COUNT(*) AS tp_count FROM `file` LIMIT 1   [ RunTime:0.0000s ]
SQL: SELECT * FROM `file` ORDER BY createtime LIMIT 0,25   [ RunTime:0.0000s ]
NOTIC: [8] Undefined variable: show W:\wwwroot\Application\Home\Controller\IndexController.class.php 第 15 行.
INFO: [ view_parse ] --START--
INFO: [ template_filter ] --START--
INFO: Run Behavior\ContentReplaceBehavior [ RunTime:0.000000s ]
INFO: [ template_filter ] --END-- [ RunTime:0.000000s ]
INFO: Run Behavior\ParseTemplateBehavior [ RunTime:0.013001s ]
INFO: [ view_parse ] --END-- [ RunTime:0.013001s ]
INFO: [ view_filter ] --START--
INFO: Run Behavior\WriteHtmlCacheBehavior [ RunTime:0.001000s ]
INFO: [ view_filter ] --END-- [ RunTime:0.001000s ]
INFO: [ app_end ] --START--
INFO: Run Behavior\ShowPageTraceBehavior [ RunTime:0.001000s ]
INFO: [ app_end ] --END-- [ RunTime:0.001000s ]

[ 2015-10-12T18:03:13+08:00 ] 127.0.0.1 /index.php/Home/Report/show/md5/f417d3986c33c38c6f88683f15d994ca
INFO: [ app_init ] --START--
INFO: Run Behavior\BuildLiteBehavior [ RunTime:0.000000s ]
INFO: [ app_init ] --END-- [ RunTime:0.001000s ]
INFO: [ app_begin ] --START--
INFO: Run Behavior\ReadHtmlCacheBehavior [ RunTime:0.001000s ]
INFO: [ app_begin ] --END-- [ RunTime:0.002000s ]
NOTIC: [2048] Declaration of Home\Controller\ReportController::show() should be compatible with Think\Controller::show($content, $charset = '', $contentType = '', $prefix = '') W:\wwwroot\Application\Home\Controller\ReportController.class.php 第 134 行.
SQL: SHOW COLUMNS FROM `file` [ RunTime:0.0150s ]
SQL: SELECT * FROM `file` WHERE `md5` = 'f417d3986c33c38c6f88683f15d994ca' LIMIT 1   [ RunTime:0.0000s ]
SQL: SHOW COLUMNS FROM `risk` [ RunTime:0.0020s ]
SQL: SHOW COLUMNS FROM `analysis` [ RunTime:0.0020s ]
SQL: SELECT * FROM `risk` WHERE `assessid` = 2 AND `ischeck` = 1 ORDER BY risklevel desc  [ RunTime:0.0010s ]
SQL: SELECT * FROM `analysis` WHERE `riskid` = 1 AND `fileid` = 13 LIMIT 1   [ RunTime:0.0000s ]
SQL: SELECT * FROM `analysis` WHERE `riskid` = 12 AND `fileid` = 13 LIMIT 1   [ RunTime:0.0000s ]
SQL: SELECT * FROM `analysis` WHERE `riskid` = 4 AND `fileid` = 13 LIMIT 1   [ RunTime:0.0000s ]
SQL: SELECT * FROM `analysis` WHERE `riskid` = 5 AND `fileid` = 13 LIMIT 1   [ RunTime:0.0000s ]
SQL: SELECT * FROM `analysis` WHERE `riskid` = 14 AND `fileid` = 13 LIMIT 1   [ RunTime:0.0000s ]
SQL: SELECT * FROM `risk` WHERE `assessid` = 1 AND `ischeck` = 1 ORDER BY risklevel desc  [ RunTime:0.0010s ]
SQL: SELECT * FROM `analysis` WHERE `riskid` = 3 AND `fileid` = 13 LIMIT 1   [ RunTime:0.0000s ]
SQL: SELECT * FROM `analysis` WHERE `riskid` = 2 AND `fileid` = 13 LIMIT 1   [ RunTime:0.0000s ]
SQL: SELECT * FROM `analysis` WHERE `riskid` = 6 AND `fileid` = 13 LIMIT 1   [ RunTime:0.0010s ]
SQL: SELECT * FROM `analysis` WHERE `riskid` = 7 AND `fileid` = 13 LIMIT 1   [ RunTime:0.0000s ]
SQL: SELECT * FROM `analysis` WHERE `riskid` = 8 AND `fileid` = 13 LIMIT 1   [ RunTime:0.0000s ]
SQL: SELECT * FROM `analysis` WHERE `riskid` = 9 AND `fileid` = 13 LIMIT 1   [ RunTime:0.0000s ]
SQL: SELECT * FROM `analysis` WHERE `riskid` = 10 AND `fileid` = 13 LIMIT 1   [ RunTime:0.0000s ]
SQL: SELECT * FROM `risk` WHERE `assessid` = 3 AND `ischeck` = 1 ORDER BY risklevel desc  [ RunTime:0.0000s ]
SQL: SELECT * FROM `analysis` WHERE `riskid` = 13 AND `fileid` = 13 LIMIT 1   [ RunTime:0.0010s ]
SQL: SELECT * FROM `analysis` WHERE `riskid` = 15 AND `fileid` = 13 LIMIT 1   [ RunTime:0.0000s ]
SQL: SELECT * FROM `analysis` WHERE `riskid` = 17 AND `fileid` = 13 LIMIT 1   [ RunTime:0.0000s ]
SQL: SELECT * FROM `analysis` WHERE `riskid` = 18 AND `fileid` = 13 LIMIT 1   [ RunTime:0.0000s ]
SQL: SELECT * FROM `analysis` WHERE `riskid` = 19 AND `fileid` = 13 LIMIT 1   [ RunTime:0.0000s ]
SQL: SELECT * FROM `analysis` WHERE `riskid` = 20 AND `fileid` = 13 LIMIT 1   [ RunTime:0.0010s ]
SQL: SELECT * FROM `analysis` WHERE `riskid` = 21 AND `fileid` = 13 LIMIT 1   [ RunTime:0.0000s ]
SQL: SELECT * FROM `analysis` WHERE `riskid` = 16 AND `fileid` = 13 LIMIT 1   [ RunTime:0.0000s ]
SQL: SELECT * FROM `analysis` WHERE `riskid` = 11 AND `fileid` = 13 LIMIT 1   [ RunTime:0.0010s ]
SQL: SELECT * FROM `analysis` WHERE `riskid` = 22 AND `fileid` = 13 LIMIT 1   [ RunTime:0.0000s ]
SQL: SELECT * FROM `analysis` WHERE `riskid` = 23 AND `fileid` = 13 LIMIT 1   [ RunTime:0.0000s ]
SQL: SELECT * FROM `analysis` WHERE `riskid` = 24 AND `fileid` = 13 LIMIT 1   [ RunTime:0.0000s ]
SQL: SELECT * FROM `analysis` WHERE `riskid` = 25 AND `fileid` = 13 LIMIT 1   [ RunTime:0.0000s ]
INFO: [ view_parse ] --START--
INFO: [ template_filter ] --START--
INFO: Run Behavior\ContentReplaceBehavior [ RunTime:0.001000s ]
INFO: [ template_filter ] --END-- [ RunTime:0.001000s ]
INFO: Run Behavior\ParseTemplateBehavior [ RunTime:0.020002s ]
INFO: [ view_parse ] --END-- [ RunTime:0.021002s ]
INFO: [ view_filter ] --START--
INFO: Run Behavior\WriteHtmlCacheBehavior [ RunTime:0.000000s ]
INFO: [ view_filter ] --END-- [ RunTime:0.000000s ]
INFO: [ app_end ] --START--
INFO: Run Behavior\ShowPageTraceBehavior [ RunTime:0.001000s ]
INFO: [ app_end ] --END-- [ RunTime:0.001000s ]

[ 2015-10-12T18:05:48+08:00 ] 127.0.0.1 /index.php
INFO: [ app_init ] --START--
INFO: Run Behavior\BuildLiteBehavior [ RunTime:0.000000s ]
INFO: [ app_init ] --END-- [ RunTime:0.001000s ]
INFO: [ app_begin ] --START--
INFO: Run Behavior\ReadHtmlCacheBehavior [ RunTime:0.001000s ]
INFO: [ app_begin ] --END-- [ RunTime:0.001000s ]
SQL: SHOW COLUMNS FROM `file` [ RunTime:0.0030s ]
SQL: SELECT COUNT(*) AS tp_count FROM `file` LIMIT 1   [ RunTime:0.0000s ]
SQL: SELECT * FROM `file` ORDER BY createtime LIMIT 0,25   [ RunTime:0.0000s ]
NOTIC: [8] Undefined variable: show W:\wwwroot\Application\Home\Controller\IndexController.class.php 第 15 行.
INFO: [ view_parse ] --START--
INFO: [ template_filter ] --START--
INFO: Run Behavior\ContentReplaceBehavior [ RunTime:0.000000s ]
INFO: [ template_filter ] --END-- [ RunTime:0.000000s ]
INFO: Run Behavior\ParseTemplateBehavior [ RunTime:0.011001s ]
INFO: [ view_parse ] --END-- [ RunTime:0.011001s ]
INFO: [ view_filter ] --START--
INFO: Run Behavior\WriteHtmlCacheBehavior [ RunTime:0.000000s ]
INFO: [ view_filter ] --END-- [ RunTime:0.000000s ]
INFO: [ app_end ] --START--
INFO: Run Behavior\ShowPageTraceBehavior [ RunTime:0.000000s ]
INFO: [ app_end ] --END-- [ RunTime:0.001000s ]

[ 2015-10-12T18:08:27+08:00 ] 127.0.0.1 /index.php
INFO: [ app_init ] --START--
INFO: Run Behavior\BuildLiteBehavior [ RunTime:0.000000s ]
INFO: [ app_init ] --END-- [ RunTime:0.000000s ]
INFO: [ app_begin ] --START--
INFO: Run Behavior\ReadHtmlCacheBehavior [ RunTime:0.000000s ]
INFO: [ app_begin ] --END-- [ RunTime:0.001000s ]
SQL: SHOW COLUMNS FROM `file` [ RunTime:0.0020s ]
SQL: SELECT COUNT(*) AS tp_count FROM `file` LIMIT 1   [ RunTime:0.0000s ]
SQL: SELECT * FROM `file` ORDER BY createtime LIMIT 0,25   [ RunTime:0.0000s ]
NOTIC: [8] Undefined variable: show W:\wwwroot\Application\Home\Controller\IndexController.class.php 第 15 行.
INFO: [ view_parse ] --START--
INFO: [ template_filter ] --START--
INFO: Run Behavior\ContentReplaceBehavior [ RunTime:0.000000s ]
INFO: [ template_filter ] --END-- [ RunTime:0.000000s ]
INFO: Run Behavior\ParseTemplateBehavior [ RunTime:1.282073s ]
INFO: [ view_parse ] --END-- [ RunTime:1.282073s ]
INFO: [ view_filter ] --START--
INFO: Run Behavior\WriteHtmlCacheBehavior [ RunTime:0.001000s ]
INFO: [ view_filter ] --END-- [ RunTime:0.001000s ]
INFO: [ app_end ] --START--
INFO: Run Behavior\ShowPageTraceBehavior [ RunTime:0.005000s ]
INFO: [ app_end ] --END-- [ RunTime:0.005000s ]

[ 2015-10-12T18:08:30+08:00 ] 127.0.0.1 /index.php/Home/Report/show/md5/4fe4cb413824e02ad1215ef1978c2583
INFO: [ app_init ] --START--
INFO: Run Behavior\BuildLiteBehavior [ RunTime:0.000000s ]
INFO: [ app_init ] --END-- [ RunTime:0.001000s ]
INFO: [ app_begin ] --START--
INFO: Run Behavior\ReadHtmlCacheBehavior [ RunTime:0.001000s ]
INFO: [ app_begin ] --END-- [ RunTime:0.001000s ]
NOTIC: [2048] Declaration of Home\Controller\ReportController::show() should be compatible with Think\Controller::show($content, $charset = '', $contentType = '', $prefix = '') W:\wwwroot\Application\Home\Controller\ReportController.class.php 第 134 行.
SQL: SHOW COLUMNS FROM `file` [ RunTime:0.2050s ]
SQL: SELECT * FROM `file` WHERE `md5` = '4fe4cb413824e02ad1215ef1978c2583' LIMIT 1   [ RunTime:0.0010s ]
SQL: SHOW COLUMNS FROM `risk` [ RunTime:0.0030s ]
SQL: SHOW COLUMNS FROM `analysis` [ RunTime:0.0030s ]
SQL: SELECT * FROM `risk` WHERE `assessid` = 2 AND `ischeck` = 1 ORDER BY risklevel desc  [ RunTime:0.0010s ]
SQL: SELECT * FROM `analysis` WHERE `riskid` = 1 AND `fileid` = 21 LIMIT 1   [ RunTime:0.0010s ]
SQL: SELECT * FROM `analysis` WHERE `riskid` = 12 AND `fileid` = 21 LIMIT 1   [ RunTime:0.0010s ]
SQL: SELECT * FROM `analysis` WHERE `riskid` = 4 AND `fileid` = 21 LIMIT 1   [ RunTime:0.0010s ]
SQL: SELECT * FROM `analysis` WHERE `riskid` = 5 AND `fileid` = 21 LIMIT 1   [ RunTime:0.0010s ]
SQL: SELECT * FROM `analysis` WHERE `riskid` = 14 AND `fileid` = 21 LIMIT 1   [ RunTime:0.0010s ]
SQL: SELECT * FROM `risk` WHERE `assessid` = 1 AND `ischeck` = 1 ORDER BY risklevel desc  [ RunTime:0.0000s ]
SQL: SELECT * FROM `analysis` WHERE `riskid` = 3 AND `fileid` = 21 LIMIT 1   [ RunTime:0.0000s ]
SQL: SELECT * FROM `analysis` WHERE `riskid` = 2 AND `fileid` = 21 LIMIT 1   [ RunTime:0.0000s ]
SQL: SELECT * FROM `analysis` WHERE `riskid` = 6 AND `fileid` = 21 LIMIT 1   [ RunTime:0.0000s ]
SQL: SELECT * FROM `analysis` WHERE `riskid` = 7 AND `fileid` = 21 LIMIT 1   [ RunTime:0.0000s ]
SQL: SELECT * FROM `analysis` WHERE `riskid` = 8 AND `fileid` = 21 LIMIT 1   [ RunTime:0.0000s ]
SQL: SELECT * FROM `analysis` WHERE `riskid` = 9 AND `fileid` = 21 LIMIT 1   [ RunTime:0.0000s ]
SQL: SELECT * FROM `analysis` WHERE `riskid` = 10 AND `fileid` = 21 LIMIT 1   [ RunTime:0.0000s ]
SQL: SELECT * FROM `risk` WHERE `assessid` = 3 AND `ischeck` = 1 ORDER BY risklevel desc  [ RunTime:0.0000s ]
SQL: SELECT * FROM `analysis` WHERE `riskid` = 13 AND `fileid` = 21 LIMIT 1   [ RunTime:0.0000s ]
SQL: SELECT * FROM `analysis` WHERE `riskid` = 15 AND `fileid` = 21 LIMIT 1   [ RunTime:0.0000s ]
SQL: SELECT * FROM `analysis` WHERE `riskid` = 17 AND `fileid` = 21 LIMIT 1   [ RunTime:0.0000s ]
SQL: SELECT * FROM `analysis` WHERE `riskid` = 18 AND `fileid` = 21 LIMIT 1   [ RunTime:0.0000s ]
SQL: SELECT * FROM `analysis` WHERE `riskid` = 19 AND `fileid` = 21 LIMIT 1   [ RunTime:0.0010s ]
SQL: SELECT * FROM `analysis` WHERE `riskid` = 20 AND `fileid` = 21 LIMIT 1   [ RunTime:0.0000s ]
SQL: SELECT * FROM `analysis` WHERE `riskid` = 21 AND `fileid` = 21 LIMIT 1   [ RunTime:0.0000s ]
SQL: SELECT * FROM `analysis` WHERE `riskid` = 16 AND `fileid` = 21 LIMIT 1   [ RunTime:0.0000s ]
SQL: SELECT * FROM `analysis` WHERE `riskid` = 11 AND `fileid` = 21 LIMIT 1   [ RunTime:0.0000s ]
SQL: SELECT * FROM `analysis` WHERE `riskid` = 22 AND `fileid` = 21 LIMIT 1   [ RunTime:0.0010s ]
SQL: SELECT * FROM `analysis` WHERE `riskid` = 23 AND `fileid` = 21 LIMIT 1   [ RunTime:0.0000s ]
SQL: SELECT * FROM `analysis` WHERE `riskid` = 24 AND `fileid` = 21 LIMIT 1   [ RunTime:0.0000s ]
SQL: SELECT * FROM `analysis` WHERE `riskid` = 25 AND `fileid` = 21 LIMIT 1   [ RunTime:0.0000s ]
INFO: [ view_parse ] --START--
INFO: [ template_filter ] --START--
INFO: Run Behavior\ContentReplaceBehavior [ RunTime:0.000000s ]
INFO: [ template_filter ] --END-- [ RunTime:0.000000s ]
INFO: Run Behavior\ParseTemplateBehavior [ RunTime:0.018001s ]
INFO: [ view_parse ] --END-- [ RunTime:0.018001s ]
INFO: [ view_filter ] --START--
INFO: Run Behavior\WriteHtmlCacheBehavior [ RunTime:0.001000s ]
INFO: [ view_filter ] --END-- [ RunTime:0.001000s ]
INFO: [ app_end ] --START--
INFO: Run Behavior\ShowPageTraceBehavior [ RunTime:0.000000s ]
INFO: [ app_end ] --END-- [ RunTime:0.001000s ]

[ 2015-10-12T18:09:24+08:00 ] 127.0.0.1 /index.php/Home/Report/log/md5/4fe4cb413824e02ad1215ef1978c2583
INFO: [ app_init ] --START--
INFO: Run Behavior\BuildLiteBehavior [ RunTime:0.000000s ]
INFO: [ app_init ] --END-- [ RunTime:0.001000s ]
INFO: [ app_begin ] --START--
INFO: Run Behavior\ReadHtmlCacheBehavior [ RunTime:0.001000s ]
INFO: [ app_begin ] --END-- [ RunTime:0.001000s ]
NOTIC: [2048] Declaration of Home\Controller\ReportController::show() should be compatible with Think\Controller::show($content, $charset = '', $contentType = '', $prefix = '') W:\wwwroot\Application\Home\Controller\ReportController.class.php 第 134 行.
INFO: [ view_parse ] --START--
INFO: [ template_filter ] --START--
INFO: Run Behavior\ContentReplaceBehavior [ RunTime:0.000000s ]
INFO: [ template_filter ] --END-- [ RunTime:0.000000s ]
INFO: Run Behavior\ParseTemplateBehavior [ RunTime:0.131007s ]
INFO: [ view_parse ] --END-- [ RunTime:0.131007s ]
INFO: [ view_filter ] --START--
INFO: Run Behavior\WriteHtmlCacheBehavior [ RunTime:0.001000s ]
INFO: [ view_filter ] --END-- [ RunTime:0.002000s ]
INFO: [ app_end ] --START--
INFO: Run Behavior\ShowPageTraceBehavior [ RunTime:0.002000s ]
INFO: [ app_end ] --END-- [ RunTime:0.002000s ]

[ 2015-10-12T18:12:59+08:00 ] 127.0.0.1 /index.php/Home/Report/show/md5/4fe4cb413824e02ad1215ef1978c2583
INFO: [ app_init ] --START--
INFO: Run Behavior\BuildLiteBehavior [ RunTime:0.000000s ]
INFO: [ app_init ] --END-- [ RunTime:0.001000s ]
INFO: [ app_begin ] --START--
INFO: Run Behavior\ReadHtmlCacheBehavior [ RunTime:0.001000s ]
INFO: [ app_begin ] --END-- [ RunTime:0.001000s ]
NOTIC: [2048] Declaration of Home\Controller\ReportController::show() should be compatible with Think\Controller::show($content, $charset = '', $contentType = '', $prefix = '') W:\wwwroot\Application\Home\Controller\ReportController.class.php 第 134 行.
SQL: SHOW COLUMNS FROM `file` [ RunTime:0.0030s ]
SQL: SELECT * FROM `file` WHERE `md5` = '4fe4cb413824e02ad1215ef1978c2583' LIMIT 1   [ RunTime:0.0000s ]
SQL: SHOW COLUMNS FROM `risk` [ RunTime:0.0020s ]
SQL: SHOW COLUMNS FROM `analysis` [ RunTime:0.0030s ]
SQL: SELECT * FROM `risk` WHERE `assessid` = 2 AND `ischeck` = 1 ORDER BY risklevel desc  [ RunTime:0.0010s ]
SQL: SELECT * FROM `analysis` WHERE `riskid` = 1 AND `fileid` = 21 LIMIT 1   [ RunTime:0.0000s ]
SQL: SELECT * FROM `analysis` WHERE `riskid` = 12 AND `fileid` = 21 LIMIT 1   [ RunTime:0.0000s ]
SQL: SELECT * FROM `analysis` WHERE `riskid` = 4 AND `fileid` = 21 LIMIT 1   [ RunTime:0.0000s ]
SQL: SELECT * FROM `analysis` WHERE `riskid` = 5 AND `fileid` = 21 LIMIT 1   [ RunTime:0.0000s ]
SQL: SELECT * FROM `analysis` WHERE `riskid` = 14 AND `fileid` = 21 LIMIT 1   [ RunTime:0.0000s ]
SQL: SELECT * FROM `risk` WHERE `assessid` = 1 AND `ischeck` = 1 ORDER BY risklevel desc  [ RunTime:0.0000s ]
SQL: SELECT * FROM `analysis` WHERE `riskid` = 3 AND `fileid` = 21 LIMIT 1   [ RunTime:0.0010s ]
SQL: SELECT * FROM `analysis` WHERE `riskid` = 2 AND `fileid` = 21 LIMIT 1   [ RunTime:0.0010s ]
SQL: SELECT * FROM `analysis` WHERE `riskid` = 6 AND `fileid` = 21 LIMIT 1   [ RunTime:0.0010s ]
SQL: SELECT * FROM `analysis` WHERE `riskid` = 7 AND `fileid` = 21 LIMIT 1   [ RunTime:0.0010s ]
SQL: SELECT * FROM `analysis` WHERE `riskid` = 8 AND `fileid` = 21 LIMIT 1   [ RunTime:0.0000s ]
SQL: SELECT * FROM `analysis` WHERE `riskid` = 9 AND `fileid` = 21 LIMIT 1   [ RunTime:0.0000s ]
SQL: SELECT * FROM `analysis` WHERE `riskid` = 10 AND `fileid` = 21 LIMIT 1   [ RunTime:0.0010s ]
SQL: SELECT * FROM `risk` WHERE `assessid` = 3 AND `ischeck` = 1 ORDER BY risklevel desc  [ RunTime:0.0010s ]
SQL: SELECT * FROM `analysis` WHERE `riskid` = 13 AND `fileid` = 21 LIMIT 1   [ RunTime:0.0000s ]
SQL: SELECT * FROM `analysis` WHERE `riskid` = 15 AND `fileid` = 21 LIMIT 1   [ RunTime:0.0000s ]
SQL: SELECT * FROM `analysis` WHERE `riskid` = 17 AND `fileid` = 21 LIMIT 1   [ RunTime:0.0000s ]
SQL: SELECT * FROM `analysis` WHERE `riskid` = 18 AND `fileid` = 21 LIMIT 1   [ RunTime:0.0000s ]
SQL: SELECT * FROM `analysis` WHERE `riskid` = 19 AND `fileid` = 21 LIMIT 1   [ RunTime:0.0000s ]
SQL: SELECT * FROM `analysis` WHERE `riskid` = 20 AND `fileid` = 21 LIMIT 1   [ RunTime:0.0000s ]
SQL: SELECT * FROM `analysis` WHERE `riskid` = 21 AND `fileid` = 21 LIMIT 1   [ RunTime:0.0000s ]
SQL: SELECT * FROM `analysis` WHERE `riskid` = 16 AND `fileid` = 21 LIMIT 1   [ RunTime:0.0000s ]
SQL: SELECT * FROM `analysis` WHERE `riskid` = 11 AND `fileid` = 21 LIMIT 1   [ RunTime:0.0000s ]
SQL: SELECT * FROM `analysis` WHERE `riskid` = 22 AND `fileid` = 21 LIMIT 1   [ RunTime:0.0010s ]
SQL: SELECT * FROM `analysis` WHERE `riskid` = 23 AND `fileid` = 21 LIMIT 1   [ RunTime:0.0010s ]
SQL: SELECT * FROM `analysis` WHERE `riskid` = 24 AND `fileid` = 21 LIMIT 1   [ RunTime:0.0000s ]
SQL: SELECT * FROM `analysis` WHERE `riskid` = 25 AND `fileid` = 21 LIMIT 1   [ RunTime:0.0000s ]
INFO: [ view_parse ] --START--
INFO: [ template_filter ] --START--
INFO: Run Behavior\ContentReplaceBehavior [ RunTime:0.000000s ]
INFO: [ template_filter ] --END-- [ RunTime:0.001000s ]
INFO: Run Behavior\ParseTemplateBehavior [ RunTime:0.019001s ]
INFO: [ view_parse ] --END-- [ RunTime:0.019001s ]
INFO: [ view_filter ] --START--
INFO: Run Behavior\WriteHtmlCacheBehavior [ RunTime:0.000000s ]
INFO: [ view_filter ] --END-- [ RunTime:0.001001s ]
INFO: [ app_end ] --START--
INFO: Run Behavior\ShowPageTraceBehavior [ RunTime:0.000000s ]
INFO: [ app_end ] --END-- [ RunTime:0.001000s ]

[ 2015-10-12T18:13:02+08:00 ] 127.0.0.1 /index.php
INFO: [ app_init ] --START--
INFO: Run Behavior\BuildLiteBehavior [ RunTime:0.000000s ]
INFO: [ app_init ] --END-- [ RunTime:0.002001s ]
INFO: [ app_begin ] --START--
INFO: Run Behavior\ReadHtmlCacheBehavior [ RunTime:0.001000s ]
INFO: [ app_begin ] --END-- [ RunTime:0.001000s ]
SQL: SHOW COLUMNS FROM `file` [ RunTime:0.0140s ]
SQL: SELECT COUNT(*) AS tp_count FROM `file` LIMIT 1   [ RunTime:0.0000s ]
SQL: SELECT * FROM `file` ORDER BY createtime LIMIT 0,25   [ RunTime:0.0010s ]
NOTIC: [8] Undefined variable: show W:\wwwroot\Application\Home\Controller\IndexController.class.php 第 15 行.
INFO: [ view_parse ] --START--
INFO: [ template_filter ] --START--
INFO: Run Behavior\ContentReplaceBehavior [ RunTime:0.000000s ]
INFO: [ template_filter ] --END-- [ RunTime:0.000000s ]
INFO: Run Behavior\ParseTemplateBehavior [ RunTime:0.018001s ]
INFO: [ view_parse ] --END-- [ RunTime:0.019001s ]
INFO: [ view_filter ] --START--
INFO: Run Behavior\WriteHtmlCacheBehavior [ RunTime:0.000000s ]
INFO: [ view_filter ] --END-- [ RunTime:0.001000s ]
INFO: [ app_end ] --START--
INFO: Run Behavior\ShowPageTraceBehavior [ RunTime:0.001000s ]
INFO: [ app_end ] --END-- [ RunTime:0.001000s ]

[ 2015-10-12T18:13:07+08:00 ] 127.0.0.1 /index.php
INFO: [ app_init ] --START--
INFO: Run Behavior\BuildLiteBehavior [ RunTime:0.000000s ]
INFO: [ app_init ] --END-- [ RunTime:0.001000s ]
INFO: [ app_begin ] --START--
INFO: Run Behavior\ReadHtmlCacheBehavior [ RunTime:0.001000s ]
INFO: [ app_begin ] --END-- [ RunTime:0.001000s ]
SQL: SHOW COLUMNS FROM `file` [ RunTime:0.0040s ]
SQL: SELECT COUNT(*) AS tp_count FROM `file` LIMIT 1   [ RunTime:0.0000s ]
SQL: SELECT * FROM `file` ORDER BY createtime LIMIT 0,25   [ RunTime:0.0000s ]
NOTIC: [8] Undefined variable: show W:\wwwroot\Application\Home\Controller\IndexController.class.php 第 15 行.
INFO: [ view_parse ] --START--
INFO: [ template_filter ] --START--
INFO: Run Behavior\ContentReplaceBehavior [ RunTime:0.000000s ]
INFO: [ template_filter ] --END-- [ RunTime:0.000000s ]
INFO: Run Behavior\ParseTemplateBehavior [ RunTime:0.018001s ]
INFO: [ view_parse ] --END-- [ RunTime:0.018001s ]
INFO: [ view_filter ] --START--
INFO: Run Behavior\WriteHtmlCacheBehavior [ RunTime:0.000000s ]
INFO: [ view_filter ] --END-- [ RunTime:0.000000s ]
INFO: [ app_end ] --START--
INFO: Run Behavior\ShowPageTraceBehavior [ RunTime:0.001000s ]
INFO: [ app_end ] --END-- [ RunTime:0.001000s ]

[ 2015-10-12T18:14:54+08:00 ] 127.0.0.1 /index.php
INFO: [ app_init ] --START--
INFO: Run Behavior\BuildLiteBehavior [ RunTime:0.000000s ]
INFO: [ app_init ] --END-- [ RunTime:0.001000s ]
INFO: [ app_begin ] --START--
INFO: Run Behavior\ReadHtmlCacheBehavior [ RunTime:0.001000s ]
INFO: [ app_begin ] --END-- [ RunTime:0.001000s ]
SQL: SHOW COLUMNS FROM `file` [ RunTime:0.0020s ]
SQL: SELECT COUNT(*) AS tp_count FROM `file` LIMIT 1   [ RunTime:0.0000s ]
SQL: SELECT * FROM `file` ORDER BY createtime LIMIT 0,25   [ RunTime:0.0000s ]
NOTIC: [8] Undefined variable: show W:\wwwroot\Application\Home\Controller\IndexController.class.php 第 15 行.
INFO: [ view_parse ] --START--
INFO: [ template_filter ] --START--
INFO: Run Behavior\ContentReplaceBehavior [ RunTime:0.000000s ]
INFO: [ template_filter ] --END-- [ RunTime:0.000000s ]
INFO: Run Behavior\ParseTemplateBehavior [ RunTime:0.011001s ]
INFO: [ view_parse ] --END-- [ RunTime:0.011001s ]
INFO: [ view_filter ] --START--
INFO: Run Behavior\WriteHtmlCacheBehavior [ RunTime:0.000000s ]
INFO: [ view_filter ] --END-- [ RunTime:0.000000s ]
INFO: [ app_end ] --START--
INFO: Run Behavior\ShowPageTraceBehavior [ RunTime:0.001000s ]
INFO: [ app_end ] --END-- [ RunTime:0.001000s ]

[ 2015-10-12T18:14:58+08:00 ] 127.0.0.1 /index.php/Home/Report/show/md5/64d0c48b2add6f71c3c2c79e39c1d4bf
INFO: [ app_init ] --START--
INFO: Run Behavior\BuildLiteBehavior [ RunTime:0.000000s ]
INFO: [ app_init ] --END-- [ RunTime:0.001000s ]
INFO: [ app_begin ] --START--
INFO: Run Behavior\ReadHtmlCacheBehavior [ RunTime:0.002000s ]
INFO: [ app_begin ] --END-- [ RunTime:0.002000s ]
NOTIC: [2048] Declaration of Home\Controller\ReportController::show() should be compatible with Think\Controller::show($content, $charset = '', $contentType = '', $prefix = '') W:\wwwroot\Application\Home\Controller\ReportController.class.php 第 134 行.
SQL: SHOW COLUMNS FROM `file` [ RunTime:0.0040s ]
SQL: SELECT * FROM `file` WHERE `md5` = '64d0c48b2add6f71c3c2c79e39c1d4bf' LIMIT 1   [ RunTime:0.0000s ]
SQL: SHOW COLUMNS FROM `risk` [ RunTime:0.0020s ]
SQL: SHOW COLUMNS FROM `analysis` [ RunTime:0.0020s ]
SQL: SELECT * FROM `risk` WHERE `assessid` = 2 AND `ischeck` = 1 ORDER BY risklevel desc  [ RunTime:0.0000s ]
SQL: SELECT * FROM `analysis` WHERE `riskid` = 1 AND `fileid` = 18 LIMIT 1   [ RunTime:0.0000s ]
SQL: SELECT * FROM `analysis` WHERE `riskid` = 12 AND `fileid` = 18 LIMIT 1   [ RunTime:0.0010s ]
SQL: SELECT * FROM `analysis` WHERE `riskid` = 4 AND `fileid` = 18 LIMIT 1   [ RunTime:0.0000s ]
SQL: SELECT * FROM `analysis` WHERE `riskid` = 5 AND `fileid` = 18 LIMIT 1   [ RunTime:0.0000s ]
SQL: SELECT * FROM `analysis` WHERE `riskid` = 14 AND `fileid` = 18 LIMIT 1   [ RunTime:0.0000s ]
SQL: SELECT * FROM `risk` WHERE `assessid` = 1 AND `ischeck` = 1 ORDER BY risklevel desc  [ RunTime:0.0000s ]
SQL: SELECT * FROM `analysis` WHERE `riskid` = 3 AND `fileid` = 18 LIMIT 1   [ RunTime:0.0000s ]
SQL: SELECT * FROM `analysis` WHERE `riskid` = 2 AND `fileid` = 18 LIMIT 1   [ RunTime:0.0000s ]
SQL: SELECT * FROM `analysis` WHERE `riskid` = 6 AND `fileid` = 18 LIMIT 1   [ RunTime:0.0010s ]
SQL: SELECT * FROM `analysis` WHERE `riskid` = 7 AND `fileid` = 18 LIMIT 1   [ RunTime:0.0000s ]
SQL: SELECT * FROM `analysis` WHERE `riskid` = 8 AND `fileid` = 18 LIMIT 1   [ RunTime:0.0000s ]
SQL: SELECT * FROM `analysis` WHERE `riskid` = 9 AND `fileid` = 18 LIMIT 1   [ RunTime:0.0000s ]
SQL: SELECT * FROM `analysis` WHERE `riskid` = 10 AND `fileid` = 18 LIMIT 1   [ RunTime:0.0010s ]
SQL: SELECT * FROM `risk` WHERE `assessid` = 3 AND `ischeck` = 1 ORDER BY risklevel desc  [ RunTime:0.0000s ]
SQL: SELECT * FROM `analysis` WHERE `riskid` = 13 AND `fileid` = 18 LIMIT 1   [ RunTime:0.0000s ]
SQL: SELECT * FROM `analysis` WHERE `riskid` = 15 AND `fileid` = 18 LIMIT 1   [ RunTime:0.0000s ]
SQL: SELECT * FROM `analysis` WHERE `riskid` = 17 AND `fileid` = 18 LIMIT 1   [ RunTime:0.0000s ]
SQL: SELECT * FROM `analysis` WHERE `riskid` = 18 AND `fileid` = 18 LIMIT 1   [ RunTime:0.0000s ]
SQL: SELECT * FROM `analysis` WHERE `riskid` = 19 AND `fileid` = 18 LIMIT 1   [ RunTime:0.0000s ]
SQL: SELECT * FROM `analysis` WHERE `riskid` = 20 AND `fileid` = 18 LIMIT 1   [ RunTime:0.0000s ]
SQL: SELECT * FROM `analysis` WHERE `riskid` = 21 AND `fileid` = 18 LIMIT 1   [ RunTime:0.0010s ]
SQL: SELECT * FROM `analysis` WHERE `riskid` = 16 AND `fileid` = 18 LIMIT 1   [ RunTime:0.0000s ]
SQL: SELECT * FROM `analysis` WHERE `riskid` = 11 AND `fileid` = 18 LIMIT 1   [ RunTime:0.0000s ]
SQL: SELECT * FROM `analysis` WHERE `riskid` = 22 AND `fileid` = 18 LIMIT 1   [ RunTime:0.0000s ]
SQL: SELECT * FROM `analysis` WHERE `riskid` = 23 AND `fileid` = 18 LIMIT 1   [ RunTime:0.0000s ]
SQL: SELECT * FROM `analysis` WHERE `riskid` = 24 AND `fileid` = 18 LIMIT 1   [ RunTime:0.0000s ]
SQL: SELECT * FROM `analysis` WHERE `riskid` = 25 AND `fileid` = 18 LIMIT 1   [ RunTime:0.0000s ]
INFO: [ view_parse ] --START--
INFO: [ template_filter ] --START--
INFO: Run Behavior\ContentReplaceBehavior [ RunTime:0.000000s ]
INFO: [ template_filter ] --END-- [ RunTime:0.000000s ]
INFO: Run Behavior\ParseTemplateBehavior [ RunTime:0.018001s ]
INFO: [ view_parse ] --END-- [ RunTime:0.018001s ]
INFO: [ view_filter ] --START--
INFO: Run Behavior\WriteHtmlCacheBehavior [ RunTime:0.001000s ]
INFO: [ view_filter ] --END-- [ RunTime:0.001000s ]
INFO: [ app_end ] --START--
INFO: Run Behavior\ShowPageTraceBehavior [ RunTime:0.001000s ]
INFO: [ app_end ] --END-- [ RunTime:0.001000s ]

[ 2015-10-12T18:15:02+08:00 ] 127.0.0.1 /index.php/Home/Report/show/md5/c2ebbb482bb09dccdefc522f732c339c
INFO: [ app_init ] --START--
INFO: Run Behavior\BuildLiteBehavior [ RunTime:0.000000s ]
INFO: [ app_init ] --END-- [ RunTime:0.000000s ]
INFO: [ app_begin ] --START--
INFO: Run Behavior\ReadHtmlCacheBehavior [ RunTime:0.001000s ]
INFO: [ app_begin ] --END-- [ RunTime:0.001000s ]
NOTIC: [2048] Declaration of Home\Controller\ReportController::show() should be compatible with Think\Controller::show($content, $charset = '', $contentType = '', $prefix = '') W:\wwwroot\Application\Home\Controller\ReportController.class.php 第 134 行.
SQL: SHOW COLUMNS FROM `file` [ RunTime:0.0020s ]
SQL: SELECT * FROM `file` WHERE `md5` = 'c2ebbb482bb09dccdefc522f732c339c' LIMIT 1   [ RunTime:0.0010s ]
SQL: SHOW COLUMNS FROM `risk` [ RunTime:0.0020s ]
SQL: SHOW COLUMNS FROM `analysis` [ RunTime:0.0020s ]
SQL: SELECT * FROM `risk` WHERE `assessid` = 2 AND `ischeck` = 1 ORDER BY risklevel desc  [ RunTime:0.0000s ]
SQL: SELECT * FROM `analysis` WHERE `riskid` = 1 AND `fileid` = 12 LIMIT 1   [ RunTime:0.0000s ]
SQL: SELECT * FROM `analysis` WHERE `riskid` = 12 AND `fileid` = 12 LIMIT 1   [ RunTime:0.0010s ]
SQL: SELECT * FROM `analysis` WHERE `riskid` = 4 AND `fileid` = 12 LIMIT 1   [ RunTime:0.0000s ]
SQL: SELECT * FROM `analysis` WHERE `riskid` = 5 AND `fileid` = 12 LIMIT 1   [ RunTime:0.0000s ]
SQL: SELECT * FROM `analysis` WHERE `riskid` = 14 AND `fileid` = 12 LIMIT 1   [ RunTime:0.0000s ]
SQL: SELECT * FROM `risk` WHERE `assessid` = 1 AND `ischeck` = 1 ORDER BY risklevel desc  [ RunTime:0.0000s ]
SQL: SELECT * FROM `analysis` WHERE `riskid` = 3 AND `fileid` = 12 LIMIT 1   [ RunTime:0.0000s ]
SQL: SELECT * FROM `analysis` WHERE `riskid` = 2 AND `fileid` = 12 LIMIT 1   [ RunTime:0.0000s ]
SQL: SELECT * FROM `analysis` WHERE `riskid` = 6 AND `fileid` = 12 LIMIT 1   [ RunTime:0.0000s ]
SQL: SELECT * FROM `analysis` WHERE `riskid` = 7 AND `fileid` = 12 LIMIT 1   [ RunTime:0.0000s ]
SQL: SELECT * FROM `analysis` WHERE `riskid` = 8 AND `fileid` = 12 LIMIT 1   [ RunTime:0.0000s ]
SQL: SELECT * FROM `analysis` WHERE `riskid` = 9 AND `fileid` = 12 LIMIT 1   [ RunTime:0.0010s ]
SQL: SELECT * FROM `analysis` WHERE `riskid` = 10 AND `fileid` = 12 LIMIT 1   [ RunTime:0.0000s ]
SQL: SELECT * FROM `risk` WHERE `assessid` = 3 AND `ischeck` = 1 ORDER BY risklevel desc  [ RunTime:0.0000s ]
SQL: SELECT * FROM `analysis` WHERE `riskid` = 13 AND `fileid` = 12 LIMIT 1   [ RunTime:0.0000s ]
SQL: SELECT * FROM `analysis` WHERE `riskid` = 15 AND `fileid` = 12 LIMIT 1   [ RunTime:0.0000s ]
SQL: SELECT * FROM `analysis` WHERE `riskid` = 17 AND `fileid` = 12 LIMIT 1   [ RunTime:0.0000s ]
SQL: SELECT * FROM `analysis` WHERE `riskid` = 18 AND `fileid` = 12 LIMIT 1   [ RunTime:0.0010s ]
SQL: SELECT * FROM `analysis` WHERE `riskid` = 19 AND `fileid` = 12 LIMIT 1   [ RunTime:0.0000s ]
SQL: SELECT * FROM `analysis` WHERE `riskid` = 20 AND `fileid` = 12 LIMIT 1   [ RunTime:0.0000s ]
SQL: SELECT * FROM `analysis` WHERE `riskid` = 21 AND `fileid` = 12 LIMIT 1   [ RunTime:0.0000s ]
SQL: SELECT * FROM `analysis` WHERE `riskid` = 16 AND `fileid` = 12 LIMIT 1   [ RunTime:0.0000s ]
SQL: SELECT * FROM `analysis` WHERE `riskid` = 11 AND `fileid` = 12 LIMIT 1   [ RunTime:0.0000s ]
SQL: SELECT * FROM `analysis` WHERE `riskid` = 22 AND `fileid` = 12 LIMIT 1   [ RunTime:0.0000s ]
SQL: SELECT * FROM `analysis` WHERE `riskid` = 23 AND `fileid` = 12 LIMIT 1   [ RunTime:0.0010s ]
SQL: SELECT * FROM `analysis` WHERE `riskid` = 24 AND `fileid` = 12 LIMIT 1   [ RunTime:0.0000s ]
SQL: SELECT * FROM `analysis` WHERE `riskid` = 25 AND `fileid` = 12 LIMIT 1   [ RunTime:0.0000s ]
INFO: [ view_parse ] --START--
INFO: [ template_filter ] --START--
INFO: Run Behavior\ContentReplaceBehavior [ RunTime:0.001000s ]
INFO: [ template_filter ] --END-- [ RunTime:0.001000s ]
INFO: Run Behavior\ParseTemplateBehavior [ RunTime:0.020001s ]
INFO: [ view_parse ] --END-- [ RunTime:0.020001s ]
INFO: [ view_filter ] --START--
INFO: Run Behavior\WriteHtmlCacheBehavior [ RunTime:0.000000s ]
INFO: [ view_filter ] --END-- [ RunTime:0.000000s ]
INFO: [ app_end ] --START--
INFO: Run Behavior\ShowPageTraceBehavior [ RunTime:0.000000s ]
INFO: [ app_end ] --END-- [ RunTime:0.001000s ]

