[ 2015-10-10T09:23:03+08:00 ] 127.0.0.1 /
INFO: [ app_init ] --START--
INFO: Run Behavior\BuildLiteBehavior [ RunTime:0.000000s ]
INFO: [ app_init ] --END-- [ RunTime:0.000000s ]
INFO: [ app_begin ] --START--
INFO: Run Behavior\ReadHtmlCacheBehavior [ RunTime:0.000000s ]
INFO: [ app_begin ] --END-- [ RunTime:0.001000s ]
SQL: SHOW COLUMNS FROM `file` [ RunTime:0.0020s ]
SQL: SELECT COUNT(*) AS tp_count FROM `file` LIMIT 1   [ RunTime:0.0000s ]
SQL: SELECT * FROM `file` ORDER BY createtime LIMIT 0,25   [ RunTime:0.0010s ]
NOTIC: [8] Undefined variable: show W:\wwwroot\Application\Home\Controller\IndexController.class.php 第 15 行.
INFO: [ view_parse ] --START--
INFO: [ template_filter ] --START--
INFO: Run Behavior\ContentReplaceBehavior [ RunTime:0.000000s ]
INFO: [ template_filter ] --END-- [ RunTime:0.000000s ]
INFO: Run Behavior\ParseTemplateBehavior [ RunTime:0.011001s ]
INFO: [ view_parse ] --END-- [ RunTime:0.011001s ]
INFO: [ view_filter ] --START--
INFO: Run Behavior\WriteHtmlCacheBehavior [ RunTime:0.000000s ]
INFO: [ view_filter ] --END-- [ RunTime:0.000000s ]
INFO: [ app_end ] --START--
INFO: Run Behavior\ShowPageTraceBehavior [ RunTime:0.000000s ]
INFO: [ app_end ] --END-- [ RunTime:0.001000s ]

[ 2015-10-10T09:23:05+08:00 ] 127.0.0.1 /index.php
INFO: [ app_init ] --START--
INFO: Run Behavior\BuildLiteBehavior [ RunTime:0.000000s ]
INFO: [ app_init ] --END-- [ RunTime:0.002000s ]
INFO: [ app_begin ] --START--
INFO: Run Behavior\ReadHtmlCacheBehavior [ RunTime:0.001000s ]
INFO: [ app_begin ] --END-- [ RunTime:0.001000s ]
SQL: SHOW COLUMNS FROM `file` [ RunTime:0.0080s ]
SQL: SELECT COUNT(*) AS tp_count FROM `file` LIMIT 1   [ RunTime:0.0000s ]
SQL: SELECT * FROM `file` ORDER BY createtime LIMIT 0,25   [ RunTime:0.0010s ]
NOTIC: [8] Undefined variable: show W:\wwwroot\Application\Home\Controller\IndexController.class.php 第 15 行.
INFO: [ view_parse ] --START--
INFO: [ template_filter ] --START--
INFO: Run Behavior\ContentReplaceBehavior [ RunTime:0.000000s ]
INFO: [ template_filter ] --END-- [ RunTime:0.001000s ]
INFO: Run Behavior\ParseTemplateBehavior [ RunTime:0.023002s ]
INFO: [ view_parse ] --END-- [ RunTime:0.023002s ]
INFO: [ view_filter ] --START--
INFO: Run Behavior\WriteHtmlCacheBehavior [ RunTime:0.000000s ]
INFO: [ view_filter ] --END-- [ RunTime:0.001000s ]
INFO: [ app_end ] --START--
INFO: Run Behavior\ShowPageTraceBehavior [ RunTime:0.000000s ]
INFO: [ app_end ] --END-- [ RunTime:0.001000s ]

[ 2015-10-10T09:23:09+08:00 ] 127.0.0.1 /index.php/Home/Report/show/md5/c2ebbb482bb09dccdefc522f732c339c
INFO: [ app_init ] --START--
INFO: Run Behavior\BuildLiteBehavior [ RunTime:0.000000s ]
INFO: [ app_init ] --END-- [ RunTime:0.001000s ]
INFO: [ app_begin ] --START--
INFO: Run Behavior\ReadHtmlCacheBehavior [ RunTime:0.001000s ]
INFO: [ app_begin ] --END-- [ RunTime:0.001000s ]
NOTIC: [2048] Declaration of Home\Controller\ReportController::show() should be compatible with Think\Controller::show($content, $charset = '', $contentType = '', $prefix = '') W:\wwwroot\Application\Home\Controller\ReportController.class.php 第 134 行.
SQL: SHOW COLUMNS FROM `file` [ RunTime:0.0030s ]
SQL: SELECT * FROM `file` WHERE `md5` = 'c2ebbb482bb09dccdefc522f732c339c' LIMIT 1   [ RunTime:0.0000s ]
SQL: SHOW COLUMNS FROM `risk` [ RunTime:0.0020s ]
SQL: SHOW COLUMNS FROM `analysis` [ RunTime:0.0020s ]
SQL: SELECT * FROM `risk` WHERE `assessid` = 2 AND `ischeck` = 1 ORDER BY risklevel desc  [ RunTime:0.0010s ]
SQL: SELECT * FROM `analysis` WHERE `riskid` = 1 AND `fileid` = 12 LIMIT 1   [ RunTime:0.0000s ]
SQL: SELECT * FROM `analysis` WHERE `riskid` = 12 AND `fileid` = 12 LIMIT 1   [ RunTime:0.0000s ]
SQL: SELECT * FROM `analysis` WHERE `riskid` = 4 AND `fileid` = 12 LIMIT 1   [ RunTime:0.0000s ]
SQL: SELECT * FROM `analysis` WHERE `riskid` = 5 AND `fileid` = 12 LIMIT 1   [ RunTime:0.0000s ]
SQL: SELECT * FROM `analysis` WHERE `riskid` = 14 AND `fileid` = 12 LIMIT 1   [ RunTime:0.0000s ]
SQL: SELECT * FROM `risk` WHERE `assessid` = 1 AND `ischeck` = 1 ORDER BY risklevel desc  [ RunTime:0.0000s ]
SQL: SELECT * FROM `analysis` WHERE `riskid` = 3 AND `fileid` = 12 LIMIT 1   [ RunTime:0.0000s ]
SQL: SELECT * FROM `analysis` WHERE `riskid` = 2 AND `fileid` = 12 LIMIT 1   [ RunTime:0.0000s ]
SQL: SELECT * FROM `analysis` WHERE `riskid` = 6 AND `fileid` = 12 LIMIT 1   [ RunTime:0.0000s ]
SQL: SELECT * FROM `analysis` WHERE `riskid` = 7 AND `fileid` = 12 LIMIT 1   [ RunTime:0.0010s ]
SQL: SELECT * FROM `analysis` WHERE `riskid` = 8 AND `fileid` = 12 LIMIT 1   [ RunTime:0.0010s ]
SQL: SELECT * FROM `analysis` WHERE `riskid` = 9 AND `fileid` = 12 LIMIT 1   [ RunTime:0.0000s ]
SQL: SELECT * FROM `analysis` WHERE `riskid` = 10 AND `fileid` = 12 LIMIT 1   [ RunTime:0.0000s ]
SQL: SELECT * FROM `risk` WHERE `assessid` = 3 AND `ischeck` = 1 ORDER BY risklevel desc  [ RunTime:0.0000s ]
SQL: SELECT * FROM `analysis` WHERE `riskid` = 13 AND `fileid` = 12 LIMIT 1   [ RunTime:0.0000s ]
SQL: SELECT * FROM `analysis` WHERE `riskid` = 15 AND `fileid` = 12 LIMIT 1   [ RunTime:0.0000s ]
SQL: SELECT * FROM `analysis` WHERE `riskid` = 17 AND `fileid` = 12 LIMIT 1   [ RunTime:0.0000s ]
SQL: SELECT * FROM `analysis` WHERE `riskid` = 18 AND `fileid` = 12 LIMIT 1   [ RunTime:0.0000s ]
SQL: SELECT * FROM `analysis` WHERE `riskid` = 19 AND `fileid` = 12 LIMIT 1   [ RunTime:0.0000s ]
SQL: SELECT * FROM `analysis` WHERE `riskid` = 20 AND `fileid` = 12 LIMIT 1   [ RunTime:0.0000s ]
SQL: SELECT * FROM `analysis` WHERE `riskid` = 21 AND `fileid` = 12 LIMIT 1   [ RunTime:0.0000s ]
SQL: SELECT * FROM `analysis` WHERE `riskid` = 16 AND `fileid` = 12 LIMIT 1   [ RunTime:0.0010s ]
SQL: SELECT * FROM `analysis` WHERE `riskid` = 11 AND `fileid` = 12 LIMIT 1   [ RunTime:0.0010s ]
SQL: SELECT * FROM `analysis` WHERE `riskid` = 22 AND `fileid` = 12 LIMIT 1   [ RunTime:0.0000s ]
SQL: SELECT * FROM `analysis` WHERE `riskid` = 23 AND `fileid` = 12 LIMIT 1   [ RunTime:0.0000s ]
SQL: SELECT * FROM `analysis` WHERE `riskid` = 24 AND `fileid` = 12 LIMIT 1   [ RunTime:0.0000s ]
SQL: SELECT * FROM `analysis` WHERE `riskid` = 25 AND `fileid` = 12 LIMIT 1   [ RunTime:0.0000s ]
INFO: [ view_parse ] --START--
INFO: [ template_filter ] --START--
INFO: Run Behavior\ContentReplaceBehavior [ RunTime:0.000000s ]
INFO: [ template_filter ] --END-- [ RunTime:0.000000s ]
INFO: Run Behavior\ParseTemplateBehavior [ RunTime:0.025001s ]
INFO: [ view_parse ] --END-- [ RunTime:0.025001s ]
INFO: [ view_filter ] --START--
INFO: Run Behavior\WriteHtmlCacheBehavior [ RunTime:0.000000s ]
INFO: [ view_filter ] --END-- [ RunTime:0.000000s ]
INFO: [ app_end ] --START--
INFO: Run Behavior\ShowPageTraceBehavior [ RunTime:0.000000s ]
INFO: [ app_end ] --END-- [ RunTime:0.000000s ]

[ 2015-10-10T09:23:15+08:00 ] 127.0.0.1 /index.php/Home/Report/show/md5/4fe4cb413824e02ad1215ef1978c2583
INFO: [ app_init ] --START--
INFO: Run Behavior\BuildLiteBehavior [ RunTime:0.000000s ]
INFO: [ app_init ] --END-- [ RunTime:0.000000s ]
INFO: [ app_begin ] --START--
INFO: Run Behavior\ReadHtmlCacheBehavior [ RunTime:0.001000s ]
INFO: [ app_begin ] --END-- [ RunTime:0.001000s ]
NOTIC: [2048] Declaration of Home\Controller\ReportController::show() should be compatible with Think\Controller::show($content, $charset = '', $contentType = '', $prefix = '') W:\wwwroot\Application\Home\Controller\ReportController.class.php 第 134 行.
SQL: SHOW COLUMNS FROM `file` [ RunTime:0.0020s ]
SQL: SELECT * FROM `file` WHERE `md5` = '4fe4cb413824e02ad1215ef1978c2583' LIMIT 1   [ RunTime:0.0000s ]
SQL: SHOW COLUMNS FROM `risk` [ RunTime:0.0020s ]
SQL: SHOW COLUMNS FROM `analysis` [ RunTime:0.0020s ]
SQL: SELECT * FROM `risk` WHERE `assessid` = 2 AND `ischeck` = 1 ORDER BY risklevel desc  [ RunTime:0.0010s ]
SQL: SELECT * FROM `analysis` WHERE `riskid` = 1 AND `fileid` = 21 LIMIT 1   [ RunTime:0.0000s ]
SQL: SELECT * FROM `analysis` WHERE `riskid` = 12 AND `fileid` = 21 LIMIT 1   [ RunTime:0.0000s ]
SQL: SELECT * FROM `analysis` WHERE `riskid` = 4 AND `fileid` = 21 LIMIT 1   [ RunTime:0.0010s ]
SQL: SELECT * FROM `analysis` WHERE `riskid` = 5 AND `fileid` = 21 LIMIT 1   [ RunTime:0.0000s ]
SQL: SELECT * FROM `analysis` WHERE `riskid` = 14 AND `fileid` = 21 LIMIT 1   [ RunTime:0.0000s ]
SQL: SELECT * FROM `risk` WHERE `assessid` = 1 AND `ischeck` = 1 ORDER BY risklevel desc  [ RunTime:0.0010s ]
SQL: SELECT * FROM `analysis` WHERE `riskid` = 3 AND `fileid` = 21 LIMIT 1   [ RunTime:0.0000s ]
SQL: SELECT * FROM `analysis` WHERE `riskid` = 2 AND `fileid` = 21 LIMIT 1   [ RunTime:0.0000s ]
SQL: SELECT * FROM `analysis` WHERE `riskid` = 6 AND `fileid` = 21 LIMIT 1   [ RunTime:0.0000s ]
SQL: SELECT * FROM `analysis` WHERE `riskid` = 7 AND `fileid` = 21 LIMIT 1   [ RunTime:0.0010s ]
SQL: SELECT * FROM `analysis` WHERE `riskid` = 8 AND `fileid` = 21 LIMIT 1   [ RunTime:0.0000s ]
SQL: SELECT * FROM `analysis` WHERE `riskid` = 9 AND `fileid` = 21 LIMIT 1   [ RunTime:0.0000s ]
SQL: SELECT * FROM `analysis` WHERE `riskid` = 10 AND `fileid` = 21 LIMIT 1   [ RunTime:0.0010s ]
SQL: SELECT * FROM `risk` WHERE `assessid` = 3 AND `ischeck` = 1 ORDER BY risklevel desc  [ RunTime:0.0000s ]
SQL: SELECT * FROM `analysis` WHERE `riskid` = 13 AND `fileid` = 21 LIMIT 1   [ RunTime:0.0000s ]
SQL: SELECT * FROM `analysis` WHERE `riskid` = 15 AND `fileid` = 21 LIMIT 1   [ RunTime:0.0000s ]
SQL: SELECT * FROM `analysis` WHERE `riskid` = 17 AND `fileid` = 21 LIMIT 1   [ RunTime:0.0000s ]
SQL: SELECT * FROM `analysis` WHERE `riskid` = 18 AND `fileid` = 21 LIMIT 1   [ RunTime:0.0000s ]
SQL: SELECT * FROM `analysis` WHERE `riskid` = 19 AND `fileid` = 21 LIMIT 1   [ RunTime:0.0000s ]
SQL: SELECT * FROM `analysis` WHERE `riskid` = 20 AND `fileid` = 21 LIMIT 1   [ RunTime:0.0000s ]
SQL: SELECT * FROM `analysis` WHERE `riskid` = 21 AND `fileid` = 21 LIMIT 1   [ RunTime:0.0000s ]
SQL: SELECT * FROM `analysis` WHERE `riskid` = 16 AND `fileid` = 21 LIMIT 1   [ RunTime:0.0000s ]
SQL: SELECT * FROM `analysis` WHERE `riskid` = 11 AND `fileid` = 21 LIMIT 1   [ RunTime:0.0000s ]
SQL: SELECT * FROM `analysis` WHERE `riskid` = 22 AND `fileid` = 21 LIMIT 1   [ RunTime:0.0000s ]
SQL: SELECT * FROM `analysis` WHERE `riskid` = 23 AND `fileid` = 21 LIMIT 1   [ RunTime:0.0000s ]
SQL: SELECT * FROM `analysis` WHERE `riskid` = 24 AND `fileid` = 21 LIMIT 1   [ RunTime:0.0000s ]
SQL: SELECT * FROM `analysis` WHERE `riskid` = 25 AND `fileid` = 21 LIMIT 1   [ RunTime:0.0000s ]
INFO: [ view_parse ] --START--
INFO: [ template_filter ] --START--
INFO: Run Behavior\ContentReplaceBehavior [ RunTime:0.000000s ]
INFO: [ template_filter ] --END-- [ RunTime:0.000000s ]
INFO: Run Behavior\ParseTemplateBehavior [ RunTime:0.018001s ]
INFO: [ view_parse ] --END-- [ RunTime:0.019001s ]
INFO: [ view_filter ] --START--
INFO: Run Behavior\WriteHtmlCacheBehavior [ RunTime:0.000000s ]
INFO: [ view_filter ] --END-- [ RunTime:0.000000s ]
INFO: [ app_end ] --START--
INFO: Run Behavior\ShowPageTraceBehavior [ RunTime:0.000000s ]
INFO: [ app_end ] --END-- [ RunTime:0.000000s ]

