[ 2015-10-17T19:54:38+08:00 ] 127.0.0.1 /fonts/fontawesome-webfont.woff?v=4.1.0
INFO: [ app_init ] --START--
INFO: Run Behavior\BuildLiteBehavior [ RunTime:0.000026s ]
INFO: [ app_init ] --END-- [ RunTime:0.000461s ]
ERR: 无法加载模块:Fonts

[ 2015-10-17T19:54:38+08:00 ] 127.0.0.1 /fonts/fontawesome-webfont.ttf?v=4.1.0
INFO: [ app_init ] --START--
INFO: Run Behavior\BuildLiteBehavior [ RunTime:0.000027s ]
INFO: [ app_init ] --END-- [ RunTime:0.000497s ]
ERR: 无法加载模块:Fonts

[ 2015-10-17T20:15:46+08:00 ] 127.0.0.1 /assets/flash/ZeroClipboard.swf?noCache=1445084146542
INFO: [ app_init ] --START--
INFO: Run Behavior\BuildLiteBehavior [ RunTime:0.000052s ]
INFO: [ app_init ] --END-- [ RunTime:0.000788s ]
ERR: 无法加载模块:Assets

[ 2015-10-17T20:23:24+08:00 ] 127.0.0.1 /assets/flash/ZeroClipboard.swf?noCache=1445084604316
INFO: [ app_init ] --START--
INFO: Run Behavior\BuildLiteBehavior [ RunTime:0.000040s ]
INFO: [ app_init ] --END-- [ RunTime:0.000725s ]
ERR: 无法加载模块:Assets

[ 2015-10-17T20:23:38+08:00 ] 127.0.0.1 /assets/flash/ZeroClipboard.swf?noCache=1445084618716
INFO: [ app_init ] --START--
INFO: Run Behavior\BuildLiteBehavior [ RunTime:0.000086s ]
INFO: [ app_init ] --END-- [ RunTime:0.000685s ]
ERR: 无法加载模块:Assets

[ 2015-10-17T22:38:32+08:00 ] 127.0.0.1 /assets/flash/ZeroClipboard.swf?noCache=1445092712067
INFO: [ app_init ] --START--
INFO: Run Behavior\BuildLiteBehavior [ RunTime:0.000039s ]
INFO: [ app_init ] --END-- [ RunTime:0.000706s ]
ERR: 无法加载模块:Assets

[ 2015-10-17T22:39:46+08:00 ] 127.0.0.1 /assets/flash/ZeroClipboard.swf?noCache=1445092786589
INFO: [ app_init ] --START--
INFO: Run Behavior\BuildLiteBehavior [ RunTime:0.000028s ]
INFO: [ app_init ] --END-- [ RunTime:0.000544s ]
ERR: 无法加载模块:Assets

[ 2015-10-17T23:30:46+08:00 ] 127.0.0.1 /Public/js/bootstrap-modal.js
INFO: [ app_init ] --START--
INFO: Run Behavior\BuildLiteBehavior [ RunTime:0.000047s ]
INFO: [ app_init ] --END-- [ RunTime:0.000740s ]
ERR: 无法加载模块:Public

[ 2015-10-17T23:30:46+08:00 ] 127.0.0.1 /Public/js/bootstrap-alert.js
INFO: [ app_init ] --START--
INFO: Run Behavior\BuildLiteBehavior [ RunTime:0.000047s ]
INFO: [ app_init ] --END-- [ RunTime:0.000828s ]
ERR: 无法加载模块:Public

c

[ 2015-10-17T23:30:46+08:00 ] 127.0.0.1 /Public/js/bootstrap-scrollspy.js
INFO: [ app_init ] --START--
INFO: Run Behavior\BuildLiteBehavior [ RunTime:0.000040s ]
INFO: [ app_init ] --END-- [ RunTime:0.000677s ]
ERR: 无法加载模块:Public

[ 2015-10-17T23:30:46+08:00 ] 127.0.0.1 /Public/js/bootstrap-tab.js
INFO: [ app_init ] --START--
INFO: Run Behavior\BuildLiteBehavior [ RunTime:0.000041s ]
INFO: [ app_init ] --END-- [ RunTime:0.000673s ]
ERR: 无法加载模块:Public

[ 2015-10-17T23:30:46+08:00 ] 127.0.0.1 /Public/js/bootstrap-popover.js
INFO: [ app_init ] --START--
INFO: Run Behavior\BuildLiteBehavior [ RunTime:0.000042s ]
INFO: [ app_init ] --END-- [ RunTime:0.000690s ]
ERR: 无法加载模块:Public

[ 2015-10-17T23:30:47+08:00 ] 127.0.0.1 /Public/js/bootstrap-collapse.js
INFO: [ app_init ] --START--
INFO: Run Behavior\BuildLiteBehavior [ RunTime:0.000041s ]
INFO: [ app_init ] --END-- [ RunTime:0.000727s ]
ERR: 无法加载模块:Public

[ 2015-10-17T23:30:47+08:00 ] 127.0.0.1 /Public/js/bootstrap-tooltip.js
INFO: [ app_init ] --START--
INFO: Run Behavior\BuildLiteBehavior [ RunTime:0.000042s ]
INFO: [ app_init ] --END-- [ RunTime:0.000714s ]
ERR: 无法加载模块:Public

[ 2015-10-17T23:30:47+08:00 ] 127.0.0.1 /Public/js/bootstrap-button.js
INFO: [ app_init ] --START--
INFO: Run Behavior\BuildLiteBehavior [ RunTime:0.000047s ]
INFO: [ app_init ] --END-- [ RunTime:0.000792s ]
ERR: 无法加载模块:Public

[ 2015-10-17T23:30:47+08:00 ] 127.0.0.1 /Public/js/bootstrap-carousel.js
INFO: [ app_init ] --START--
INFO: Run Behavior\BuildLiteBehavior [ RunTime:0.000044s ]
INFO: [ app_init ] --END-- [ RunTime:0.000730s ]
ERR: 无法加载模块:Public

[ 2015-10-17T23:30:47+08:00 ] 127.0.0.1 /Public/js/bootstrap-typeahead.js
INFO: [ app_init ] --START--
INFO: Run Behavior\BuildLiteBehavior [ RunTime:0.000040s ]
INFO: [ app_init ] --END-- [ RunTime:0.000857s ]
ERR: 无法加载模块:Public

[ 2015-10-17T23:30:47+08:00 ] 127.0.0.1 /Public/ico/favicon.png
INFO: [ app_init ] --START--
INFO: Run Behavior\BuildLiteBehavior [ RunTime:0.000043s ]
INFO: [ app_init ] --END-- [ RunTime:0.000750s ]
ERR: 无法加载模块:Public

[ 2015-10-17T23:31:39+08:00 ] 127.0.0.1 /Public/js/bootstrap-transition.js
INFO: [ app_init ] --START--
INFO: Run Behavior\BuildLiteBehavior [ RunTime:0.000049s ]
INFO: [ app_init ] --END-- [ RunTime:0.000768s ]
ERR: 无法加载模块:Public

[ 2015-10-17T23:31:39+08:00 ] 127.0.0.1 /Public/js/bootstrap-modal.js
INFO: [ app_init ] --START--
INFO: Run Behavior\BuildLiteBehavior [ RunTime:0.000038s ]
INFO: [ app_init ] --END-- [ RunTime:0.000726s ]
ERR: 无法加载模块:Public

[ 2015-10-17T23:31:39+08:00 ] 127.0.0.1 /Public/js/bootstrap-alert.js
INFO: [ app_init ] --START--
INFO: Run Behavior\BuildLiteBehavior [ RunTime:0.000045s ]
INFO: [ app_init ] --END-- [ RunTime:0.000761s ]
ERR: 无法加载模块:Public

[ 2015-10-17T23:31:39+08:00 ] 127.0.0.1 /Public/js/bootstrap-tab.js
INFO: [ app_init ] --START--
INFO: Run Behavior\BuildLiteBehavior [ RunTime:0.000039s ]
INFO: [ app_init ] --END-- [ RunTime:0.000721s ]
ERR: 无法加载模块:Public

[ 2015-10-17T23:31:39+08:00 ] 127.0.0.1 /Public/js/bootstrap-tooltip.js
INFO: [ app_init ] --START--
INFO: Run Behavior\BuildLiteBehavior [ RunTime:0.000042s ]
INFO: [ app_init ] --END-- [ RunTime:0.000691s ]
ERR: 无法加载模块:Public

[ 2015-10-17T23:31:39+08:00 ] 127.0.0.1 /Public/js/bootstrap-popover.js
INFO: [ app_init ] --START--
INFO: Run Behavior\BuildLiteBehavior [ RunTime:0.000043s ]
INFO: [ app_init ] --END-- [ RunTime:0.000726s ]
ERR: 无法加载模块:Public

[ 2015-10-17T23:31:39+08:00 ] 127.0.0.1 /Public/js/bootstrap-dropdown.js
INFO: [ app_init ] --START--
INFO: Run Behavior\BuildLiteBehavior [ RunTime:0.000036s ]
INFO: [ app_init ] --END-- [ RunTime:0.000641s ]
ERR: 无法加载模块:Public

[ 2015-10-17T23:31:39+08:00 ] 127.0.0.1 /Public/js/bootstrap-button.js
INFO: [ app_init ] --START--
INFO: Run Behavior\BuildLiteBehavior [ RunTime:0.000041s ]
INFO: [ app_init ] --END-- [ RunTime:0.000717s ]
ERR: 无法加载模块:Public

[ 2015-10-17T23:31:39+08:00 ] 127.0.0.1 /Public/js/bootstrap-scrollspy.js
INFO: [ app_init ] --START--
INFO: Run Behavior\BuildLiteBehavior [ RunTime:0.000044s ]
INFO: [ app_init ] --END-- [ RunTime:0.000712s ]
ERR: 无法加载模块:Public

[ 2015-10-17T23:31:39+08:00 ] 127.0.0.1 /Public/js/bootstrap-collapse.js
INFO: [ app_init ] --START--
INFO: Run Behavior\BuildLiteBehavior [ RunTime:0.000039s ]
INFO: [ app_init ] --END-- [ RunTime:0.000674s ]
ERR: 无法加载模块:Public

[ 2015-10-17T23:31:39+08:00 ] 127.0.0.1 /Public/js/bootstrap-carousel.js
INFO: [ app_init ] --START--
INFO: Run Behavior\BuildLiteBehavior [ RunTime:0.000042s ]
INFO: [ app_init ] --END-- [ RunTime:0.000698s ]
ERR: 无法加载模块:Public

[ 2015-10-17T23:31:39+08:00 ] 127.0.0.1 /Public/js/bootstrap-typeahead.js
INFO: [ app_init ] --START--
INFO: Run Behavior\BuildLiteBehavior [ RunTime:0.000043s ]
INFO: [ app_init ] --END-- [ RunTime:0.000756s ]
ERR: 无法加载模块:Public

[ 2015-10-17T23:32:03+08:00 ] 127.0.0.1 /Public/js/bootstrap-modal.js
INFO: [ app_init ] --START--
INFO: Run Behavior\BuildLiteBehavior [ RunTime:0.000039s ]
INFO: [ app_init ] --END-- [ RunTime:0.000752s ]
ERR: 无法加载模块:Public

[ 2015-10-17T23:32:03+08:00 ] 127.0.0.1 /Public/js/bootstrap-scrollspy.js
INFO: [ app_init ] --START--
INFO: Run Behavior\BuildLiteBehavior [ RunTime:0.000041s ]
INFO: [ app_init ] --END-- [ RunTime:0.000710s ]
ERR: 无法加载模块:Public

[ 2015-10-17T23:32:03+08:00 ] 127.0.0.1 /Public/js/bootstrap-dropdown.js
INFO: [ app_init ] --START--
INFO: Run Behavior\BuildLiteBehavior [ RunTime:0.000043s ]
INFO: [ app_init ] --END-- [ RunTime:0.000734s ]
ERR: 无法加载模块:Public

[ 2015-10-17T23:32:03+08:00 ] 127.0.0.1 /Public/js/bootstrap-transition.js
INFO: [ app_init ] --START--
INFO: Run Behavior\BuildLiteBehavior [ RunTime:0.000047s ]
INFO: [ app_init ] --END-- [ RunTime:0.000786s ]
ERR: 无法加载模块:Public

[ 2015-10-17T23:32:03+08:00 ] 127.0.0.1 /Public/js/bootstrap-tab.js
INFO: [ app_init ] --START--
INFO: Run Behavior\BuildLiteBehavior [ RunTime:0.000042s ]
INFO: [ app_init ] --END-- [ RunTime:0.000689s ]
ERR: 无法加载模块:Public

[ 2015-10-17T23:32:03+08:00 ] 127.0.0.1 /Public/js/bootstrap-alert.js
INFO: [ app_init ] --START--
INFO: Run Behavior\BuildLiteBehavior [ RunTime:0.000064s ]
INFO: [ app_init ] --END-- [ RunTime:0.000759s ]
ERR: 无法加载模块:Public

[ 2015-10-17T23:32:03+08:00 ] 127.0.0.1 /Public/js/bootstrap-button.js
INFO: [ app_init ] --START--
INFO: Run Behavior\BuildLiteBehavior [ RunTime:0.000044s ]
INFO: [ app_init ] --END-- [ RunTime:0.000757s ]
ERR: 无法加载模块:Public

[ 2015-10-17T23:32:03+08:00 ] 127.0.0.1 /Public/js/bootstrap-tooltip.js
INFO: [ app_init ] --START--
INFO: Run Behavior\BuildLiteBehavior [ RunTime:0.000043s ]
INFO: [ app_init ] --END-- [ RunTime:0.000782s ]
ERR: 无法加载模块:Public

[ 2015-10-17T23:32:03+08:00 ] 127.0.0.1 /Public/js/bootstrap-popover.js
INFO: [ app_init ] --START--
INFO: Run Behavior\BuildLiteBehavior [ RunTime:0.000045s ]
INFO: [ app_init ] --END-- [ RunTime:0.000748s ]
ERR: 无法加载模块:Public

[ 2015-10-17T23:32:03+08:00 ] 127.0.0.1 /Public/js/bootstrap-collapse.js
INFO: [ app_init ] --START--
INFO: Run Behavior\BuildLiteBehavior [ RunTime:0.000046s ]
INFO: [ app_init ] --END-- [ RunTime:0.000807s ]
ERR: 无法加载模块:Public

[ 2015-10-17T23:32:03+08:00 ] 127.0.0.1 /Public/js/bootstrap-typeahead.js
INFO: [ app_init ] --START--
INFO: Run Behavior\BuildLiteBehavior [ RunTime:0.000046s ]
INFO: [ app_init ] --END-- [ RunTime:0.000915s ]
ERR: 无法加载模块:Public

[ 2015-10-17T23:33:47+08:00 ] 127.0.0.1 /Public/js/bootstrap-scrollspy.js
INFO: [ app_init ] --START--
INFO: Run Behavior\BuildLiteBehavior [ RunTime:0.000040s ]
INFO: [ app_init ] --END-- [ RunTime:0.000728s ]
ERR: 无法加载模块:Public

[ 2015-10-17T23:33:47+08:00 ] 127.0.0.1 /Public/js/bootstrap-modal.js
INFO: [ app_init ] --START--
INFO: Run Behavior\BuildLiteBehavior [ RunTime:0.000038s ]
INFO: [ app_init ] --END-- [ RunTime:0.000714s ]
ERR: 无法加载模块:Public

[ 2015-10-17T23:33:47+08:00 ] 127.0.0.1 /Public/js/bootstrap-transition.js
INFO: [ app_init ] --START--
INFO: Run Behavior\BuildLiteBehavior [ RunTime:0.000040s ]
INFO: [ app_init ] --END-- [ RunTime:0.000672s ]
ERR: 无法加载模块:Public

[ 2015-10-17T23:33:47+08:00 ] 127.0.0.1 /Public/js/bootstrap-dropdown.js
INFO: [ app_init ] --START--
INFO: Run Behavior\BuildLiteBehavior [ RunTime:0.000048s ]
INFO: [ app_init ] --END-- [ RunTime:0.000835s ]
ERR: 无法加载模块:Public

[ 2015-10-17T23:33:47+08:00 ] 127.0.0.1 /Public/js/bootstrap-alert.js
INFO: [ app_init ] --START--
INFO: Run Behavior\BuildLiteBehavior [ RunTime:0.000041s ]
INFO: [ app_init ] --END-- [ RunTime:0.000734s ]
ERR: 无法加载模块:Public

[ 2015-10-17T23:33:47+08:00 ] 127.0.0.1 /Public/js/bootstrap-tooltip.js
INFO: [ app_init ] --START--
INFO: Run Behavior\BuildLiteBehavior [ RunTime:0.000044s ]
INFO: [ app_init ] --END-- [ RunTime:0.000723s ]
ERR: 无法加载模块:Public

[ 2015-10-17T23:33:47+08:00 ] 127.0.0.1 /Public/js/bootstrap-collapse.js
INFO: [ app_init ] --START--
INFO: Run Behavior\BuildLiteBehavior [ RunTime:0.000038s ]
INFO: [ app_init ] --END-- [ RunTime:0.000716s ]
ERR: 无法加载模块:Public

[ 2015-10-17T23:33:47+08:00 ] 127.0.0.1 /Public/js/bootstrap-tab.js
INFO: [ app_init ] --START--
INFO: Run Behavior\BuildLiteBehavior [ RunTime:0.000047s ]
INFO: [ app_init ] --END-- [ RunTime:0.000780s ]
ERR: 无法加载模块:Public

[ 2015-10-17T23:33:47+08:00 ] 127.0.0.1 /Public/js/bootstrap-button.js
INFO: [ app_init ] --START--
INFO: Run Behavior\BuildLiteBehavior [ RunTime:0.000043s ]
INFO: [ app_init ] --END-- [ RunTime:0.000688s ]
ERR: 无法加载模块:Public

[ 2015-10-17T23:33:47+08:00 ] 127.0.0.1 /Public/js/bootstrap-popover.js
INFO: [ app_init ] --START--
INFO: Run Behavior\BuildLiteBehavior [ RunTime:0.000073s ]
INFO: [ app_init ] --END-- [ RunTime:0.000873s ]
ERR: 无法加载模块:Public

[ 2015-10-17T23:33:47+08:00 ] 127.0.0.1 /Public/js/bootstrap-typeahead.js
INFO: [ app_init ] --START--
INFO: Run Behavior\BuildLiteBehavior [ RunTime:0.000045s ]
INFO: [ app_init ] --END-- [ RunTime:0.000749s ]
ERR: 无法加载模块:Public

[ 2015-10-17T23:33:47+08:00 ] 127.0.0.1 /Public/js/bootstrap-carousel.js
INFO: [ app_init ] --START--
INFO: Run Behavior\BuildLiteBehavior [ RunTime:0.000028s ]
INFO: [ app_init ] --END-- [ RunTime:0.000609s ]
ERR: 无法加载模块:Public

[ 2015-10-17T23:34:36+08:00 ] 127.0.0.1 /Public/js/bootstrap-transition.js
INFO: [ app_init ] --START--
INFO: Run Behavior\BuildLiteBehavior [ RunTime:0.000041s ]
INFO: [ app_init ] --END-- [ RunTime:0.000688s ]
ERR: 无法加载模块:Public

[ 2015-10-17T23:34:36+08:00 ] 127.0.0.1 /Public/js/bootstrap-tab.js
INFO: [ app_init ] --START--
INFO: Run Behavior\BuildLiteBehavior [ RunTime:0.000042s ]
INFO: [ app_init ] --END-- [ RunTime:0.000707s ]
ERR: 无法加载模块:Public

[ 2015-10-17T23:34:36+08:00 ] 127.0.0.1 /Public/js/bootstrap-alert.js
INFO: [ app_init ] --START--
INFO: Run Behavior\BuildLiteBehavior [ RunTime:0.000045s ]
INFO: [ app_init ] --END-- [ RunTime:0.000721s ]
ERR: 无法加载模块:Public

[ 2015-10-17T23:34:36+08:00 ] 127.0.0.1 /Public/js/bootstrap-modal.js
INFO: [ app_init ] --START--
INFO: Run Behavior\BuildLiteBehavior [ RunTime:0.000044s ]
INFO: [ app_init ] --END-- [ RunTime:0.000810s ]
ERR: 无法加载模块:Public

[ 2015-10-17T23:34:36+08:00 ] 127.0.0.1 /Public/js/bootstrap-scrollspy.js
INFO: [ app_init ] --START--
INFO: Run Behavior\BuildLiteBehavior [ RunTime:0.000043s ]
INFO: [ app_init ] --END-- [ RunTime:0.000739s ]
ERR: 无法加载模块:Public

[ 2015-10-17T23:34:36+08:00 ] 127.0.0.1 /Public/js/bootstrap-tooltip.js
INFO: [ app_init ] --START--
INFO: Run Behavior\BuildLiteBehavior [ RunTime:0.000041s ]
INFO: [ app_init ] --END-- [ RunTime:0.000671s ]
ERR: 无法加载模块:Public

[ 2015-10-17T23:34:36+08:00 ] 127.0.0.1 /Public/js/bootstrap-dropdown.js
INFO: [ app_init ] --START--
INFO: Run Behavior\BuildLiteBehavior [ RunTime:0.000042s ]
INFO: [ app_init ] --END-- [ RunTime:0.000737s ]
ERR: 无法加载模块:Public

[ 2015-10-17T23:34:36+08:00 ] 127.0.0.1 /Public/js/bootstrap-popover.js
INFO: [ app_init ] --START--
INFO: Run Behavior\BuildLiteBehavior [ RunTime:0.000046s ]
INFO: [ app_init ] --END-- [ RunTime:0.000840s ]
ERR: 无法加载模块:Public

[ 2015-10-17T23:34:36+08:00 ] 127.0.0.1 /Public/js/bootstrap-button.js
INFO: [ app_init ] --START--
INFO: Run Behavior\BuildLiteBehavior [ RunTime:0.000043s ]
INFO: [ app_init ] --END-- [ RunTime:0.001077s ]
ERR: 无法加载模块:Public

[ 2015-10-17T23:34:37+08:00 ] 127.0.0.1 /Public/js/bootstrap-collapse.js
INFO: [ app_init ] --START--
INFO: Run Behavior\BuildLiteBehavior [ RunTime:0.000042s ]
INFO: [ app_init ] --END-- [ RunTime:0.000847s ]
ERR: 无法加载模块:Public

[ 2015-10-17T23:34:37+08:00 ] 127.0.0.1 /Public/js/bootstrap-carousel.js
INFO: [ app_init ] --START--
INFO: Run Behavior\BuildLiteBehavior [ RunTime:0.000053s ]
INFO: [ app_init ] --END-- [ RunTime:0.000725s ]
ERR: 无法加载模块:Public

[ 2015-10-17T23:34:37+08:00 ] 127.0.0.1 /Public/js/bootstrap-typeahead.js
INFO: [ app_init ] --START--
INFO: Run Behavior\BuildLiteBehavior [ RunTime:0.000038s ]
INFO: [ app_init ] --END-- [ RunTime:0.000690s ]
ERR: 无法加载模块:Public

[ 2015-10-17T23:40:26+08:00 ] 127.0.0.1 /Public/js/bootstrap-alert.js
INFO: [ app_init ] --START--
INFO: Run Behavior\BuildLiteBehavior [ RunTime:0.000043s ]
INFO: [ app_init ] --END-- [ RunTime:0.000757s ]
ERR: 无法加载模块:Public

[ 2015-10-17T23:40:26+08:00 ] 127.0.0.1 /Public/js/bootstrap-modal.js
INFO: [ app_init ] --START--
INFO: Run Behavior\BuildLiteBehavior [ RunTime:0.000045s ]
INFO: [ app_init ] --END-- [ RunTime:0.000800s ]
ERR: 无法加载模块:Public

[ 2015-10-17T23:40:26+08:00 ] 127.0.0.1 /Public/js/bootstrap-dropdown.js
INFO: [ app_init ] --START--
INFO: Run Behavior\BuildLiteBehavior [ RunTime:0.000040s ]
INFO: [ app_init ] --END-- [ RunTime:0.000754s ]
ERR: 无法加载模块:Public

[ 2015-10-17T23:40:26+08:00 ] 127.0.0.1 /Public/js/bootstrap-scrollspy.js
INFO: [ app_init ] --START--
INFO: Run Behavior\BuildLiteBehavior [ RunTime:0.000041s ]
INFO: [ app_init ] --END-- [ RunTime:0.000760s ]
ERR: 无法加载模块:Public

[ 2015-10-17T23:40:26+08:00 ] 127.0.0.1 /Public/js/bootstrap-tooltip.js
INFO: [ app_init ] --START--
INFO: Run Behavior\BuildLiteBehavior [ RunTime:0.000040s ]
INFO: [ app_init ] --END-- [ RunTime:0.000665s ]
ERR: 无法加载模块:Public

[ 2015-10-17T23:40:26+08:00 ] 127.0.0.1 /Public/js/bootstrap-tab.js
INFO: [ app_init ] --START--
INFO: Run Behavior\BuildLiteBehavior [ RunTime:0.000040s ]
INFO: [ app_init ] --END-- [ RunTime:0.000748s ]
ERR: 无法加载模块:Public

[ 2015-10-17T23:40:26+08:00 ] 127.0.0.1 /Public/js/bootstrap-transition.js
INFO: [ app_init ] --START--
INFO: Run Behavior\BuildLiteBehavior [ RunTime:0.000041s ]
INFO: [ app_init ] --END-- [ RunTime:0.000714s ]
ERR: 无法加载模块:Public

[ 2015-10-17T23:40:26+08:00 ] 127.0.0.1 /Public/js/bootstrap-popover.js
INFO: [ app_init ] --START--
INFO: Run Behavior\BuildLiteBehavior [ RunTime:0.000047s ]
INFO: [ app_init ] --END-- [ RunTime:0.000750s ]
ERR: 无法加载模块:Public

[ 2015-10-17T23:40:26+08:00 ] 127.0.0.1 /Public/js/bootstrap-carousel.js
INFO: [ app_init ] --START--
INFO: Run Behavior\BuildLiteBehavior [ RunTime:0.000043s ]
INFO: [ app_init ] --END-- [ RunTime:0.000691s ]
ERR: 无法加载模块:Public

[ 2015-10-17T23:40:26+08:00 ] 127.0.0.1 /Public/js/bootstrap-typeahead.js
INFO: [ app_init ] --START--
INFO: Run Behavior\BuildLiteBehavior [ RunTime:0.000038s ]
INFO: [ app_init ] --END-- [ RunTime:0.000671s ]
ERR: 无法加载模块:Public

[ 2015-10-17T23:40:26+08:00 ] 127.0.0.1 /Public/js/bootstrap-button.js
INFO: [ app_init ] --START--
INFO: Run Behavior\BuildLiteBehavior [ RunTime:0.000044s ]
INFO: [ app_init ] --END-- [ RunTime:0.000808s ]
ERR: 无法加载模块:Public

[ 2015-10-17T23:40:26+08:00 ] 127.0.0.1 /Public/js/bootstrap-collapse.js
INFO: [ app_init ] --START--
INFO: Run Behavior\BuildLiteBehavior [ RunTime:0.000044s ]
INFO: [ app_init ] --END-- [ RunTime:0.000885s ]
ERR: 无法加载模块:Public

[ 2015-10-17T23:40:56+08:00 ] 127.0.0.1 /Public/js/bootstrap-transition.js
INFO: [ app_init ] --START--
INFO: Run Behavior\BuildLiteBehavior [ RunTime:0.000027s ]
INFO: [ app_init ] --END-- [ RunTime:0.000457s ]
ERR: 无法加载模块:Public

[ 2015-10-17T23:40:56+08:00 ] 127.0.0.1 /Public/js/bootstrap-alert.js
INFO: [ app_init ] --START--
INFO: Run Behavior\BuildLiteBehavior [ RunTime:0.000029s ]
INFO: [ app_init ] --END-- [ RunTime:0.000500s ]
ERR: 无法加载模块:Public

[ 2015-10-17T23:40:56+08:00 ] 127.0.0.1 /Public/js/bootstrap-dropdown.js
INFO: [ app_init ] --START--
INFO: Run Behavior\BuildLiteBehavior [ RunTime:0.000025s ]
INFO: [ app_init ] --END-- [ RunTime:0.000452s ]
ERR: 无法加载模块:Public

[ 2015-10-17T23:40:56+08:00 ] 127.0.0.1 /Public/js/bootstrap-scrollspy.js
INFO: [ app_init ] --START--
INFO: Run Behavior\BuildLiteBehavior [ RunTime:0.000039s ]
INFO: [ app_init ] --END-- [ RunTime:0.000710s ]
ERR: 无法加载模块:Public

[ 2015-10-17T23:40:56+08:00 ] 127.0.0.1 /Public/js/bootstrap-modal.js
INFO: [ app_init ] --START--
INFO: Run Behavior\BuildLiteBehavior [ RunTime:0.000039s ]
INFO: [ app_init ] --END-- [ RunTime:0.000697s ]
ERR: 无法加载模块:Public

[ 2015-10-17T23:40:56+08:00 ] 127.0.0.1 /Public/js/bootstrap-tooltip.js
INFO: [ app_init ] --START--
INFO: Run Behavior\BuildLiteBehavior [ RunTime:0.000045s ]
INFO: [ app_init ] --END-- [ RunTime:0.000684s ]
ERR: 无法加载模块:Public

[ 2015-10-17T23:40:56+08:00 ] 127.0.0.1 /Public/js/bootstrap-popover.js
INFO: [ app_init ] --START--
INFO: Run Behavior\BuildLiteBehavior [ RunTime:0.000044s ]
INFO: [ app_init ] --END-- [ RunTime:0.000750s ]
ERR: 无法加载模块:Public

[ 2015-10-17T23:40:56+08:00 ] 127.0.0.1 /Public/js/bootstrap-collapse.js
INFO: [ app_init ] --START--
INFO: Run Behavior\BuildLiteBehavior [ RunTime:0.000043s ]
INFO: [ app_init ] --END-- [ RunTime:0.000739s ]
ERR: 无法加载模块:Public

[ 2015-10-17T23:40:56+08:00 ] 127.0.0.1 /Public/js/bootstrap-carousel.js
INFO: [ app_init ] --START--
INFO: Run Behavior\BuildLiteBehavior [ RunTime:0.000041s ]
INFO: [ app_init ] --END-- [ RunTime:0.000708s ]
ERR: 无法加载模块:Public

[ 2015-10-17T23:40:56+08:00 ] 127.0.0.1 /Public/js/bootstrap-button.js
INFO: [ app_init ] --START--
INFO: Run Behavior\BuildLiteBehavior [ RunTime:0.000042s ]
INFO: [ app_init ] --END-- [ RunTime:0.000660s ]
ERR: 无法加载模块:Public

[ 2015-10-17T23:40:56+08:00 ] 127.0.0.1 /Public/js/bootstrap-tab.js
INFO: [ app_init ] --START--
INFO: Run Behavior\BuildLiteBehavior [ RunTime:0.000042s ]
INFO: [ app_init ] --END-- [ RunTime:0.000796s ]
ERR: 无法加载模块:Public

[ 2015-10-17T23:40:56+08:00 ] 127.0.0.1 /Public/js/bootstrap-typeahead.js
INFO: [ app_init ] --START--
INFO: Run Behavior\BuildLiteBehavior [ RunTime:0.000039s ]
INFO: [ app_init ] --END-- [ RunTime:0.000663s ]
ERR: 无法加载模块:Public

[ 2015-10-17T23:40:58+08:00 ] 127.0.0.1 /Public/js/bootstrap-modal.js
INFO: [ app_init ] --START--
INFO: Run Behavior\BuildLiteBehavior [ RunTime:0.000048s ]
INFO: [ app_init ] --END-- [ RunTime:0.000723s ]
ERR: 无法加载模块:Public

[ 2015-10-17T23:40:58+08:00 ] 127.0.0.1 /Public/js/bootstrap-tab.js
INFO: [ app_init ] --START--
INFO: Run Behavior\BuildLiteBehavior [ RunTime:0.000042s ]
INFO: [ app_init ] --END-- [ RunTime:0.000668s ]
ERR: 无法加载模块:Public

[ 2015-10-17T23:40:58+08:00 ] 127.0.0.1 /Public/js/bootstrap-alert.js
INFO: [ app_init ] --START--
INFO: Run Behavior\BuildLiteBehavior [ RunTime:0.000044s ]
INFO: [ app_init ] --END-- [ RunTime:0.011188s ]
ERR: 无法加载模块:Public

[ 2015-10-17T23:40:58+08:00 ] 127.0.0.1 /Public/js/bootstrap-scrollspy.js
INFO: [ app_init ] --START--
INFO: Run Behavior\BuildLiteBehavior [ RunTime:0.000034s ]
INFO: [ app_init ] --END-- [ RunTime:0.000640s ]
ERR: 无法加载模块:Public

[ 2015-10-17T23:40:58+08:00 ] 127.0.0.1 /Public/js/bootstrap-dropdown.js
INFO: [ app_init ] --START--
INFO: Run Behavior\BuildLiteBehavior [ RunTime:0.000042s ]
INFO: [ app_init ] --END-- [ RunTime:0.000738s ]
ERR: 无法加载模块:Public

[ 2015-10-17T23:40:58+08:00 ] 127.0.0.1 /Public/js/bootstrap-transition.js
INFO: [ app_init ] --START--
INFO: Run Behavior\BuildLiteBehavior [ RunTime:0.000045s ]
INFO: [ app_init ] --END-- [ RunTime:0.000748s ]
ERR: 无法加载模块:Public

[ 2015-10-17T23:40:58+08:00 ] 127.0.0.1 /Public/js/bootstrap-collapse.js
INFO: [ app_init ] --START--
INFO: Run Behavior\BuildLiteBehavior [ RunTime:0.000044s ]
INFO: [ app_init ] --END-- [ RunTime:0.000687s ]
ERR: 无法加载模块:Public

[ 2015-10-17T23:40:58+08:00 ] 127.0.0.1 /Public/js/bootstrap-tooltip.js
INFO: [ app_init ] --START--
INFO: Run Behavior\BuildLiteBehavior [ RunTime:0.000040s ]
INFO: [ app_init ] --END-- [ RunTime:0.000699s ]
ERR: 无法加载模块:Public

[ 2015-10-17T23:40:58+08:00 ] 127.0.0.1 /Public/js/bootstrap-carousel.js
INFO: [ app_init ] --START--
INFO: Run Behavior\BuildLiteBehavior [ RunTime:0.000039s ]
INFO: [ app_init ] --END-- [ RunTime:0.000687s ]
ERR: 无法加载模块:Public

[ 2015-10-17T23:40:58+08:00 ] 127.0.0.1 /Public/js/bootstrap-button.js
INFO: [ app_init ] --START--
INFO: Run Behavior\BuildLiteBehavior [ RunTime:0.000047s ]
INFO: [ app_init ] --END-- [ RunTime:0.000755s ]
ERR: 无法加载模块:Public

[ 2015-10-17T23:40:58+08:00 ] 127.0.0.1 /Public/js/bootstrap-popover.js
INFO: [ app_init ] --START--
INFO: Run Behavior\BuildLiteBehavior [ RunTime:0.000037s ]
INFO: [ app_init ] --END-- [ RunTime:0.000705s ]
ERR: 无法加载模块:Public

[ 2015-10-17T23:40:58+08:00 ] 127.0.0.1 /Public/js/bootstrap-typeahead.js
INFO: [ app_init ] --START--
INFO: Run Behavior\BuildLiteBehavior [ RunTime:0.000050s ]
INFO: [ app_init ] --END-- [ RunTime:0.000872s ]
ERR: 无法加载模块:Public

[ 2015-10-17T23:41:23+08:00 ] 127.0.0.1 /Public/js/bootstrap-modal.js
INFO: [ app_init ] --START--
INFO: Run Behavior\BuildLiteBehavior [ RunTime:0.000027s ]
INFO: [ app_init ] --END-- [ RunTime:0.000452s ]
ERR: 无法加载模块:Public

[ 2015-10-17T23:41:23+08:00 ] 127.0.0.1 /Public/js/bootstrap-scrollspy.js
INFO: [ app_init ] --START--
INFO: Run Behavior\BuildLiteBehavior [ RunTime:0.000043s ]
INFO: [ app_init ] --END-- [ RunTime:0.000726s ]
ERR: 无法加载模块:Public

[ 2015-10-17T23:41:23+08:00 ] 127.0.0.1 /Public/js/bootstrap-dropdown.js
INFO: [ app_init ] --START--
INFO: Run Behavior\BuildLiteBehavior [ RunTime:0.000043s ]
INFO: [ app_init ] --END-- [ RunTime:0.000700s ]
ERR: 无法加载模块:Public

[ 2015-10-17T23:41:23+08:00 ] 127.0.0.1 /Public/js/bootstrap-tooltip.js
INFO: [ app_init ] --START--
INFO: Run Behavior\BuildLiteBehavior [ RunTime:0.000041s ]
INFO: [ app_init ] --END-- [ RunTime:0.000686s ]
ERR: 无法加载模块:Public

[ 2015-10-17T23:41:23+08:00 ] 127.0.0.1 /Public/js/bootstrap-tab.js
INFO: [ app_init ] --START--
INFO: Run Behavior\BuildLiteBehavior [ RunTime:0.000042s ]
INFO: [ app_init ] --END-- [ RunTime:0.000710s ]
ERR: 无法加载模块:Public

[ 2015-10-17T23:41:23+08:00 ] 127.0.0.1 /Public/js/bootstrap-popover.js
INFO: [ app_init ] --START--
INFO: Run Behavior\BuildLiteBehavior [ RunTime:0.000042s ]
INFO: [ app_init ] --END-- [ RunTime:0.000724s ]
ERR: 无法加载模块:Public

[ 2015-10-17T23:41:23+08:00 ] 127.0.0.1 /Public/js/bootstrap-transition.js
INFO: [ app_init ] --START--
INFO: Run Behavior\BuildLiteBehavior [ RunTime:0.000043s ]
INFO: [ app_init ] --END-- [ RunTime:0.000686s ]
ERR: 无法加载模块:Public

[ 2015-10-17T23:41:23+08:00 ] 127.0.0.1 /Public/js/bootstrap-alert.js
INFO: [ app_init ] --START--
INFO: Run Behavior\BuildLiteBehavior [ RunTime:0.000040s ]
INFO: [ app_init ] --END-- [ RunTime:0.000687s ]
ERR: 无法加载模块:Public

[ 2015-10-17T23:41:23+08:00 ] 127.0.0.1 /Public/js/bootstrap-button.js
INFO: [ app_init ] --START--
INFO: Run Behavior\BuildLiteBehavior [ RunTime:0.000041s ]
INFO: [ app_init ] --END-- [ RunTime:0.000684s ]
ERR: 无法加载模块:Public

[ 2015-10-17T23:41:23+08:00 ] 127.0.0.1 /Public/js/bootstrap-carousel.js
INFO: [ app_init ] --START--
INFO: Run Behavior\BuildLiteBehavior [ RunTime:0.000047s ]
INFO: [ app_init ] --END-- [ RunTime:0.000903s ]
ERR: 无法加载模块:Public

[ 2015-10-17T23:41:23+08:00 ] 127.0.0.1 /Public/js/bootstrap-collapse.js
INFO: [ app_init ] --START--
INFO: Run Behavior\BuildLiteBehavior [ RunTime:0.000045s ]
INFO: [ app_init ] --END-- [ RunTime:0.000758s ]
ERR: 无法加载模块:Public

[ 2015-10-17T23:41:23+08:00 ] 127.0.0.1 /Public/js/bootstrap-typeahead.js
INFO: [ app_init ] --START--
INFO: Run Behavior\BuildLiteBehavior [ RunTime:0.000050s ]
INFO: [ app_init ] --END-- [ RunTime:0.000890s ]
ERR: 无法加载模块:Public

[ 2015-10-17T23:41:59+08:00 ] 127.0.0.1 /Public/js/bootstrap-modal.js
INFO: [ app_init ] --START--
INFO: Run Behavior\BuildLiteBehavior [ RunTime:0.000040s ]
INFO: [ app_init ] --END-- [ RunTime:0.000665s ]
ERR: 无法加载模块:Public

[ 2015-10-17T23:41:59+08:00 ] 127.0.0.1 /Public/js/bootstrap-scrollspy.js
INFO: [ app_init ] --START--
INFO: Run Behavior\BuildLiteBehavior [ RunTime:0.000043s ]
INFO: [ app_init ] --END-- [ RunTime:0.000685s ]
ERR: 无法加载模块:Public

[ 2015-10-17T23:41:59+08:00 ] 127.0.0.1 /Public/js/bootstrap-alert.js
INFO: [ app_init ] --START--
INFO: Run Behavior\BuildLiteBehavior [ RunTime:0.000044s ]
INFO: [ app_init ] --END-- [ RunTime:0.000661s ]
ERR: 无法加载模块:Public

[ 2015-10-17T23:41:59+08:00 ] 127.0.0.1 /Public/js/bootstrap-dropdown.js
INFO: [ app_init ] --START--
INFO: Run Behavior\BuildLiteBehavior [ RunTime:0.000044s ]
INFO: [ app_init ] --END-- [ RunTime:0.000767s ]
ERR: 无法加载模块:Public

[ 2015-10-17T23:41:59+08:00 ] 127.0.0.1 /Public/js/bootstrap-transition.js
INFO: [ app_init ] --START--
INFO: Run Behavior\BuildLiteBehavior [ RunTime:0.000040s ]
INFO: [ app_init ] --END-- [ RunTime:0.000708s ]
ERR: 无法加载模块:Public

[ 2015-10-17T23:41:59+08:00 ] 127.0.0.1 /Public/js/bootstrap-tab.js
INFO: [ app_init ] --START--
INFO: Run Behavior\BuildLiteBehavior [ RunTime:0.000047s ]
INFO: [ app_init ] --END-- [ RunTime:0.001148s ]
ERR: 无法加载模块:Public

[ 2015-10-17T23:41:59+08:00 ] 127.0.0.1 /Public/js/bootstrap-popover.js
INFO: [ app_init ] --START--
INFO: Run Behavior\BuildLiteBehavior [ RunTime:0.000041s ]
INFO: [ app_init ] --END-- [ RunTime:0.000699s ]
ERR: 无法加载模块:Public

[ 2015-10-17T23:41:59+08:00 ] 127.0.0.1 /Public/js/bootstrap-tooltip.js
INFO: [ app_init ] --START--
INFO: Run Behavior\BuildLiteBehavior [ RunTime:0.000043s ]
INFO: [ app_init ] --END-- [ RunTime:0.000708s ]
ERR: 无法加载模块:Public

[ 2015-10-17T23:41:59+08:00 ] 127.0.0.1 /Public/js/bootstrap-button.js
INFO: [ app_init ] --START--
INFO: Run Behavior\BuildLiteBehavior [ RunTime:0.000042s ]
INFO: [ app_init ] --END-- [ RunTime:0.000707s ]
ERR: 无法加载模块:Public

[ 2015-10-17T23:41:59+08:00 ] 127.0.0.1 /Public/js/bootstrap-collapse.js
INFO: [ app_init ] --START--
INFO: Run Behavior\BuildLiteBehavior [ RunTime:0.000043s ]
INFO: [ app_init ] --END-- [ RunTime:0.000804s ]
ERR: 无法加载模块:Public

[ 2015-10-17T23:41:59+08:00 ] 127.0.0.1 /Public/js/bootstrap-carousel.js
INFO: [ app_init ] --START--
INFO: Run Behavior\BuildLiteBehavior [ RunTime:0.000038s ]
INFO: [ app_init ] --END-- [ RunTime:0.000731s ]
ERR: 无法加载模块:Public

[ 2015-10-17T23:41:59+08:00 ] 127.0.0.1 /Public/js/bootstrap-typeahead.js
INFO: [ app_init ] --START--
INFO: Run Behavior\BuildLiteBehavior [ RunTime:0.000051s ]
INFO: [ app_init ] --END-- [ RunTime:0.000831s ]
ERR: 无法加载模块:Public

[ 2015-10-17T23:42:00+08:00 ] 127.0.0.1 /Public/js/bootstrap-modal.js
INFO: [ app_init ] --START--
INFO: Run Behavior\BuildLiteBehavior [ RunTime:0.000027s ]
INFO: [ app_init ] --END-- [ RunTime:0.000475s ]
ERR: 无法加载模块:Public

[ 2015-10-17T23:42:00+08:00 ] 127.0.0.1 /Public/js/bootstrap-alert.js
INFO: [ app_init ] --START--
INFO: Run Behavior\BuildLiteBehavior [ RunTime:0.000042s ]
INFO: [ app_init ] --END-- [ RunTime:0.000732s ]
ERR: 无法加载模块:Public

[ 2015-10-17T23:42:00+08:00 ] 127.0.0.1 /Public/js/bootstrap-transition.js
INFO: [ app_init ] --START--
INFO: Run Behavior\BuildLiteBehavior [ RunTime:0.000044s ]
INFO: [ app_init ] --END-- [ RunTime:0.000713s ]
ERR: 无法加载模块:Public

[ 2015-10-17T23:42:00+08:00 ] 127.0.0.1 /Public/js/bootstrap-dropdown.js
INFO: [ app_init ] --START--
INFO: Run Behavior\BuildLiteBehavior [ RunTime:0.000043s ]
INFO: [ app_init ] --END-- [ RunTime:0.000743s ]
ERR: 无法加载模块:Public

[ 2015-10-17T23:42:00+08:00 ] 127.0.0.1 /Public/js/bootstrap-scrollspy.js
INFO: [ app_init ] --START--
INFO: Run Behavior\BuildLiteBehavior [ RunTime:0.000041s ]
INFO: [ app_init ] --END-- [ RunTime:0.000706s ]
ERR: 无法加载模块:Public

[ 2015-10-17T23:42:00+08:00 ] 127.0.0.1 /Public/js/bootstrap-tooltip.js
INFO: [ app_init ] --START--
INFO: Run Behavior\BuildLiteBehavior [ RunTime:0.000042s ]
INFO: [ app_init ] --END-- [ RunTime:0.000706s ]
ERR: 无法加载模块:Public

[ 2015-10-17T23:42:00+08:00 ] 127.0.0.1 /Public/js/bootstrap-tab.js
INFO: [ app_init ] --START--
INFO: Run Behavior\BuildLiteBehavior [ RunTime:0.000058s ]
INFO: [ app_init ] --END-- [ RunTime:0.000772s ]
ERR: 无法加载模块:Public

[ 2015-10-17T23:42:00+08:00 ] 127.0.0.1 /Public/js/bootstrap-typeahead.js
INFO: [ app_init ] --START--
INFO: Run Behavior\BuildLiteBehavior [ RunTime:0.000041s ]
INFO: [ app_init ] --END-- [ RunTime:0.000708s ]
ERR: 无法加载模块:Public

[ 2015-10-17T23:42:00+08:00 ] 127.0.0.1 /Public/js/bootstrap-carousel.js
INFO: [ app_init ] --START--
INFO: Run Behavior\BuildLiteBehavior [ RunTime:0.000038s ]
INFO: [ app_init ] --END-- [ RunTime:0.000671s ]
ERR: 无法加载模块:Public

[ 2015-10-17T23:42:00+08:00 ] 127.0.0.1 /Public/js/bootstrap-collapse.js
INFO: [ app_init ] --START--
INFO: Run Behavior\BuildLiteBehavior [ RunTime:0.000045s ]
INFO: [ app_init ] --END-- [ RunTime:0.000762s ]
ERR: 无法加载模块:Public

[ 2015-10-17T23:42:00+08:00 ] 127.0.0.1 /Public/js/bootstrap-popover.js
INFO: [ app_init ] --START--
INFO: Run Behavior\BuildLiteBehavior [ RunTime:0.000052s ]
INFO: [ app_init ] --END-- [ RunTime:0.000755s ]
ERR: 无法加载模块:Public

[ 2015-10-17T23:42:00+08:00 ] 127.0.0.1 /Public/js/bootstrap-button.js
INFO: [ app_init ] --START--
INFO: Run Behavior\BuildLiteBehavior [ RunTime:0.000043s ]
INFO: [ app_init ] --END-- [ RunTime:0.000738s ]
ERR: 无法加载模块:Public

[ 2015-10-17T23:42:00+08:00 ] 127.0.0.1 /Public/js/bootstrap-alert.js
INFO: [ app_init ] --START--
INFO: Run Behavior\BuildLiteBehavior [ RunTime:0.000044s ]
INFO: [ app_init ] --END-- [ RunTime:0.000704s ]
ERR: 无法加载模块:Public

[ 2015-10-17T23:42:00+08:00 ] 127.0.0.1 /Public/js/bootstrap-modal.js
INFO: [ app_init ] --START--
INFO: Run Behavior\BuildLiteBehavior [ RunTime:0.000041s ]
INFO: [ app_init ] --END-- [ RunTime:0.000709s ]
ERR: 无法加载模块:Public

[ 2015-10-17T23:42:00+08:00 ] 127.0.0.1 /Public/js/bootstrap-transition.js
INFO: [ app_init ] --START--
INFO: Run Behavior\BuildLiteBehavior [ RunTime:0.000043s ]
INFO: [ app_init ] --END-- [ RunTime:0.000736s ]
ERR: 无法加载模块:Public

[ 2015-10-17T23:42:00+08:00 ] 127.0.0.1 /Public/js/bootstrap-scrollspy.js
INFO: [ app_init ] --START--
INFO: Run Behavior\BuildLiteBehavior [ RunTime:0.000047s ]
INFO: [ app_init ] --END-- [ RunTime:0.000788s ]
ERR: 无法加载模块:Public

[ 2015-10-17T23:42:00+08:00 ] 127.0.0.1 /Public/js/bootstrap-tab.js
INFO: [ app_init ] --START--
INFO: Run Behavior\BuildLiteBehavior [ RunTime:0.000044s ]
INFO: [ app_init ] --END-- [ RunTime:0.000755s ]
ERR: 无法加载模块:Public

[ 2015-10-17T23:42:00+08:00 ] 127.0.0.1 /Public/js/bootstrap-tooltip.js
INFO: [ app_init ] --START--
INFO: Run Behavior\BuildLiteBehavior [ RunTime:0.000044s ]
INFO: [ app_init ] --END-- [ RunTime:0.000719s ]
ERR: 无法加载模块:Public

[ 2015-10-17T23:42:00+08:00 ] 127.0.0.1 /Public/js/bootstrap-collapse.js
INFO: [ app_init ] --START--
INFO: Run Behavior\BuildLiteBehavior [ RunTime:0.000042s ]
INFO: [ app_init ] --END-- [ RunTime:0.000720s ]
ERR: 无法加载模块:Public

[ 2015-10-17T23:42:00+08:00 ] 127.0.0.1 /Public/js/bootstrap-button.js
INFO: [ app_init ] --START--
INFO: Run Behavior\BuildLiteBehavior [ RunTime:0.000038s ]
INFO: [ app_init ] --END-- [ RunTime:0.000677s ]
ERR: 无法加载模块:Public

[ 2015-10-17T23:42:00+08:00 ] 127.0.0.1 /Public/js/bootstrap-popover.js
INFO: [ app_init ] --START--
INFO: Run Behavior\BuildLiteBehavior [ RunTime:0.000045s ]
INFO: [ app_init ] --END-- [ RunTime:0.000727s ]
ERR: 无法加载模块:Public

[ 2015-10-17T23:42:00+08:00 ] 127.0.0.1 /Public/js/bootstrap-dropdown.js
INFO: [ app_init ] --START--
INFO: Run Behavior\BuildLiteBehavior [ RunTime:0.000043s ]
INFO: [ app_init ] --END-- [ RunTime:0.000770s ]
ERR: 无法加载模块:Public

[ 2015-10-17T23:42:00+08:00 ] 127.0.0.1 /Public/js/bootstrap-typeahead.js
INFO: [ app_init ] --START--
INFO: Run Behavior\BuildLiteBehavior [ RunTime:0.000043s ]
INFO: [ app_init ] --END-- [ RunTime:0.000683s ]
ERR: 无法加载模块:Public

[ 2015-10-17T23:42:00+08:00 ] 127.0.0.1 /Public/js/bootstrap-carousel.js
INFO: [ app_init ] --START--
INFO: Run Behavior\BuildLiteBehavior [ RunTime:0.000041s ]
INFO: [ app_init ] --END-- [ RunTime:0.000726s ]
ERR: 无法加载模块:Public

[ 2015-10-17T23:42:27+08:00 ] 127.0.0.1 /Public/js/bootstrap-transition.js
INFO: [ app_init ] --START--
INFO: Run Behavior\BuildLiteBehavior [ RunTime:0.000029s ]
INFO: [ app_init ] --END-- [ RunTime:0.000533s ]
ERR: 无法加载模块:Public

[ 2015-10-17T23:42:27+08:00 ] 127.0.0.1 /Public/js/bootstrap-dropdown.js
INFO: [ app_init ] --START--
INFO: Run Behavior\BuildLiteBehavior [ RunTime:0.000040s ]
INFO: [ app_init ] --END-- [ RunTime:0.000732s ]
ERR: 无法加载模块:Public

[ 2015-10-17T23:42:27+08:00 ] 127.0.0.1 /Public/js/bootstrap-modal.js
INFO: [ app_init ] --START--
INFO: Run Behavior\BuildLiteBehavior [ RunTime:0.000042s ]
INFO: [ app_init ] --END-- [ RunTime:0.000743s ]
ERR: 无法加载模块:Public

[ 2015-10-17T23:42:27+08:00 ] 127.0.0.1 /Public/js/bootstrap-alert.js
INFO: [ app_init ] --START--
INFO: Run Behavior\BuildLiteBehavior [ RunTime:0.000042s ]
INFO: [ app_init ] --END-- [ RunTime:0.000763s ]
ERR: 无法加载模块:Public

[ 2015-10-17T23:42:27+08:00 ] 127.0.0.1 /Public/js/bootstrap-scrollspy.js
INFO: [ app_init ] --START--
INFO: Run Behavior\BuildLiteBehavior [ RunTime:0.000039s ]
INFO: [ app_init ] --END-- [ RunTime:0.000736s ]
ERR: 无法加载模块:Public

[ 2015-10-17T23:42:27+08:00 ] 127.0.0.1 /Public/js/bootstrap-tab.js
INFO: [ app_init ] --START--
INFO: Run Behavior\BuildLiteBehavior [ RunTime:0.000043s ]
INFO: [ app_init ] --END-- [ RunTime:0.000764s ]
ERR: 无法加载模块:Public

[ 2015-10-17T23:42:27+08:00 ] 127.0.0.1 /Public/js/bootstrap-tooltip.js
INFO: [ app_init ] --START--
INFO: Run Behavior\BuildLiteBehavior [ RunTime:0.000045s ]
INFO: [ app_init ] --END-- [ RunTime:0.000714s ]
ERR: 无法加载模块:Public

[ 2015-10-17T23:42:27+08:00 ] 127.0.0.1 /Public/js/bootstrap-carousel.js
INFO: [ app_init ] --START--
INFO: Run Behavior\BuildLiteBehavior [ RunTime:0.000043s ]
INFO: [ app_init ] --END-- [ RunTime:0.000887s ]
ERR: 无法加载模块:Public

[ 2015-10-17T23:42:27+08:00 ] 127.0.0.1 /Public/js/bootstrap-collapse.js
INFO: [ app_init ] --START--
INFO: Run Behavior\BuildLiteBehavior [ RunTime:0.000040s ]
INFO: [ app_init ] --END-- [ RunTime:0.000727s ]
ERR: 无法加载模块:Public

[ 2015-10-17T23:42:27+08:00 ] 127.0.0.1 /Public/js/bootstrap-button.js
INFO: [ app_init ] --START--
INFO: Run Behavior\BuildLiteBehavior [ RunTime:0.000043s ]
INFO: [ app_init ] --END-- [ RunTime:0.000719s ]
ERR: 无法加载模块:Public

[ 2015-10-17T23:42:27+08:00 ] 127.0.0.1 /Public/js/bootstrap-typeahead.js
INFO: [ app_init ] --START--
INFO: Run Behavior\BuildLiteBehavior [ RunTime:0.000083s ]
INFO: [ app_init ] --END-- [ RunTime:0.001075s ]
ERR: 无法加载模块:Public

[ 2015-10-17T23:42:27+08:00 ] 127.0.0.1 /Public/js/bootstrap-popover.js
INFO: [ app_init ] --START--
INFO: Run Behavior\BuildLiteBehavior [ RunTime:0.000046s ]
INFO: [ app_init ] --END-- [ RunTime:0.000745s ]
ERR: 无法加载模块:Public

[ 2015-10-17T23:44:37+08:00 ] 127.0.0.1 /Public/js/bootstrap-transition.js
INFO: [ app_init ] --START--
INFO: Run Behavior\BuildLiteBehavior [ RunTime:0.000041s ]
INFO: [ app_init ] --END-- [ RunTime:0.000761s ]
ERR: 无法加载模块:Public

[ 2015-10-17T23:44:37+08:00 ] 127.0.0.1 /Public/js/bootstrap-dropdown.js
INFO: [ app_init ] --START--
INFO: Run Behavior\BuildLiteBehavior [ RunTime:0.000040s ]
INFO: [ app_init ] --END-- [ RunTime:0.000784s ]
ERR: 无法加载模块:Public

[ 2015-10-17T23:44:37+08:00 ] 127.0.0.1 /Public/js/bootstrap-scrollspy.js
INFO: [ app_init ] --START--
INFO: Run Behavior\BuildLiteBehavior [ RunTime:0.000039s ]
INFO: [ app_init ] --END-- [ RunTime:0.000752s ]
ERR: 无法加载模块:Public

[ 2015-10-17T23:44:37+08:00 ] 127.0.0.1 /Public/js/bootstrap-modal.js
INFO: [ app_init ] --START--
INFO: Run Behavior\BuildLiteBehavior [ RunTime:0.000040s ]
INFO: [ app_init ] --END-- [ RunTime:0.000830s ]
ERR: 无法加载模块:Public

[ 2015-10-17T23:44:37+08:00 ] 127.0.0.1 /Public/js/bootstrap-tab.js
INFO: [ app_init ] --START--
INFO: Run Behavior\BuildLiteBehavior [ RunTime:0.000049s ]
INFO: [ app_init ] --END-- [ RunTime:0.000773s ]
ERR: 无法加载模块:Public

[ 2015-10-17T23:44:37+08:00 ] 127.0.0.1 /Public/js/bootstrap-alert.js
INFO: [ app_init ] --START--
INFO: Run Behavior\BuildLiteBehavior [ RunTime:0.000041s ]
INFO: [ app_init ] --END-- [ RunTime:0.000748s ]
ERR: 无法加载模块:Public

[ 2015-10-17T23:44:37+08:00 ] 127.0.0.1 /Public/js/bootstrap-popover.js
INFO: [ app_init ] --START--
INFO: Run Behavior\BuildLiteBehavior [ RunTime:0.000040s ]
INFO: [ app_init ] --END-- [ RunTime:0.000705s ]
ERR: 无法加载模块:Public

[ 2015-10-17T23:44:37+08:00 ] 127.0.0.1 /Public/js/bootstrap-collapse.js
INFO: [ app_init ] --START--
INFO: Run Behavior\BuildLiteBehavior [ RunTime:0.000041s ]
INFO: [ app_init ] --END-- [ RunTime:0.000679s ]
ERR: 无法加载模块:Public

[ 2015-10-17T23:44:37+08:00 ] 127.0.0.1 /Public/js/bootstrap-tooltip.js
INFO: [ app_init ] --START--
INFO: Run Behavior\BuildLiteBehavior [ RunTime:0.000042s ]
INFO: [ app_init ] --END-- [ RunTime:0.000803s ]
ERR: 无法加载模块:Public

[ 2015-10-17T23:44:37+08:00 ] 127.0.0.1 /Public/js/bootstrap-button.js
INFO: [ app_init ] --START--
INFO: Run Behavior\BuildLiteBehavior [ RunTime:0.000042s ]
INFO: [ app_init ] --END-- [ RunTime:0.000697s ]
ERR: 无法加载模块:Public

[ 2015-10-17T23:44:37+08:00 ] 127.0.0.1 /Public/js/bootstrap-typeahead.js
INFO: [ app_init ] --START--
INFO: Run Behavior\BuildLiteBehavior [ RunTime:0.000043s ]
INFO: [ app_init ] --END-- [ RunTime:0.000960s ]
ERR: 无法加载模块:Public

[ 2015-10-17T23:44:37+08:00 ] 127.0.0.1 /Public/js/bootstrap-carousel.js
INFO: [ app_init ] --START--
INFO: Run Behavior\BuildLiteBehavior [ RunTime:0.000047s ]
INFO: [ app_init ] --END-- [ RunTime:0.000831s ]
ERR: 无法加载模块:Public

[ 2015-10-17T23:45:42+08:00 ] 127.0.0.1 /Public/js/bootstrap-transition.js
INFO: [ app_init ] --START--
INFO: Run Behavior\BuildLiteBehavior [ RunTime:0.000047s ]
INFO: [ app_init ] --END-- [ RunTime:0.001288s ]
ERR: 无法加载模块:Public

[ 2015-10-17T23:45:42+08:00 ] 127.0.0.1 /Public/js/bootstrap-tab.js
INFO: [ app_init ] --START--
INFO: Run Behavior\BuildLiteBehavior [ RunTime:0.000043s ]
INFO: [ app_init ] --END-- [ RunTime:0.000728s ]
ERR: 无法加载模块:Public

[ 2015-10-17T23:45:42+08:00 ] 127.0.0.1 /Public/js/bootstrap-scrollspy.js
INFO: [ app_init ] --START--
INFO: Run Behavior\BuildLiteBehavior [ RunTime:0.000038s ]
INFO: [ app_init ] --END-- [ RunTime:0.000717s ]
ERR: 无法加载模块:Public

[ 2015-10-17T23:45:42+08:00 ] 127.0.0.1 /Public/js/bootstrap-alert.js
INFO: [ app_init ] --START--
INFO: Run Behavior\BuildLiteBehavior [ RunTime:0.000045s ]
INFO: [ app_init ] --END-- [ RunTime:0.000732s ]
ERR: 无法加载模块:Public

[ 2015-10-17T23:45:42+08:00 ] 127.0.0.1 /Public/js/bootstrap-modal.js
INFO: [ app_init ] --START--
INFO: Run Behavior\BuildLiteBehavior [ RunTime:0.000041s ]
INFO: [ app_init ] --END-- [ RunTime:0.000720s ]
ERR: 无法加载模块:Public

[ 2015-10-17T23:45:42+08:00 ] 127.0.0.1 /Public/js/bootstrap-collapse.js
INFO: [ app_init ] --START--
INFO: Run Behavior\BuildLiteBehavior [ RunTime:0.000040s ]
INFO: [ app_init ] --END-- [ RunTime:0.000656s ]
ERR: 无法加载模块:Public

[ 2015-10-17T23:45:42+08:00 ] 127.0.0.1 /Public/js/bootstrap-button.js
INFO: [ app_init ] --START--
INFO: Run Behavior\BuildLiteBehavior [ RunTime:0.000041s ]
INFO: [ app_init ] --END-- [ RunTime:0.000682s ]
ERR: 无法加载模块:Public

[ 2015-10-17T23:45:42+08:00 ] 127.0.0.1 /Public/js/bootstrap-popover.js
INFO: [ app_init ] --START--
INFO: Run Behavior\BuildLiteBehavior [ RunTime:0.000042s ]
INFO: [ app_init ] --END-- [ RunTime:0.000689s ]
ERR: 无法加载模块:Public

[ 2015-10-17T23:45:42+08:00 ] 127.0.0.1 /Public/js/bootstrap-tooltip.js
INFO: [ app_init ] --START--
INFO: Run Behavior\BuildLiteBehavior [ RunTime:0.000046s ]
INFO: [ app_init ] --END-- [ RunTime:0.000767s ]
ERR: 无法加载模块:Public

[ 2015-10-17T23:45:42+08:00 ] 127.0.0.1 /Public/js/bootstrap-carousel.js
INFO: [ app_init ] --START--
INFO: Run Behavior\BuildLiteBehavior [ RunTime:0.000044s ]
INFO: [ app_init ] --END-- [ RunTime:0.000734s ]
ERR: 无法加载模块:Public

[ 2015-10-17T23:45:42+08:00 ] 127.0.0.1 /Public/js/bootstrap-typeahead.js
INFO: [ app_init ] --START--
INFO: Run Behavior\BuildLiteBehavior [ RunTime:0.000041s ]
INFO: [ app_init ] --END-- [ RunTime:0.000757s ]
ERR: 无法加载模块:Public

[ 2015-10-17T23:45:42+08:00 ] 127.0.0.1 /Public/js/bootstrap-dropdown.js
INFO: [ app_init ] --START--
INFO: Run Behavior\BuildLiteBehavior [ RunTime:0.000028s ]
INFO: [ app_init ] --END-- [ RunTime:0.000640s ]
ERR: 无法加载模块:Public

[ 2015-10-17T23:46:30+08:00 ] 127.0.0.1 /Public/js/bootstrap-alert.js
INFO: [ app_init ] --START--
INFO: Run Behavior\BuildLiteBehavior [ RunTime:0.000028s ]
INFO: [ app_init ] --END-- [ RunTime:0.000456s ]
ERR: 无法加载模块:Public

[ 2015-10-17T23:46:30+08:00 ] 127.0.0.1 /Public/js/bootstrap-transition.js
INFO: [ app_init ] --START--
INFO: Run Behavior\BuildLiteBehavior [ RunTime:0.000044s ]
INFO: [ app_init ] --END-- [ RunTime:0.000861s ]
ERR: 无法加载模块:Public

[ 2015-10-17T23:46:30+08:00 ] 127.0.0.1 /Public/js/bootstrap-tab.js
INFO: [ app_init ] --START--
INFO: Run Behavior\BuildLiteBehavior [ RunTime:0.000045s ]
INFO: [ app_init ] --END-- [ RunTime:0.000788s ]
ERR: 无法加载模块:Public

[ 2015-10-17T23:46:30+08:00 ] 127.0.0.1 /Public/js/bootstrap-tooltip.js
INFO: [ app_init ] --START--
INFO: Run Behavior\BuildLiteBehavior [ RunTime:0.000040s ]
INFO: [ app_init ] --END-- [ RunTime:0.000683s ]
ERR: 无法加载模块:Public

[ 2015-10-17T23:46:30+08:00 ] 127.0.0.1 /Public/js/bootstrap-scrollspy.js
INFO: [ app_init ] --START--
INFO: Run Behavior\BuildLiteBehavior [ RunTime:0.000045s ]
INFO: [ app_init ] --END-- [ RunTime:0.000697s ]
ERR: 无法加载模块:Public

[ 2015-10-17T23:46:30+08:00 ] 127.0.0.1 /Public/js/bootstrap-dropdown.js
INFO: [ app_init ] --START--
INFO: Run Behavior\BuildLiteBehavior [ RunTime:0.000040s ]
INFO: [ app_init ] --END-- [ RunTime:0.000670s ]
ERR: 无法加载模块:Public

[ 2015-10-17T23:46:30+08:00 ] 127.0.0.1 /Public/js/bootstrap-carousel.js
INFO: [ app_init ] --START--
INFO: Run Behavior\BuildLiteBehavior [ RunTime:0.000042s ]
INFO: [ app_init ] --END-- [ RunTime:0.000669s ]
ERR: 无法加载模块:Public

[ 2015-10-17T23:46:30+08:00 ] 127.0.0.1 /Public/js/bootstrap-collapse.js
INFO: [ app_init ] --START--
INFO: Run Behavior\BuildLiteBehavior [ RunTime:0.000042s ]
INFO: [ app_init ] --END-- [ RunTime:0.000667s ]
ERR: 无法加载模块:Public

[ 2015-10-17T23:46:30+08:00 ] 127.0.0.1 /Public/js/bootstrap-popover.js
INFO: [ app_init ] --START--
INFO: Run Behavior\BuildLiteBehavior [ RunTime:0.000045s ]
INFO: [ app_init ] --END-- [ RunTime:0.000726s ]
ERR: 无法加载模块:Public

[ 2015-10-17T23:46:30+08:00 ] 127.0.0.1 /Public/js/bootstrap-button.js
INFO: [ app_init ] --START--
INFO: Run Behavior\BuildLiteBehavior [ RunTime:0.000045s ]
INFO: [ app_init ] --END-- [ RunTime:0.000771s ]
ERR: 无法加载模块:Public

[ 2015-10-17T23:46:30+08:00 ] 127.0.0.1 /Public/js/bootstrap-modal.js
INFO: [ app_init ] --START--
INFO: Run Behavior\BuildLiteBehavior [ RunTime:0.000048s ]
INFO: [ app_init ] --END-- [ RunTime:0.000712s ]
ERR: 无法加载模块:Public

[ 2015-10-17T23:46:30+08:00 ] 127.0.0.1 /Public/js/bootstrap-typeahead.js
INFO: [ app_init ] --START--
INFO: Run Behavior\BuildLiteBehavior [ RunTime:0.000068s ]
INFO: [ app_init ] --END-- [ RunTime:0.000856s ]
ERR: 无法加载模块:Public

[ 2015-10-17T23:46:49+08:00 ] 127.0.0.1 /Public/js/bootstrap-transition.js
INFO: [ app_init ] --START--
INFO: Run Behavior\BuildLiteBehavior [ RunTime:0.000028s ]
INFO: [ app_init ] --END-- [ RunTime:0.000515s ]
ERR: 无法加载模块:Public

[ 2015-10-17T23:46:49+08:00 ] 127.0.0.1 /Public/js/bootstrap-alert.js
INFO: [ app_init ] --START--
INFO: Run Behavior\BuildLiteBehavior [ RunTime:0.000030s ]
INFO: [ app_init ] --END-- [ RunTime:0.000518s ]
ERR: 无法加载模块:Public

[ 2015-10-17T23:46:49+08:00 ] 127.0.0.1 /Public/js/bootstrap-scrollspy.js
INFO: [ app_init ] --START--
INFO: Run Behavior\BuildLiteBehavior [ RunTime:0.000045s ]
INFO: [ app_init ] --END-- [ RunTime:0.000753s ]
ERR: 无法加载模块:Public

[ 2015-10-17T23:46:49+08:00 ] 127.0.0.1 /Public/js/bootstrap-dropdown.js
INFO: [ app_init ] --START--
INFO: Run Behavior\BuildLiteBehavior [ RunTime:0.000044s ]
INFO: [ app_init ] --END-- [ RunTime:0.000673s ]
ERR: 无法加载模块:Public

[ 2015-10-17T23:46:49+08:00 ] 127.0.0.1 /Public/js/bootstrap-tab.js
INFO: [ app_init ] --START--
INFO: Run Behavior\BuildLiteBehavior [ RunTime:0.000044s ]
INFO: [ app_init ] --END-- [ RunTime:0.000767s ]
ERR: 无法加载模块:Public

[ 2015-10-17T23:46:49+08:00 ] 127.0.0.1 /Public/js/bootstrap-tooltip.js
INFO: [ app_init ] --START--
INFO: Run Behavior\BuildLiteBehavior [ RunTime:0.000046s ]
INFO: [ app_init ] --END-- [ RunTime:0.000738s ]
ERR: 无法加载模块:Public

[ 2015-10-17T23:46:49+08:00 ] 127.0.0.1 /Public/js/bootstrap-modal.js
INFO: [ app_init ] --START--
INFO: Run Behavior\BuildLiteBehavior [ RunTime:0.000041s ]
INFO: [ app_init ] --END-- [ RunTime:0.000748s ]
ERR: 无法加载模块:Public

[ 2015-10-17T23:46:49+08:00 ] 127.0.0.1 /Public/js/bootstrap-button.js
INFO: [ app_init ] --START--
INFO: Run Behavior\BuildLiteBehavior [ RunTime:0.000045s ]
INFO: [ app_init ] --END-- [ RunTime:0.000685s ]
ERR: 无法加载模块:Public

[ 2015-10-17T23:46:49+08:00 ] 127.0.0.1 /Public/js/bootstrap-carousel.js
INFO: [ app_init ] --START--
INFO: Run Behavior\BuildLiteBehavior [ RunTime:0.000043s ]
INFO: [ app_init ] --END-- [ RunTime:0.000754s ]
ERR: 无法加载模块:Public

[ 2015-10-17T23:46:49+08:00 ] 127.0.0.1 /Public/js/bootstrap-popover.js
INFO: [ app_init ] --START--
INFO: Run Behavior\BuildLiteBehavior [ RunTime:0.000049s ]
INFO: [ app_init ] --END-- [ RunTime:0.000991s ]
ERR: 无法加载模块:Public

[ 2015-10-17T23:46:49+08:00 ] 127.0.0.1 /Public/js/bootstrap-typeahead.js
INFO: [ app_init ] --START--
INFO: Run Behavior\BuildLiteBehavior [ RunTime:0.000122s ]
INFO: [ app_init ] --END-- [ RunTime:0.000880s ]
ERR: 无法加载模块:Public

[ 2015-10-17T23:46:49+08:00 ] 127.0.0.1 /Public/js/bootstrap-collapse.js
INFO: [ app_init ] --START--
INFO: Run Behavior\BuildLiteBehavior [ RunTime:0.000041s ]
INFO: [ app_init ] --END-- [ RunTime:0.000804s ]
ERR: 无法加载模块:Public

[ 2015-10-17T23:49:48+08:00 ] 127.0.0.1 /Public/js/bootstrap-alert.js
INFO: [ app_init ] --START--
INFO: Run Behavior\BuildLiteBehavior [ RunTime:0.000043s ]
INFO: [ app_init ] --END-- [ RunTime:0.000761s ]
ERR: 无法加载模块:Public

[ 2015-10-17T23:49:48+08:00 ] 127.0.0.1 /Public/js/bootstrap-transition.js
INFO: [ app_init ] --START--
INFO: Run Behavior\BuildLiteBehavior [ RunTime:0.000041s ]
INFO: [ app_init ] --END-- [ RunTime:0.000689s ]
ERR: 无法加载模块:Public

[ 2015-10-17T23:49:48+08:00 ] 127.0.0.1 /Public/js/bootstrap-scrollspy.js
INFO: [ app_init ] --START--
INFO: Run Behavior\BuildLiteBehavior [ RunTime:0.000044s ]
INFO: [ app_init ] --END-- [ RunTime:0.000784s ]
ERR: 无法加载模块:Public

[ 2015-10-17T23:49:48+08:00 ] 127.0.0.1 /Public/js/bootstrap-dropdown.js
INFO: [ app_init ] --START--
INFO: Run Behavior\BuildLiteBehavior [ RunTime:0.000042s ]
INFO: [ app_init ] --END-- [ RunTime:0.000736s ]
ERR: 无法加载模块:Public

[ 2015-10-17T23:49:48+08:00 ] 127.0.0.1 /Public/js/bootstrap-tooltip.js
INFO: [ app_init ] --START--
INFO: Run Behavior\BuildLiteBehavior [ RunTime:0.000036s ]
INFO: [ app_init ] --END-- [ RunTime:0.000658s ]
ERR: 无法加载模块:Public

[ 2015-10-17T23:49:48+08:00 ] 127.0.0.1 /Public/js/bootstrap-popover.js
INFO: [ app_init ] --START--
INFO: Run Behavior\BuildLiteBehavior [ RunTime:0.000046s ]
INFO: [ app_init ] --END-- [ RunTime:0.000773s ]
ERR: 无法加载模块:Public

[ 2015-10-17T23:49:48+08:00 ] 127.0.0.1 /Public/js/bootstrap-carousel.js
INFO: [ app_init ] --START--
INFO: Run Behavior\BuildLiteBehavior [ RunTime:0.000043s ]
INFO: [ app_init ] --END-- [ RunTime:0.000702s ]
ERR: 无法加载模块:Public

[ 2015-10-17T23:49:48+08:00 ] 127.0.0.1 /Public/js/bootstrap-typeahead.js
INFO: [ app_init ] --START--
INFO: Run Behavior\BuildLiteBehavior [ RunTime:0.000040s ]
INFO: [ app_init ] --END-- [ RunTime:0.000680s ]
ERR: 无法加载模块:Public

[ 2015-10-17T23:49:48+08:00 ] 127.0.0.1 /Public/js/bootstrap-button.js
INFO: [ app_init ] --START--
INFO: Run Behavior\BuildLiteBehavior [ RunTime:0.000039s ]
INFO: [ app_init ] --END-- [ RunTime:0.000678s ]
ERR: 无法加载模块:Public

[ 2015-10-17T23:49:48+08:00 ] 127.0.0.1 /Public/js/bootstrap-modal.js
INFO: [ app_init ] --START--
INFO: Run Behavior\BuildLiteBehavior [ RunTime:0.000044s ]
INFO: [ app_init ] --END-- [ RunTime:0.000748s ]
ERR: 无法加载模块:Public

[ 2015-10-17T23:49:48+08:00 ] 127.0.0.1 /Public/js/bootstrap-tab.js
INFO: [ app_init ] --START--
INFO: Run Behavior\BuildLiteBehavior [ RunTime:0.000042s ]
INFO: [ app_init ] --END-- [ RunTime:0.000865s ]
ERR: 无法加载模块:Public

[ 2015-10-17T23:49:48+08:00 ] 127.0.0.1 /Public/js/bootstrap-collapse.js
INFO: [ app_init ] --START--
INFO: Run Behavior\BuildLiteBehavior [ RunTime:0.000047s ]
INFO: [ app_init ] --END-- [ RunTime:0.001160s ]
ERR: 无法加载模块:Public

[ 2015-10-17T23:54:02+08:00 ] 127.0.0.1 /assets/flash/ZeroClipboard.swf?noCache=1445097242732
INFO: [ app_init ] --START--
INFO: Run Behavior\BuildLiteBehavior [ RunTime:0.000053s ]
INFO: [ app_init ] --END-- [ RunTime:0.001181s ]
ERR: 无法加载模块:Assets

